[0.013s] Invoking command in '/home/humble/ros2_control/build/my_robot_hardware': CMAKE_PREFIX_PATH=/opt/ros/humble /usr/bin/cmake --build /home/humble/ros2_control/build/my_robot_hardware -- -j16 -l16
[0.055s] [35m[1mConsolidate compiler generated dependencies of target my_robot_hardware[0m
[0.069s] [ 50%] [32mBuilding CXX object CMakeFiles/my_robot_hardware.dir/src/mobile_base_hardware_interface.cpp.o[0m
[0.614s] [01m[K/home/humble/ros2_control/src/my_robot_hardware/src/mobile_base_hardware_interface.cpp:[m[K In member function ‘[01m[Kvirtual hardware_interface::CallbackReturn mobile_base_hardware::MobileBaseHardwareInterface::on_init(const hardware_interface::HardwareInfo&)[m[K’:
[0.615s] [01m[K/home/humble/ros2_control/src/my_robot_hardware/src/mobile_base_hardware_interface.cpp:23:19:[m[K [01;31m[Kerror: [m[K‘[01m[Kclass std::unordered_map<std::__cxx11::basic_string<char>, double>[m[K’ has no member named ‘[01m[Kresize[m[K’; did you mean ‘[01m[Ksize[m[K’?
[0.615s]    23 |     hw_positions_.[01;31m[Kresize[m[K(info_.joints.size(), 0.0);
[0.615s]       |                   [01;31m[K^~~~~~[m[K
[0.615s]       |                   [32m[Ksize[m[K
[0.615s] [01m[K/home/humble/ros2_control/src/my_robot_hardware/src/mobile_base_hardware_interface.cpp:24:20:[m[K [01;31m[Kerror: [m[K‘[01m[Kclass std::unordered_map<std::__cxx11::basic_string<char>, double>[m[K’ has no member named ‘[01m[Kresize[m[K’; did you mean ‘[01m[Ksize[m[K’?
[0.615s]    24 |     hw_velocities_.[01;31m[Kresize[m[K(info_.joints.size(), 0.0);
[0.615s]       |                    [01;31m[K^~~~~~[m[K
[0.615s]       |                    [32m[Ksize[m[K
[0.615s] [01m[K/home/humble/ros2_control/src/my_robot_hardware/src/mobile_base_hardware_interface.cpp:25:18:[m[K [01;31m[Kerror: [m[K‘[01m[Kclass std::unordered_map<std::__cxx11::basic_string<char>, double>[m[K’ has no member named ‘[01m[Kresize[m[K’; did you mean ‘[01m[Ksize[m[K’?
[0.615s]    25 |     hw_commands_.[01;31m[Kresize[m[K(info_.joints.size(), 0.0);
[0.615s]       |                  [01;31m[K^~~~~~[m[K
[0.615s]       |                  [32m[Ksize[m[K
[0.619s] [01m[K/home/humble/ros2_control/src/my_robot_hardware/src/mobile_base_hardware_interface.cpp:32:9:[m[K [01;31m[Kerror: [m[K‘[01m[Kstate_interfaces_[m[K’ was not declared in this scope; did you mean ‘[01m[KSystemInterface[m[K’?
[0.619s]    32 |         [01;31m[Kstate_interfaces_[m[K.emplace_back(
[0.619s]       |         [01;31m[K^~~~~~~~~~~~~~~~~[m[K
[0.619s]       |         [32m[KSystemInterface[m[K
[0.619s] [01m[K/home/humble/ros2_control/src/my_robot_hardware/src/mobile_base_hardware_interface.cpp:35:37:[m[K [01;31m[Kerror: [m[K‘[01m[KHW_IF_POSITION[m[K’ is not a member of ‘[01m[Khardware_interface[m[K’
[0.619s]    35 |                 hardware_interface::[01;31m[KHW_IF_POSITION[m[K,
[0.619s]       |                                     [01;31m[K^~~~~~~~~~~~~~[m[K
[0.620s] [01m[K/home/humble/ros2_control/src/my_robot_hardware/src/mobile_base_hardware_interface.cpp:36:31:[m[K [01;31m[Kerror: [m[Kno match for ‘[01m[Koperator[][m[K’ (operand types are ‘[01m[Kstd::unordered_map<std::__cxx11::basic_string<char>, double>[m[K’ and ‘[01m[Ksize_t[m[K’ {aka ‘[01m[Klong unsigned int[m[K’})
[0.620s]    36 |                 &hw_positions_[01;31m[K[[m[Ki]
[0.620s]       |                               [01;31m[K^[m[K
[0.620s] In file included from [01m[K/usr/include/c++/11/unordered_map:47[m[K,
[0.620s]                  from [01m[K/opt/ros/humble/include/hardware_interface/hardware_info.hpp:19[m[K,
[0.620s]                  from [01m[K/opt/ros/humble/include/hardware_interface/system_interface.hpp:23[m[K,
[0.620s]                  from [01m[K/home/humble/ros2_control/src/my_robot_hardware/include/my_robot_hardware/mobile_base_hardware_interface.hpp:4[m[K,
[0.620s]                  from [01m[K/home/humble/ros2_control/src/my_robot_hardware/src/mobile_base_hardware_interface.cpp:1[m[K:
[0.620s] [01m[K/usr/include/c++/11/bits/unordered_map.h:979:7:[m[K [01;36m[Knote: [m[Kcandidate: ‘[01m[Kstd::unordered_map<_Key, _Tp, _Hash, _Pred, _Alloc>::mapped_type& std::unordered_map<_Key, _Tp, _Hash, _Pred, _Alloc>::operator[](const key_type&) [with _Key = std::__cxx11::basic_string<char>; _Tp = double; _Hash = std::hash<std::__cxx11::basic_string<char> >; _Pred = std::equal_to<std::__cxx11::basic_string<char> >; _Alloc = std::allocator<std::pair<const std::__cxx11::basic_string<char>, double> >; std::unordered_map<_Key, _Tp, _Hash, _Pred, _Alloc>::mapped_type = double; std::unordered_map<_Key, _Tp, _Hash, _Pred, _Alloc>::key_type = std::__cxx11::basic_string<char>][m[K’
[0.620s]   979 |       [01;36m[Koperator[m[K[](const key_type& __k)
[0.620s]       |       [01;36m[K^~~~~~~~[m[K
[0.620s] [01m[K/usr/include/c++/11/bits/unordered_map.h:979:34:[m[K [01;36m[Knote: [m[K  no known conversion for argument 1 from ‘[01m[Ksize_t[m[K’ {aka ‘[01m[Klong unsigned int[m[K’} to ‘[01m[Kconst key_type&[m[K’ {aka ‘[01m[Kconst std::__cxx11::basic_string<char>&[m[K’}
[0.621s]   979 |       operator[]([01;36m[Kconst key_type& __k[m[K)
[0.621s]       |                  [01;36m[K~~~~~~~~~~~~~~~~^~~[m[K
[0.621s] [01m[K/usr/include/c++/11/bits/unordered_map.h:983:7:[m[K [01;36m[Knote: [m[Kcandidate: ‘[01m[Kstd::unordered_map<_Key, _Tp, _Hash, _Pred, _Alloc>::mapped_type& std::unordered_map<_Key, _Tp, _Hash, _Pred, _Alloc>::operator[](std::unordered_map<_Key, _Tp, _Hash, _Pred, _Alloc>::key_type&&) [with _Key = std::__cxx11::basic_string<char>; _Tp = double; _Hash = std::hash<std::__cxx11::basic_string<char> >; _Pred = std::equal_to<std::__cxx11::basic_string<char> >; _Alloc = std::allocator<std::pair<const std::__cxx11::basic_string<char>, double> >; std::unordered_map<_Key, _Tp, _Hash, _Pred, _Alloc>::mapped_type = double; std::unordered_map<_Key, _Tp, _Hash, _Pred, _Alloc>::key_type = std::__cxx11::basic_string<char>][m[K’
[0.621s]   983 |       [01;36m[Koperator[m[K[](key_type&& __k)
[0.621s]       |       [01;36m[K^~~~~~~~[m[K
[0.621s] [01m[K/usr/include/c++/11/bits/unordered_map.h:983:29:[m[K [01;36m[Knote: [m[K  no known conversion for argument 1 from ‘[01m[Ksize_t[m[K’ {aka ‘[01m[Klong unsigned int[m[K’} to ‘[01m[Kstd::unordered_map<std::__cxx11::basic_string<char>, double>::key_type&&[m[K’ {aka ‘[01m[Kstd::__cxx11::basic_string<char>&&[m[K’}
[0.621s]   983 |       operator[]([01;36m[Kkey_type&& __k[m[K)
[0.621s]       |                  [01;36m[K~~~~~~~~~~~^~~[m[K
[0.621s] [01m[K/home/humble/ros2_control/src/my_robot_hardware/src/mobile_base_hardware_interface.cpp:44:37:[m[K [01;31m[Kerror: [m[K‘[01m[KHW_IF_VELOCITY[m[K’ is not a member of ‘[01m[Khardware_interface[m[K’
[0.621s]    44 |                 hardware_interface::[01;31m[KHW_IF_VELOCITY[m[K,
[0.621s]       |                                     [01;31m[K^~~~~~~~~~~~~~[m[K
[0.621s] [01m[K/home/humble/ros2_control/src/my_robot_hardware/src/mobile_base_hardware_interface.cpp:45:32:[m[K [01;31m[Kerror: [m[Kno match for ‘[01m[Koperator[][m[K’ (operand types are ‘[01m[Kstd::unordered_map<std::__cxx11::basic_string<char>, double>[m[K’ and ‘[01m[Ksize_t[m[K’ {aka ‘[01m[Klong unsigned int[m[K’})
[0.621s]    45 |                 &hw_velocities_[01;31m[K[[m[Ki]
[0.621s]       |                                [01;31m[K^[m[K
[0.621s] In file included from [01m[K/usr/include/c++/11/unordered_map:47[m[K,
[0.621s]                  from [01m[K/opt/ros/humble/include/hardware_interface/hardware_info.hpp:19[m[K,
[0.621s]                  from [01m[K/opt/ros/humble/include/hardware_interface/system_interface.hpp:23[m[K,
[0.621s]                  from [01m[K/home/humble/ros2_control/src/my_robot_hardware/include/my_robot_hardware/mobile_base_hardware_interface.hpp:4[m[K,
[0.622s]                  from [01m[K/home/humble/ros2_control/src/my_robot_hardware/src/mobile_base_hardware_interface.cpp:1[m[K:
[0.622s] [01m[K/usr/include/c++/11/bits/unordered_map.h:979:7:[m[K [01;36m[Knote: [m[Kcandidate: ‘[01m[Kstd::unordered_map<_Key, _Tp, _Hash, _Pred, _Alloc>::mapped_type& std::unordered_map<_Key, _Tp, _Hash, _Pred, _Alloc>::operator[](const key_type&) [with _Key = std::__cxx11::basic_string<char>; _Tp = double; _Hash = std::hash<std::__cxx11::basic_string<char> >; _Pred = std::equal_to<std::__cxx11::basic_string<char> >; _Alloc = std::allocator<std::pair<const std::__cxx11::basic_string<char>, double> >; std::unordered_map<_Key, _Tp, _Hash, _Pred, _Alloc>::mapped_type = double; std::unordered_map<_Key, _Tp, _Hash, _Pred, _Alloc>::key_type = std::__cxx11::basic_string<char>][m[K’
[0.622s]   979 |       [01;36m[Koperator[m[K[](const key_type& __k)
[0.622s]       |       [01;36m[K^~~~~~~~[m[K
[0.622s] [01m[K/usr/include/c++/11/bits/unordered_map.h:979:34:[m[K [01;36m[Knote: [m[K  no known conversion for argument 1 from ‘[01m[Ksize_t[m[K’ {aka ‘[01m[Klong unsigned int[m[K’} to ‘[01m[Kconst key_type&[m[K’ {aka ‘[01m[Kconst std::__cxx11::basic_string<char>&[m[K’}
[0.622s]   979 |       operator[]([01;36m[Kconst key_type& __k[m[K)
[0.622s]       |                  [01;36m[K~~~~~~~~~~~~~~~~^~~[m[K
[0.622s] [01m[K/usr/include/c++/11/bits/unordered_map.h:983:7:[m[K [01;36m[Knote: [m[Kcandidate: ‘[01m[Kstd::unordered_map<_Key, _Tp, _Hash, _Pred, _Alloc>::mapped_type& std::unordered_map<_Key, _Tp, _Hash, _Pred, _Alloc>::operator[](std::unordered_map<_Key, _Tp, _Hash, _Pred, _Alloc>::key_type&&) [with _Key = std::__cxx11::basic_string<char>; _Tp = double; _Hash = std::hash<std::__cxx11::basic_string<char> >; _Pred = std::equal_to<std::__cxx11::basic_string<char> >; _Alloc = std::allocator<std::pair<const std::__cxx11::basic_string<char>, double> >; std::unordered_map<_Key, _Tp, _Hash, _Pred, _Alloc>::mapped_type = double; std::unordered_map<_Key, _Tp, _Hash, _Pred, _Alloc>::key_type = std::__cxx11::basic_string<char>][m[K’
[0.622s]   983 |       [01;36m[Koperator[m[K[](key_type&& __k)
[0.622s]       |       [01;36m[K^~~~~~~~[m[K
[0.622s] [01m[K/usr/include/c++/11/bits/unordered_map.h:983:29:[m[K [01;36m[Knote: [m[K  no known conversion for argument 1 from ‘[01m[Ksize_t[m[K’ {aka ‘[01m[Klong unsigned int[m[K’} to ‘[01m[Kstd::unordered_map<std::__cxx11::basic_string<char>, double>::key_type&&[m[K’ {aka ‘[01m[Kstd::__cxx11::basic_string<char>&&[m[K’}
[0.622s]   983 |       operator[]([01;36m[Kkey_type&& __k[m[K)
[0.622s]       |                  [01;36m[K~~~~~~~~~~~^~~[m[K
[0.625s] [01m[K/home/humble/ros2_control/src/my_robot_hardware/src/mobile_base_hardware_interface.cpp:50:9:[m[K [01;31m[Kerror: [m[K‘[01m[Kcommand_interfaces_[m[K’ was not declared in this scope; did you mean ‘[01m[Kexport_command_interfaces[m[K’?
[0.625s]    50 |         [01;31m[Kcommand_interfaces_[m[K.emplace_back(
[0.625s]       |         [01;31m[K^~~~~~~~~~~~~~~~~~~[m[K
[0.625s]       |         [32m[Kexport_command_interfaces[m[K
[0.625s] [01m[K/home/humble/ros2_control/src/my_robot_hardware/src/mobile_base_hardware_interface.cpp:53:37:[m[K [01;31m[Kerror: [m[K‘[01m[KHW_IF_VELOCITY[m[K’ is not a member of ‘[01m[Khardware_interface[m[K’
[0.625s]    53 |                 hardware_interface::[01;31m[KHW_IF_VELOCITY[m[K,
[0.625s]       |                                     [01;31m[K^~~~~~~~~~~~~~[m[K
[0.625s] [01m[K/home/humble/ros2_control/src/my_robot_hardware/src/mobile_base_hardware_interface.cpp:54:30:[m[K [01;31m[Kerror: [m[Kno match for ‘[01m[Koperator[][m[K’ (operand types are ‘[01m[Kstd::unordered_map<std::__cxx11::basic_string<char>, double>[m[K’ and ‘[01m[Ksize_t[m[K’ {aka ‘[01m[Klong unsigned int[m[K’})
[0.625s]    54 |                 &hw_commands_[01;31m[K[[m[Ki]
[0.625s]       |                              [01;31m[K^[m[K
[0.625s] In file included from [01m[K/usr/include/c++/11/unordered_map:47[m[K,
[0.625s]                  from [01m[K/opt/ros/humble/include/hardware_interface/hardware_info.hpp:19[m[K,
[0.625s]                  from [01m[K/opt/ros/humble/include/hardware_interface/system_interface.hpp:23[m[K,
[0.625s]                  from [01m[K/home/humble/ros2_control/src/my_robot_hardware/include/my_robot_hardware/mobile_base_hardware_interface.hpp:4[m[K,
[0.625s]                  from [01m[K/home/humble/ros2_control/src/my_robot_hardware/src/mobile_base_hardware_interface.cpp:1[m[K:
[0.626s] [01m[K/usr/include/c++/11/bits/unordered_map.h:979:7:[m[K [01;36m[Knote: [m[Kcandidate: ‘[01m[Kstd::unordered_map<_Key, _Tp, _Hash, _Pred, _Alloc>::mapped_type& std::unordered_map<_Key, _Tp, _Hash, _Pred, _Alloc>::operator[](const key_type&) [with _Key = std::__cxx11::basic_string<char>; _Tp = double; _Hash = std::hash<std::__cxx11::basic_string<char> >; _Pred = std::equal_to<std::__cxx11::basic_string<char> >; _Alloc = std::allocator<std::pair<const std::__cxx11::basic_string<char>, double> >; std::unordered_map<_Key, _Tp, _Hash, _Pred, _Alloc>::mapped_type = double; std::unordered_map<_Key, _Tp, _Hash, _Pred, _Alloc>::key_type = std::__cxx11::basic_string<char>][m[K’
[0.626s]   979 |       [01;36m[Koperator[m[K[](const key_type& __k)
[0.626s]       |       [01;36m[K^~~~~~~~[m[K
[0.626s] [01m[K/usr/include/c++/11/bits/unordered_map.h:979:34:[m[K [01;36m[Knote: [m[K  no known conversion for argument 1 from ‘[01m[Ksize_t[m[K’ {aka ‘[01m[Klong unsigned int[m[K’} to ‘[01m[Kconst key_type&[m[K’ {aka ‘[01m[Kconst std::__cxx11::basic_string<char>&[m[K’}
[0.626s]   979 |       operator[]([01;36m[Kconst key_type& __k[m[K)
[0.626s]       |                  [01;36m[K~~~~~~~~~~~~~~~~^~~[m[K
[0.626s] [01m[K/usr/include/c++/11/bits/unordered_map.h:983:7:[m[K [01;36m[Knote: [m[Kcandidate: ‘[01m[Kstd::unordered_map<_Key, _Tp, _Hash, _Pred, _Alloc>::mapped_type& std::unordered_map<_Key, _Tp, _Hash, _Pred, _Alloc>::operator[](std::unordered_map<_Key, _Tp, _Hash, _Pred, _Alloc>::key_type&&) [with _Key = std::__cxx11::basic_string<char>; _Tp = double; _Hash = std::hash<std::__cxx11::basic_string<char> >; _Pred = std::equal_to<std::__cxx11::basic_string<char> >; _Alloc = std::allocator<std::pair<const std::__cxx11::basic_string<char>, double> >; std::unordered_map<_Key, _Tp, _Hash, _Pred, _Alloc>::mapped_type = double; std::unordered_map<_Key, _Tp, _Hash, _Pred, _Alloc>::key_type = std::__cxx11::basic_string<char>][m[K’
[0.626s]   983 |       [01;36m[Koperator[m[K[](key_type&& __k)
[0.626s]       |       [01;36m[K^~~~~~~~[m[K
[0.626s] [01m[K/usr/include/c++/11/bits/unordered_map.h:983:29:[m[K [01;36m[Knote: [m[K  no known conversion for argument 1 from ‘[01m[Ksize_t[m[K’ {aka ‘[01m[Klong unsigned int[m[K’} to ‘[01m[Kstd::unordered_map<std::__cxx11::basic_string<char>, double>::key_type&&[m[K’ {aka ‘[01m[Kstd::__cxx11::basic_string<char>&&[m[K’}
[0.626s]   983 |       operator[]([01;36m[Kkey_type&& __k[m[K)
[0.626s]       |                  [01;36m[K~~~~~~~~~~~^~~[m[K
[0.626s] [01m[K/home/humble/ros2_control/src/my_robot_hardware/src/mobile_base_hardware_interface.cpp:[m[K In member function ‘[01m[Kvirtual hardware_interface::CallbackReturn mobile_base_hardware::MobileBaseHardwareInterface::on_activate(const rclcpp_lifecycle::State&)[m[K’:
[0.626s] [01m[K/home/humble/ros2_control/src/my_robot_hardware/src/mobile_base_hardware_interface.cpp:80:22:[m[K [01;31m[Kerror: [m[Kno match for ‘[01m[Koperator[][m[K’ (operand types are ‘[01m[Kstd::unordered_map<std::__cxx11::basic_string<char>, double>[m[K’ and ‘[01m[Ksize_t[m[K’ {aka ‘[01m[Klong unsigned int[m[K’})
[0.626s]    80 |         hw_positions_[01;31m[K[[m[Ki] = 0.0;
[0.626s]       |                      [01;31m[K^[m[K
[0.626s] In file included from [01m[K/usr/include/c++/11/unordered_map:47[m[K,
[0.627s]                  from [01m[K/opt/ros/humble/include/hardware_interface/hardware_info.hpp:19[m[K,
[0.627s]                  from [01m[K/opt/ros/humble/include/hardware_interface/system_interface.hpp:23[m[K,
[0.627s]                  from [01m[K/home/humble/ros2_control/src/my_robot_hardware/include/my_robot_hardware/mobile_base_hardware_interface.hpp:4[m[K,
[0.627s]                  from [01m[K/home/humble/ros2_control/src/my_robot_hardware/src/mobile_base_hardware_interface.cpp:1[m[K:
[0.627s] [01m[K/usr/include/c++/11/bits/unordered_map.h:979:7:[m[K [01;36m[Knote: [m[Kcandidate: ‘[01m[Kstd::unordered_map<_Key, _Tp, _Hash, _Pred, _Alloc>::mapped_type& std::unordered_map<_Key, _Tp, _Hash, _Pred, _Alloc>::operator[](const key_type&) [with _Key = std::__cxx11::basic_string<char>; _Tp = double; _Hash = std::hash<std::__cxx11::basic_string<char> >; _Pred = std::equal_to<std::__cxx11::basic_string<char> >; _Alloc = std::allocator<std::pair<const std::__cxx11::basic_string<char>, double> >; std::unordered_map<_Key, _Tp, _Hash, _Pred, _Alloc>::mapped_type = double; std::unordered_map<_Key, _Tp, _Hash, _Pred, _Alloc>::key_type = std::__cxx11::basic_string<char>][m[K’
[0.627s]   979 |       [01;36m[Koperator[m[K[](const key_type& __k)
[0.627s]       |       [01;36m[K^~~~~~~~[m[K
[0.627s] [01m[K/usr/include/c++/11/bits/unordered_map.h:979:34:[m[K [01;36m[Knote: [m[K  no known conversion for argument 1 from ‘[01m[Ksize_t[m[K’ {aka ‘[01m[Klong unsigned int[m[K’} to ‘[01m[Kconst key_type&[m[K’ {aka ‘[01m[Kconst std::__cxx11::basic_string<char>&[m[K’}
[0.627s]   979 |       operator[]([01;36m[Kconst key_type& __k[m[K)
[0.627s]       |                  [01;36m[K~~~~~~~~~~~~~~~~^~~[m[K
[0.628s] [01m[K/usr/include/c++/11/bits/unordered_map.h:983:7:[m[K [01;36m[Knote: [m[Kcandidate: ‘[01m[Kstd::unordered_map<_Key, _Tp, _Hash, _Pred, _Alloc>::mapped_type& std::unordered_map<_Key, _Tp, _Hash, _Pred, _Alloc>::operator[](std::unordered_map<_Key, _Tp, _Hash, _Pred, _Alloc>::key_type&&) [with _Key = std::__cxx11::basic_string<char>; _Tp = double; _Hash = std::hash<std::__cxx11::basic_string<char> >; _Pred = std::equal_to<std::__cxx11::basic_string<char> >; _Alloc = std::allocator<std::pair<const std::__cxx11::basic_string<char>, double> >; std::unordered_map<_Key, _Tp, _Hash, _Pred, _Alloc>::mapped_type = double; std::unordered_map<_Key, _Tp, _Hash, _Pred, _Alloc>::key_type = std::__cxx11::basic_string<char>][m[K’
[0.628s]   983 |       [01;36m[Koperator[m[K[](key_type&& __k)
[0.628s]       |       [01;36m[K^~~~~~~~[m[K
[0.628s] [01m[K/usr/include/c++/11/bits/unordered_map.h:983:29:[m[K [01;36m[Knote: [m[K  no known conversion for argument 1 from ‘[01m[Ksize_t[m[K’ {aka ‘[01m[Klong unsigned int[m[K’} to ‘[01m[Kstd::unordered_map<std::__cxx11::basic_string<char>, double>::key_type&&[m[K’ {aka ‘[01m[Kstd::__cxx11::basic_string<char>&&[m[K’}
[0.628s]   983 |       operator[]([01;36m[Kkey_type&& __k[m[K)
[0.628s]       |                  [01;36m[K~~~~~~~~~~~^~~[m[K
[0.628s] [01m[K/home/humble/ros2_control/src/my_robot_hardware/src/mobile_base_hardware_interface.cpp:81:23:[m[K [01;31m[Kerror: [m[Kno match for ‘[01m[Koperator[][m[K’ (operand types are ‘[01m[Kstd::unordered_map<std::__cxx11::basic_string<char>, double>[m[K’ and ‘[01m[Ksize_t[m[K’ {aka ‘[01m[Klong unsigned int[m[K’})
[0.628s]    81 |         hw_velocities_[01;31m[K[[m[Ki] = 0.0;
[0.628s]       |                       [01;31m[K^[m[K
[0.628s] In file included from [01m[K/usr/include/c++/11/unordered_map:47[m[K,
[0.628s]                  from [01m[K/opt/ros/humble/include/hardware_interface/hardware_info.hpp:19[m[K,
[0.628s]                  from [01m[K/opt/ros/humble/include/hardware_interface/system_interface.hpp:23[m[K,
[0.628s]                  from [01m[K/home/humble/ros2_control/src/my_robot_hardware/include/my_robot_hardware/mobile_base_hardware_interface.hpp:4[m[K,
[0.628s]                  from [01m[K/home/humble/ros2_control/src/my_robot_hardware/src/mobile_base_hardware_interface.cpp:1[m[K:
[0.628s] [01m[K/usr/include/c++/11/bits/unordered_map.h:979:7:[m[K [01;36m[Knote: [m[Kcandidate: ‘[01m[Kstd::unordered_map<_Key, _Tp, _Hash, _Pred, _Alloc>::mapped_type& std::unordered_map<_Key, _Tp, _Hash, _Pred, _Alloc>::operator[](const key_type&) [with _Key = std::__cxx11::basic_string<char>; _Tp = double; _Hash = std::hash<std::__cxx11::basic_string<char> >; _Pred = std::equal_to<std::__cxx11::basic_string<char> >; _Alloc = std::allocator<std::pair<const std::__cxx11::basic_string<char>, double> >; std::unordered_map<_Key, _Tp, _Hash, _Pred, _Alloc>::mapped_type = double; std::unordered_map<_Key, _Tp, _Hash, _Pred, _Alloc>::key_type = std::__cxx11::basic_string<char>][m[K’
[0.628s]   979 |       [01;36m[Koperator[m[K[](const key_type& __k)
[0.628s]       |       [01;36m[K^~~~~~~~[m[K
[0.628s] [01m[K/usr/include/c++/11/bits/unordered_map.h:979:34:[m[K [01;36m[Knote: [m[K  no known conversion for argument 1 from ‘[01m[Ksize_t[m[K’ {aka ‘[01m[Klong unsigned int[m[K’} to ‘[01m[Kconst key_type&[m[K’ {aka ‘[01m[Kconst std::__cxx11::basic_string<char>&[m[K’}
[0.628s]   979 |       operator[]([01;36m[Kconst key_type& __k[m[K)
[0.628s]       |                  [01;36m[K~~~~~~~~~~~~~~~~^~~[m[K
[0.629s] [01m[K/usr/include/c++/11/bits/unordered_map.h:983:7:[m[K [01;36m[Knote: [m[Kcandidate: ‘[01m[Kstd::unordered_map<_Key, _Tp, _Hash, _Pred, _Alloc>::mapped_type& std::unordered_map<_Key, _Tp, _Hash, _Pred, _Alloc>::operator[](std::unordered_map<_Key, _Tp, _Hash, _Pred, _Alloc>::key_type&&) [with _Key = std::__cxx11::basic_string<char>; _Tp = double; _Hash = std::hash<std::__cxx11::basic_string<char> >; _Pred = std::equal_to<std::__cxx11::basic_string<char> >; _Alloc = std::allocator<std::pair<const std::__cxx11::basic_string<char>, double> >; std::unordered_map<_Key, _Tp, _Hash, _Pred, _Alloc>::mapped_type = double; std::unordered_map<_Key, _Tp, _Hash, _Pred, _Alloc>::key_type = std::__cxx11::basic_string<char>][m[K’
[0.629s]   983 |       [01;36m[Koperator[m[K[](key_type&& __k)
[0.629s]       |       [01;36m[K^~~~~~~~[m[K
[0.629s] [01m[K/usr/include/c++/11/bits/unordered_map.h:983:29:[m[K [01;36m[Knote: [m[K  no known conversion for argument 1 from ‘[01m[Ksize_t[m[K’ {aka ‘[01m[Klong unsigned int[m[K’} to ‘[01m[Kstd::unordered_map<std::__cxx11::basic_string<char>, double>::key_type&&[m[K’ {aka ‘[01m[Kstd::__cxx11::basic_string<char>&&[m[K’}
[0.629s]   983 |       operator[]([01;36m[Kkey_type&& __k[m[K)
[0.629s]       |                  [01;36m[K~~~~~~~~~~~^~~[m[K
[0.629s] [01m[K/home/humble/ros2_control/src/my_robot_hardware/src/mobile_base_hardware_interface.cpp:[m[K In member function ‘[01m[Kvirtual hardware_interface::return_type mobile_base_hardware::MobileBaseHardwareInterface::read(const rclcpp::Time&, const rclcpp::Duration&)[m[K’:
[0.629s] [01m[K/home/humble/ros2_control/src/my_robot_hardware/src/mobile_base_hardware_interface.cpp:116:27:[m[K [01;31m[Kerror: [m[Kno match for ‘[01m[Koperator[][m[K’ (operand types are ‘[01m[Kstd::unordered_map<std::__cxx11::basic_string<char>, double>[m[K’ and ‘[01m[Ksize_t[m[K’ {aka ‘[01m[Klong unsigned int[m[K’})
[0.629s]   116 |             hw_velocities_[01;31m[K[[m[Ki] = left_vel;
[0.629s]       |                           [01;31m[K^[m[K
[0.629s] In file included from [01m[K/usr/include/c++/11/unordered_map:47[m[K,
[0.629s]                  from [01m[K/opt/ros/humble/include/hardware_interface/hardware_info.hpp:19[m[K,
[0.629s]                  from [01m[K/opt/ros/humble/include/hardware_interface/system_interface.hpp:23[m[K,
[0.629s]                  from [01m[K/home/humble/ros2_control/src/my_robot_hardware/include/my_robot_hardware/mobile_base_hardware_interface.hpp:4[m[K,
[0.629s]                  from [01m[K/home/humble/ros2_control/src/my_robot_hardware/src/mobile_base_hardware_interface.cpp:1[m[K:
[0.629s] [01m[K/usr/include/c++/11/bits/unordered_map.h:979:7:[m[K [01;36m[Knote: [m[Kcandidate: ‘[01m[Kstd::unordered_map<_Key, _Tp, _Hash, _Pred, _Alloc>::mapped_type& std::unordered_map<_Key, _Tp, _Hash, _Pred, _Alloc>::operator[](const key_type&) [with _Key = std::__cxx11::basic_string<char>; _Tp = double; _Hash = std::hash<std::__cxx11::basic_string<char> >; _Pred = std::equal_to<std::__cxx11::basic_string<char> >; _Alloc = std::allocator<std::pair<const std::__cxx11::basic_string<char>, double> >; std::unordered_map<_Key, _Tp, _Hash, _Pred, _Alloc>::mapped_type = double; std::unordered_map<_Key, _Tp, _Hash, _Pred, _Alloc>::key_type = std::__cxx11::basic_string<char>][m[K’
[0.629s]   979 |       [01;36m[Koperator[m[K[](const key_type& __k)
[0.629s]       |       [01;36m[K^~~~~~~~[m[K
[0.629s] [01m[K/usr/include/c++/11/bits/unordered_map.h:979:34:[m[K [01;36m[Knote: [m[K  no known conversion for argument 1 from ‘[01m[Ksize_t[m[K’ {aka ‘[01m[Klong unsigned int[m[K’} to ‘[01m[Kconst key_type&[m[K’ {aka ‘[01m[Kconst std::__cxx11::basic_string<char>&[m[K’}
[0.629s]   979 |       operator[]([01;36m[Kconst key_type& __k[m[K)
[0.629s]       |                  [01;36m[K~~~~~~~~~~~~~~~~^~~[m[K
[0.629s] [01m[K/usr/include/c++/11/bits/unordered_map.h:983:7:[m[K [01;36m[Knote: [m[Kcandidate: ‘[01m[Kstd::unordered_map<_Key, _Tp, _Hash, _Pred, _Alloc>::mapped_type& std::unordered_map<_Key, _Tp, _Hash, _Pred, _Alloc>::operator[](std::unordered_map<_Key, _Tp, _Hash, _Pred, _Alloc>::key_type&&) [with _Key = std::__cxx11::basic_string<char>; _Tp = double; _Hash = std::hash<std::__cxx11::basic_string<char> >; _Pred = std::equal_to<std::__cxx11::basic_string<char> >; _Alloc = std::allocator<std::pair<const std::__cxx11::basic_string<char>, double> >; std::unordered_map<_Key, _Tp, _Hash, _Pred, _Alloc>::mapped_type = double; std::unordered_map<_Key, _Tp, _Hash, _Pred, _Alloc>::key_type = std::__cxx11::basic_string<char>][m[K’
[0.629s]   983 |       [01;36m[Koperator[m[K[](key_type&& __k)
[0.629s]       |       [01;36m[K^~~~~~~~[m[K
[0.629s] [01m[K/usr/include/c++/11/bits/unordered_map.h:983:29:[m[K [01;36m[Knote: [m[K  no known conversion for argument 1 from ‘[01m[Ksize_t[m[K’ {aka ‘[01m[Klong unsigned int[m[K’} to ‘[01m[Kstd::unordered_map<std::__cxx11::basic_string<char>, double>::key_type&&[m[K’ {aka ‘[01m[Kstd::__cxx11::basic_string<char>&&[m[K’}
[0.630s]   983 |       operator[]([01;36m[Kkey_type&& __k[m[K)
[0.630s]       |                  [01;36m[K~~~~~~~~~~~^~~[m[K
[0.630s] [01m[K/home/humble/ros2_control/src/my_robot_hardware/src/mobile_base_hardware_interface.cpp:117:26:[m[K [01;31m[Kerror: [m[Kno match for ‘[01m[Koperator[][m[K’ (operand types are ‘[01m[Kstd::unordered_map<std::__cxx11::basic_string<char>, double>[m[K’ and ‘[01m[Ksize_t[m[K’ {aka ‘[01m[Klong unsigned int[m[K’})
[0.630s]   117 |             hw_positions_[01;31m[K[[m[Ki] += left_vel * period.seconds();
[0.630s]       |                          [01;31m[K^[m[K
[0.630s] In file included from [01m[K/usr/include/c++/11/unordered_map:47[m[K,
[0.630s]                  from [01m[K/opt/ros/humble/include/hardware_interface/hardware_info.hpp:19[m[K,
[0.630s]                  from [01m[K/opt/ros/humble/include/hardware_interface/system_interface.hpp:23[m[K,
[0.630s]                  from [01m[K/home/humble/ros2_control/src/my_robot_hardware/include/my_robot_hardware/mobile_base_hardware_interface.hpp:4[m[K,
[0.630s]                  from [01m[K/home/humble/ros2_control/src/my_robot_hardware/src/mobile_base_hardware_interface.cpp:1[m[K:
[0.630s] [01m[K/usr/include/c++/11/bits/unordered_map.h:979:7:[m[K [01;36m[Knote: [m[Kcandidate: ‘[01m[Kstd::unordered_map<_Key, _Tp, _Hash, _Pred, _Alloc>::mapped_type& std::unordered_map<_Key, _Tp, _Hash, _Pred, _Alloc>::operator[](const key_type&) [with _Key = std::__cxx11::basic_string<char>; _Tp = double; _Hash = std::hash<std::__cxx11::basic_string<char> >; _Pred = std::equal_to<std::__cxx11::basic_string<char> >; _Alloc = std::allocator<std::pair<const std::__cxx11::basic_string<char>, double> >; std::unordered_map<_Key, _Tp, _Hash, _Pred, _Alloc>::mapped_type = double; std::unordered_map<_Key, _Tp, _Hash, _Pred, _Alloc>::key_type = std::__cxx11::basic_string<char>][m[K’
[0.630s]   979 |       [01;36m[Koperator[m[K[](const key_type& __k)
[0.630s]       |       [01;36m[K^~~~~~~~[m[K
[0.630s] [01m[K/usr/include/c++/11/bits/unordered_map.h:979:34:[m[K [01;36m[Knote: [m[K  no known conversion for argument 1 from ‘[01m[Ksize_t[m[K’ {aka ‘[01m[Klong unsigned int[m[K’} to ‘[01m[Kconst key_type&[m[K’ {aka ‘[01m[Kconst std::__cxx11::basic_string<char>&[m[K’}
[0.630s]   979 |       operator[]([01;36m[Kconst key_type& __k[m[K)
[0.630s]       |                  [01;36m[K~~~~~~~~~~~~~~~~^~~[m[K
[0.630s] [01m[K/usr/include/c++/11/bits/unordered_map.h:983:7:[m[K [01;36m[Knote: [m[Kcandidate: ‘[01m[Kstd::unordered_map<_Key, _Tp, _Hash, _Pred, _Alloc>::mapped_type& std::unordered_map<_Key, _Tp, _Hash, _Pred, _Alloc>::operator[](std::unordered_map<_Key, _Tp, _Hash, _Pred, _Alloc>::key_type&&) [with _Key = std::__cxx11::basic_string<char>; _Tp = double; _Hash = std::hash<std::__cxx11::basic_string<char> >; _Pred = std::equal_to<std::__cxx11::basic_string<char> >; _Alloc = std::allocator<std::pair<const std::__cxx11::basic_string<char>, double> >; std::unordered_map<_Key, _Tp, _Hash, _Pred, _Alloc>::mapped_type = double; std::unordered_map<_Key, _Tp, _Hash, _Pred, _Alloc>::key_type = std::__cxx11::basic_string<char>][m[K’
[0.630s]   983 |       [01;36m[Koperator[m[K[](key_type&& __k)
[0.630s]       |       [01;36m[K^~~~~~~~[m[K
[0.630s] [01m[K/usr/include/c++/11/bits/unordered_map.h:983:29:[m[K [01;36m[Knote: [m[K  no known conversion for argument 1 from ‘[01m[Ksize_t[m[K’ {aka ‘[01m[Klong unsigned int[m[K’} to ‘[01m[Kstd::unordered_map<std::__cxx11::basic_string<char>, double>::key_type&&[m[K’ {aka ‘[01m[Kstd::__cxx11::basic_string<char>&&[m[K’}
[0.630s]   983 |       operator[]([01;36m[Kkey_type&& __k[m[K)
[0.630s]       |                  [01;36m[K~~~~~~~~~~~^~~[m[K
[0.630s] [01m[K/home/humble/ros2_control/src/my_robot_hardware/src/mobile_base_hardware_interface.cpp:119:27:[m[K [01;31m[Kerror: [m[Kno match for ‘[01m[Koperator[][m[K’ (operand types are ‘[01m[Kstd::unordered_map<std::__cxx11::basic_string<char>, double>[m[K’ and ‘[01m[Ksize_t[m[K’ {aka ‘[01m[Klong unsigned int[m[K’})
[0.630s]   119 |             hw_velocities_[01;31m[K[[m[Ki] = right_vel;
[0.631s]       |                           [01;31m[K^[m[K
[0.631s] In file included from [01m[K/usr/include/c++/11/unordered_map:47[m[K,
[0.631s]                  from [01m[K/opt/ros/humble/include/hardware_interface/hardware_info.hpp:19[m[K,
[0.631s]                  from [01m[K/opt/ros/humble/include/hardware_interface/system_interface.hpp:23[m[K,
[0.631s]                  from [01m[K/home/humble/ros2_control/src/my_robot_hardware/include/my_robot_hardware/mobile_base_hardware_interface.hpp:4[m[K,
[0.631s]                  from [01m[K/home/humble/ros2_control/src/my_robot_hardware/src/mobile_base_hardware_interface.cpp:1[m[K:
[0.631s] [01m[K/usr/include/c++/11/bits/unordered_map.h:979:7:[m[K [01;36m[Knote: [m[Kcandidate: ‘[01m[Kstd::unordered_map<_Key, _Tp, _Hash, _Pred, _Alloc>::mapped_type& std::unordered_map<_Key, _Tp, _Hash, _Pred, _Alloc>::operator[](const key_type&) [with _Key = std::__cxx11::basic_string<char>; _Tp = double; _Hash = std::hash<std::__cxx11::basic_string<char> >; _Pred = std::equal_to<std::__cxx11::basic_string<char> >; _Alloc = std::allocator<std::pair<const std::__cxx11::basic_string<char>, double> >; std::unordered_map<_Key, _Tp, _Hash, _Pred, _Alloc>::mapped_type = double; std::unordered_map<_Key, _Tp, _Hash, _Pred, _Alloc>::key_type = std::__cxx11::basic_string<char>][m[K’
[0.631s]   979 |       [01;36m[Koperator[m[K[](const key_type& __k)
[0.631s]       |       [01;36m[K^~~~~~~~[m[K
[0.631s] [01m[K/usr/include/c++/11/bits/unordered_map.h:979:34:[m[K [01;36m[Knote: [m[K  no known conversion for argument 1 from ‘[01m[Ksize_t[m[K’ {aka ‘[01m[Klong unsigned int[m[K’} to ‘[01m[Kconst key_type&[m[K’ {aka ‘[01m[Kconst std::__cxx11::basic_string<char>&[m[K’}
[0.631s]   979 |       operator[]([01;36m[Kconst key_type& __k[m[K)
[0.631s]       |                  [01;36m[K~~~~~~~~~~~~~~~~^~~[m[K
[0.631s] [01m[K/usr/include/c++/11/bits/unordered_map.h:983:7:[m[K [01;36m[Knote: [m[Kcandidate: ‘[01m[Kstd::unordered_map<_Key, _Tp, _Hash, _Pred, _Alloc>::mapped_type& std::unordered_map<_Key, _Tp, _Hash, _Pred, _Alloc>::operator[](std::unordered_map<_Key, _Tp, _Hash, _Pred, _Alloc>::key_type&&) [with _Key = std::__cxx11::basic_string<char>; _Tp = double; _Hash = std::hash<std::__cxx11::basic_string<char> >; _Pred = std::equal_to<std::__cxx11::basic_string<char> >; _Alloc = std::allocator<std::pair<const std::__cxx11::basic_string<char>, double> >; std::unordered_map<_Key, _Tp, _Hash, _Pred, _Alloc>::mapped_type = double; std::unordered_map<_Key, _Tp, _Hash, _Pred, _Alloc>::key_type = std::__cxx11::basic_string<char>][m[K’
[0.631s]   983 |       [01;36m[Koperator[m[K[](key_type&& __k)
[0.631s]       |       [01;36m[K^~~~~~~~[m[K
[0.631s] [01m[K/usr/include/c++/11/bits/unordered_map.h:983:29:[m[K [01;36m[Knote: [m[K  no known conversion for argument 1 from ‘[01m[Ksize_t[m[K’ {aka ‘[01m[Klong unsigned int[m[K’} to ‘[01m[Kstd::unordered_map<std::__cxx11::basic_string<char>, double>::key_type&&[m[K’ {aka ‘[01m[Kstd::__cxx11::basic_string<char>&&[m[K’}
[0.631s]   983 |       operator[]([01;36m[Kkey_type&& __k[m[K)
[0.631s]       |                  [01;36m[K~~~~~~~~~~~^~~[m[K
[0.631s] [01m[K/home/humble/ros2_control/src/my_robot_hardware/src/mobile_base_hardware_interface.cpp:120:26:[m[K [01;31m[Kerror: [m[Kno match for ‘[01m[Koperator[][m[K’ (operand types are ‘[01m[Kstd::unordered_map<std::__cxx11::basic_string<char>, double>[m[K’ and ‘[01m[Ksize_t[m[K’ {aka ‘[01m[Klong unsigned int[m[K’})
[0.631s]   120 |             hw_positions_[01;31m[K[[m[Ki] += right_vel * period.seconds();
[0.631s]       |                          [01;31m[K^[m[K
[0.631s] In file included from [01m[K/usr/include/c++/11/unordered_map:47[m[K,
[0.631s]                  from [01m[K/opt/ros/humble/include/hardware_interface/hardware_info.hpp:19[m[K,
[0.631s]                  from [01m[K/opt/ros/humble/include/hardware_interface/system_interface.hpp:23[m[K,
[0.631s]                  from [01m[K/home/humble/ros2_control/src/my_robot_hardware/include/my_robot_hardware/mobile_base_hardware_interface.hpp:4[m[K,
[0.632s]                  from [01m[K/home/humble/ros2_control/src/my_robot_hardware/src/mobile_base_hardware_interface.cpp:1[m[K:
[0.632s] [01m[K/usr/include/c++/11/bits/unordered_map.h:979:7:[m[K [01;36m[Knote: [m[Kcandidate: ‘[01m[Kstd::unordered_map<_Key, _Tp, _Hash, _Pred, _Alloc>::mapped_type& std::unordered_map<_Key, _Tp, _Hash, _Pred, _Alloc>::operator[](const key_type&) [with _Key = std::__cxx11::basic_string<char>; _Tp = double; _Hash = std::hash<std::__cxx11::basic_string<char> >; _Pred = std::equal_to<std::__cxx11::basic_string<char> >; _Alloc = std::allocator<std::pair<const std::__cxx11::basic_string<char>, double> >; std::unordered_map<_Key, _Tp, _Hash, _Pred, _Alloc>::mapped_type = double; std::unordered_map<_Key, _Tp, _Hash, _Pred, _Alloc>::key_type = std::__cxx11::basic_string<char>][m[K’
[0.632s]   979 |       [01;36m[Koperator[m[K[](const key_type& __k)
[0.632s]       |       [01;36m[K^~~~~~~~[m[K
[0.632s] [01m[K/usr/include/c++/11/bits/unordered_map.h:979:34:[m[K [01;36m[Knote: [m[K  no known conversion for argument 1 from ‘[01m[Ksize_t[m[K’ {aka ‘[01m[Klong unsigned int[m[K’} to ‘[01m[Kconst key_type&[m[K’ {aka ‘[01m[Kconst std::__cxx11::basic_string<char>&[m[K’}
[0.632s]   979 |       operator[]([01;36m[Kconst key_type& __k[m[K)
[0.632s]       |                  [01;36m[K~~~~~~~~~~~~~~~~^~~[m[K
[0.632s] [01m[K/usr/include/c++/11/bits/unordered_map.h:983:7:[m[K [01;36m[Knote: [m[Kcandidate: ‘[01m[Kstd::unordered_map<_Key, _Tp, _Hash, _Pred, _Alloc>::mapped_type& std::unordered_map<_Key, _Tp, _Hash, _Pred, _Alloc>::operator[](std::unordered_map<_Key, _Tp, _Hash, _Pred, _Alloc>::key_type&&) [with _Key = std::__cxx11::basic_string<char>; _Tp = double; _Hash = std::hash<std::__cxx11::basic_string<char> >; _Pred = std::equal_to<std::__cxx11::basic_string<char> >; _Alloc = std::allocator<std::pair<const std::__cxx11::basic_string<char>, double> >; std::unordered_map<_Key, _Tp, _Hash, _Pred, _Alloc>::mapped_type = double; std::unordered_map<_Key, _Tp, _Hash, _Pred, _Alloc>::key_type = std::__cxx11::basic_string<char>][m[K’
[0.632s]   983 |       [01;36m[Koperator[m[K[](key_type&& __k)
[0.632s]       |       [01;36m[K^~~~~~~~[m[K
[0.632s] [01m[K/usr/include/c++/11/bits/unordered_map.h:983:29:[m[K [01;36m[Knote: [m[K  no known conversion for argument 1 from ‘[01m[Ksize_t[m[K’ {aka ‘[01m[Klong unsigned int[m[K’} to ‘[01m[Kstd::unordered_map<std::__cxx11::basic_string<char>, double>::key_type&&[m[K’ {aka ‘[01m[Kstd::__cxx11::basic_string<char>&&[m[K’}
[0.632s]   983 |       operator[]([01;36m[Kkey_type&& __k[m[K)
[0.632s]       |                  [01;36m[K~~~~~~~~~~~^~~[m[K
[0.632s] [01m[K/home/humble/ros2_control/src/my_robot_hardware/src/mobile_base_hardware_interface.cpp:[m[K In member function ‘[01m[Kvirtual hardware_interface::return_type mobile_base_hardware::MobileBaseHardwareInterface::write(const rclcpp::Time&, const rclcpp::Duration&)[m[K’:
[0.632s] [01m[K/home/humble/ros2_control/src/my_robot_hardware/src/mobile_base_hardware_interface.cpp:137:80:[m[K [01;31m[Kerror: [m[Kno match for ‘[01m[Koperator[][m[K’ (operand types are ‘[01m[Kstd::unordered_map<std::__cxx11::basic_string<char>, double>[m[K’ and ‘[01m[Ksize_t[m[K’ {aka ‘[01m[Klong unsigned int[m[K’})
[0.632s]   137 | river_->setTargetVelocityRadianPerSec(left_motor_id_, hw_commands_[01;31m[K[[m[Ki]);
[0.632s]       |                                                                   [01;31m[K^[m[K
[0.632s] 
[0.632s] In file included from [01m[K/usr/include/c++/11/unordered_map:47[m[K,
[0.632s]                  from [01m[K/opt/ros/humble/include/hardware_interface/hardware_info.hpp:19[m[K,
[0.632s]                  from [01m[K/opt/ros/humble/include/hardware_interface/system_interface.hpp:23[m[K,
[0.632s]                  from [01m[K/home/humble/ros2_control/src/my_robot_hardware/include/my_robot_hardware/mobile_base_hardware_interface.hpp:4[m[K,
[0.632s]                  from [01m[K/home/humble/ros2_control/src/my_robot_hardware/src/mobile_base_hardware_interface.cpp:1[m[K:
[0.632s] [01m[K/usr/include/c++/11/bits/unordered_map.h:979:7:[m[K [01;36m[Knote: [m[Kcandidate: ‘[01m[Kstd::unordered_map<_Key, _Tp, _Hash, _Pred, _Alloc>::mapped_type& std::unordered_map<_Key, _Tp, _Hash, _Pred, _Alloc>::operator[](const key_type&) [with _Key = std::__cxx11::basic_string<char>; _Tp = double; _Hash = std::hash<std::__cxx11::basic_string<char> >; _Pred = std::equal_to<std::__cxx11::basic_string<char> >; _Alloc = std::allocator<std::pair<const std::__cxx11::basic_string<char>, double> >; std::unordered_map<_Key, _Tp, _Hash, _Pred, _Alloc>::mapped_type = double; std::unordered_map<_Key, _Tp, _Hash, _Pred, _Alloc>::key_type = std::__cxx11::basic_string<char>][m[K’
[0.632s]   979 |       [01;36m[Koperator[m[K[](const key_type& __k)
[0.633s]       |       [01;36m[K^~~~~~~~[m[K
[0.633s] [01m[K/usr/include/c++/11/bits/unordered_map.h:979:34:[m[K [01;36m[Knote: [m[K  no known conversion for argument 1 from ‘[01m[Ksize_t[m[K’ {aka ‘[01m[Klong unsigned int[m[K’} to ‘[01m[Kconst key_type&[m[K’ {aka ‘[01m[Kconst std::__cxx11::basic_string<char>&[m[K’}
[0.633s]   979 |       operator[]([01;36m[Kconst key_type& __k[m[K)
[0.633s]       |                  [01;36m[K~~~~~~~~~~~~~~~~^~~[m[K
[0.633s] [01m[K/usr/include/c++/11/bits/unordered_map.h:983:7:[m[K [01;36m[Knote: [m[Kcandidate: ‘[01m[Kstd::unordered_map<_Key, _Tp, _Hash, _Pred, _Alloc>::mapped_type& std::unordered_map<_Key, _Tp, _Hash, _Pred, _Alloc>::operator[](std::unordered_map<_Key, _Tp, _Hash, _Pred, _Alloc>::key_type&&) [with _Key = std::__cxx11::basic_string<char>; _Tp = double; _Hash = std::hash<std::__cxx11::basic_string<char> >; _Pred = std::equal_to<std::__cxx11::basic_string<char> >; _Alloc = std::allocator<std::pair<const std::__cxx11::basic_string<char>, double> >; std::unordered_map<_Key, _Tp, _Hash, _Pred, _Alloc>::mapped_type = double; std::unordered_map<_Key, _Tp, _Hash, _Pred, _Alloc>::key_type = std::__cxx11::basic_string<char>][m[K’
[0.633s]   983 |       [01;36m[Koperator[m[K[](key_type&& __k)
[0.633s]       |       [01;36m[K^~~~~~~~[m[K
[0.633s] [01m[K/usr/include/c++/11/bits/unordered_map.h:983:29:[m[K [01;36m[Knote: [m[K  no known conversion for argument 1 from ‘[01m[Ksize_t[m[K’ {aka ‘[01m[Klong unsigned int[m[K’} to ‘[01m[Kstd::unordered_map<std::__cxx11::basic_string<char>, double>::key_type&&[m[K’ {aka ‘[01m[Kstd::__cxx11::basic_string<char>&&[m[K’}
[0.633s]   983 |       operator[]([01;36m[Kkey_type&& __k[m[K)
[0.633s]       |                  [01;36m[K~~~~~~~~~~~^~~[m[K
[0.633s] [01m[K/home/humble/ros2_control/src/my_robot_hardware/src/mobile_base_hardware_interface.cpp:139:88:[m[K [01;31m[Kerror: [m[Kno match for ‘[01m[Koperator[][m[K’ (operand types are ‘[01m[Kstd::unordered_map<std::__cxx11::basic_string<char>, double>[m[K’ and ‘[01m[Ksize_t[m[K’ {aka ‘[01m[Klong unsigned int[m[K’})
[0.633s]   139 | setTargetVelocityRadianPerSec(right_motor_id_, -1.0 * hw_commands_[01;31m[K[[m[Ki]);
[0.633s]       |                                                                   [01;31m[K^[m[K
[0.633s] 
[0.633s] In file included from [01m[K/usr/include/c++/11/unordered_map:47[m[K,
[0.633s]                  from [01m[K/opt/ros/humble/include/hardware_interface/hardware_info.hpp:19[m[K,
[0.633s]                  from [01m[K/opt/ros/humble/include/hardware_interface/system_interface.hpp:23[m[K,
[0.633s]                  from [01m[K/home/humble/ros2_control/src/my_robot_hardware/include/my_robot_hardware/mobile_base_hardware_interface.hpp:4[m[K,
[0.633s]                  from [01m[K/home/humble/ros2_control/src/my_robot_hardware/src/mobile_base_hardware_interface.cpp:1[m[K:
[0.633s] [01m[K/usr/include/c++/11/bits/unordered_map.h:979:7:[m[K [01;36m[Knote: [m[Kcandidate: ‘[01m[Kstd::unordered_map<_Key, _Tp, _Hash, _Pred, _Alloc>::mapped_type& std::unordered_map<_Key, _Tp, _Hash, _Pred, _Alloc>::operator[](const key_type&) [with _Key = std::__cxx11::basic_string<char>; _Tp = double; _Hash = std::hash<std::__cxx11::basic_string<char> >; _Pred = std::equal_to<std::__cxx11::basic_string<char> >; _Alloc = std::allocator<std::pair<const std::__cxx11::basic_string<char>, double> >; std::unordered_map<_Key, _Tp, _Hash, _Pred, _Alloc>::mapped_type = double; std::unordered_map<_Key, _Tp, _Hash, _Pred, _Alloc>::key_type = std::__cxx11::basic_string<char>][m[K’
[0.633s]   979 |       [01;36m[Koperator[m[K[](const key_type& __k)
[0.633s]       |       [01;36m[K^~~~~~~~[m[K
[0.633s] [01m[K/usr/include/c++/11/bits/unordered_map.h:979:34:[m[K [01;36m[Knote: [m[K  no known conversion for argument 1 from ‘[01m[Ksize_t[m[K’ {aka ‘[01m[Klong unsigned int[m[K’} to ‘[01m[Kconst key_type&[m[K’ {aka ‘[01m[Kconst std::__cxx11::basic_string<char>&[m[K’}
[0.633s]   979 |       operator[]([01;36m[Kconst key_type& __k[m[K)
[0.633s]       |                  [01;36m[K~~~~~~~~~~~~~~~~^~~[m[K
[0.634s] [01m[K/usr/include/c++/11/bits/unordered_map.h:983:7:[m[K [01;36m[Knote: [m[Kcandidate: ‘[01m[Kstd::unordered_map<_Key, _Tp, _Hash, _Pred, _Alloc>::mapped_type& std::unordered_map<_Key, _Tp, _Hash, _Pred, _Alloc>::operator[](std::unordered_map<_Key, _Tp, _Hash, _Pred, _Alloc>::key_type&&) [with _Key = std::__cxx11::basic_string<char>; _Tp = double; _Hash = std::hash<std::__cxx11::basic_string<char> >; _Pred = std::equal_to<std::__cxx11::basic_string<char> >; _Alloc = std::allocator<std::pair<const std::__cxx11::basic_string<char>, double> >; std::unordered_map<_Key, _Tp, _Hash, _Pred, _Alloc>::mapped_type = double; std::unordered_map<_Key, _Tp, _Hash, _Pred, _Alloc>::key_type = std::__cxx11::basic_string<char>][m[K’
[0.634s]   983 |       [01;36m[Koperator[m[K[](key_type&& __k)
[0.634s]       |       [01;36m[K^~~~~~~~[m[K
[0.634s] [01m[K/usr/include/c++/11/bits/unordered_map.h:983:29:[m[K [01;36m[Knote: [m[K  no known conversion for argument 1 from ‘[01m[Ksize_t[m[K’ {aka ‘[01m[Klong unsigned int[m[K’} to ‘[01m[Kstd::unordered_map<std::__cxx11::basic_string<char>, double>::key_type&&[m[K’ {aka ‘[01m[Kstd::__cxx11::basic_string<char>&&[m[K’}
[0.634s]   983 |       operator[]([01;36m[Kkey_type&& __k[m[K)
[0.634s]       |                  [01;36m[K~~~~~~~~~~~^~~[m[K
[0.770s] In file included from [01m[K/opt/ros/humble/include/class_loader/class_loader/class_loader_core.hpp:57[m[K,
[0.770s]                  from [01m[K/opt/ros/humble/include/class_loader/class_loader/class_loader.hpp:55[m[K,
[0.771s]                  from [01m[K/opt/ros/humble/include/pluginlib/pluginlib/class_list_macros.hpp:40[m[K,
[0.771s]                  from [01m[K/home/humble/ros2_control/src/my_robot_hardware/src/mobile_base_hardware_interface.cpp:148[m[K:
[0.771s] /opt/ros/humble/include/class_loader/class_loader/meta_object.hpp: In instantiation of ‘[01m[KB* class_loader::impl::MetaObject<C, B>::create() const [with C = mobile_base_hardware::MobileBaseHardwareInterface; B = hardware_interface::SystemInterface][m[K’:
[0.771s] [01m[K/opt/ros/humble/include/class_loader/class_loader/meta_object.hpp:216:7:[m[K   required from here
[0.771s] [01m[K/opt/ros/humble/include/class_loader/class_loader/meta_object.hpp:218:12:[m[K [01;31m[Kerror: [m[Kinvalid new-expression of abstract class type ‘[01m[Kmobile_base_hardware::MobileBaseHardwareInterface[m[K’
[0.771s]   218 |     return [01;31m[Knew C[m[K;
[0.771s]       |            [01;31m[K^~~~~[m[K
[0.771s] In file included from [01m[K/home/humble/ros2_control/src/my_robot_hardware/src/mobile_base_hardware_interface.cpp:1[m[K:
[0.771s] [01m[K/home/humble/ros2_control/src/my_robot_hardware/include/my_robot_hardware/mobile_base_hardware_interface.hpp:9:7:[m[K [01;36m[Knote: [m[K  because the following virtual functions are pure within ‘[01m[Kmobile_base_hardware::MobileBaseHardwareInterface[m[K’:
[0.771s]     9 | class [01;36m[KMobileBaseHardwareInterface[m[K : public hardware_interface::SystemInterface
[0.771s]       |       [01;36m[K^~~~~~~~~~~~~~~~~~~~~~~~~~~[m[K
[0.771s] In file included from [01m[K/home/humble/ros2_control/src/my_robot_hardware/include/my_robot_hardware/mobile_base_hardware_interface.hpp:4[m[K,
[0.771s]                  from [01m[K/home/humble/ros2_control/src/my_robot_hardware/src/mobile_base_hardware_interface.cpp:1[m[K:
[0.771s] [01m[K/opt/ros/humble/include/hardware_interface/system_interface.hpp:113:39:[m[K [01;36m[Knote: [m[K    ‘[01m[Kvirtual std::vector<hardware_interface::StateInterface> hardware_interface::SystemInterface::export_state_interfaces()[m[K’
[0.771s]   113 |   virtual std::vector<StateInterface> [01;36m[Kexport_state_interfaces[m[K() = 0;
[0.771s]       |                                       [01;36m[K^~~~~~~~~~~~~~~~~~~~~~~[m[K
[0.771s] [01m[K/opt/ros/humble/include/hardware_interface/system_interface.hpp:124:41:[m[K [01;36m[Knote: [m[K    ‘[01m[Kvirtual std::vector<hardware_interface::CommandInterface> hardware_interface::SystemInterface::export_command_interfaces()[m[K’
[0.771s]   124 |   virtual std::vector<CommandInterface> [01;36m[Kexport_command_interfaces[m[K() = 0;
[0.771s]       |                                         [01;36m[K^~~~~~~~~~~~~~~~~~~~~~~~~[m[K
[0.812s] gmake[2]: *** [CMakeFiles/my_robot_hardware.dir/build.make:76：CMakeFiles/my_robot_hardware.dir/src/mobile_base_hardware_interface.cpp.o] 错误 1
[0.812s] gmake[1]: *** [CMakeFiles/Makefile2:137：CMakeFiles/my_robot_hardware.dir/all] 错误 2
[0.812s] gmake: *** [Makefile:146：all] 错误 2
[0.815s] Invoked command in '/home/humble/ros2_control/build/my_robot_hardware' returned '2': CMAKE_PREFIX_PATH=/opt/ros/humble /usr/bin/cmake --build /home/humble/ros2_control/build/my_robot_hardware -- -j16 -l16
