[0.009s] Invoking command in '/home/humble/ros2_control/build/my_robot_bringup': CMAKE_PREFIX_PATH=${CMAKE_PREFIX_PATH}:/opt/ros/humble /usr/bin/cmake --build /home/humble/ros2_control/build/my_robot_bringup -- -j16 -l16
[0.055s] Invoked command in '/home/humble/ros2_control/build/my_robot_bringup' returned '0': CMAKE_PREFIX_PATH=${CMAKE_PREFIX_PATH}:/opt/ros/humble /usr/bin/cmake --build /home/humble/ros2_control/build/my_robot_bringup -- -j16 -l16
[0.056s] Invoking command in '/home/humble/ros2_control/build/my_robot_bringup': CMAKE_PREFIX_PATH=${CMAKE_PREFIX_PATH}:/opt/ros/humble /usr/bin/cmake --install /home/humble/ros2_control/build/my_robot_bringup
[0.063s] -- Install configuration: ""
[0.064s] -- Execute custom install script
[0.064s] -- Up-to-date symlink: /home/humble/ros2_control/install/my_robot_bringup/share/my_robot_bringup//config/my_robot_controllers.yaml
[0.064s] -- Up-to-date symlink: /home/humble/ros2_control/install/my_robot_bringup/share/my_robot_bringup//launch/my_robot.launch.py
[0.064s] -- Up-to-date symlink: /home/humble/ros2_control/install/my_robot_bringup/share/ament_index/resource_index/package_run_dependencies/my_robot_bringup
[0.064s] -- Up-to-date symlink: /home/humble/ros2_control/install/my_robot_bringup/share/ament_index/resource_index/parent_prefix_path/my_robot_bringup
[0.064s] -- Up-to-date symlink: /home/humble/ros2_control/install/my_robot_bringup/share/my_robot_bringup/environment/ament_prefix_path.sh
[0.065s] -- Up-to-date symlink: /home/humble/ros2_control/install/my_robot_bringup/share/my_robot_bringup/environment/ament_prefix_path.dsv
[0.065s] -- Up-to-date symlink: /home/humble/ros2_control/install/my_robot_bringup/share/my_robot_bringup/environment/path.sh
[0.065s] -- Up-to-date symlink: /home/humble/ros2_control/install/my_robot_bringup/share/my_robot_bringup/environment/path.dsv
[0.065s] -- Up-to-date symlink: /home/humble/ros2_control/install/my_robot_bringup/share/my_robot_bringup/local_setup.bash
[0.065s] -- Up-to-date symlink: /home/humble/ros2_control/install/my_robot_bringup/share/my_robot_bringup/local_setup.sh
[0.065s] -- Up-to-date symlink: /home/humble/ros2_control/install/my_robot_bringup/share/my_robot_bringup/local_setup.zsh
[0.065s] -- Up-to-date symlink: /home/humble/ros2_control/install/my_robot_bringup/share/my_robot_bringup/local_setup.dsv
[0.065s] -- Symlinking: /home/humble/ros2_control/install/my_robot_bringup/share/my_robot_bringup/package.dsv
[0.073s] -- Up-to-date symlink: /home/humble/ros2_control/install/my_robot_bringup/share/ament_index/resource_index/packages/my_robot_bringup
[0.074s] -- Up-to-date symlink: /home/humble/ros2_control/install/my_robot_bringup/share/my_robot_bringup/cmake/my_robot_bringupConfig.cmake
[0.074s] -- Up-to-date symlink: /home/humble/ros2_control/install/my_robot_bringup/share/my_robot_bringup/cmake/my_robot_bringupConfig-version.cmake
[0.074s] -- Up-to-date symlink: /home/humble/ros2_control/install/my_robot_bringup/share/my_robot_bringup/package.xml
[0.076s] Invoked command in '/home/humble/ros2_control/build/my_robot_bringup' returned '0': CMAKE_PREFIX_PATH=${CMAKE_PREFIX_PATH}:/opt/ros/humble /usr/bin/cmake --install /home/humble/ros2_control/build/my_robot_bringup
