[0.091s] DEBUG:colcon:Command line arguments: ['/usr/bin/colcon', 'build', '--symlink-install']
[0.091s] DEBUG:colcon:Parsed command line arguments: Namespace(log_base=None, log_level=None, verb_name='build', build_base='build', install_base='install', merge_install=False, symlink_install=True, test_result_base=None, continue_on_error=False, executor='parallel', parallel_workers=16, event_handlers=None, ignore_user_meta=False, metas=['./colcon.meta'], base_paths=['.'], packages_ignore=None, packages_ignore_regex=None, paths=None, packages_up_to=None, packages_up_to_regex=None, packages_above=None, packages_above_and_dependencies=None, packages_above_depth=None, packages_select_by_dep=None, packages_skip_by_dep=None, packages_skip_up_to=None, packages_select_build_failed=False, packages_skip_build_finished=False, packages_select_test_failures=False, packages_skip_test_passed=False, packages_select=None, packages_skip=None, packages_select_regex=None, packages_skip_regex=None, packages_start=None, packages_end=None, allow_overriding=[], cmake_args=None, cmake_target=None, cmake_target_skip_unavailable=False, cmake_clean_cache=False, cmake_clean_first=False, cmake_force_configure=False, ament_cmake_args=None, catkin_cmake_args=None, catkin_skip_building_tests=False, verb_parser=<colcon_defaults.argument_parser.defaults.DefaultArgumentsDecorator object at 0x720568139060>, verb_extension=<colcon_core.verb.build.BuildVerb object at 0x7205682864d0>, main=<bound method BuildVerb.main of <colcon_core.verb.build.BuildVerb object at 0x7205682864d0>>)
[0.237s] Level 1:colcon.colcon_core.package_discovery:discover_packages(colcon_meta) check parameters
[0.237s] Level 1:colcon.colcon_core.package_discovery:discover_packages(recursive) check parameters
[0.237s] Level 1:colcon.colcon_core.package_discovery:discover_packages(ignore) check parameters
[0.237s] Level 1:colcon.colcon_core.package_discovery:discover_packages(path) check parameters
[0.237s] Level 1:colcon.colcon_core.package_discovery:discover_packages(colcon_meta) discover
[0.237s] Level 1:colcon.colcon_core.package_discovery:discover_packages(recursive) discover
[0.237s] INFO:colcon.colcon_core.package_discovery:Crawling recursively for packages in '/home/humble/ros2_control'
[0.237s] Level 1:colcon.colcon_core.package_identification:_identify(.) by extensions ['ignore', 'ignore_ament_install']
[0.237s] Level 1:colcon.colcon_core.package_identification:_identify(.) by extension 'ignore'
[0.237s] Level 1:colcon.colcon_core.package_identification:_identify(.) by extension 'ignore_ament_install'
[0.237s] Level 1:colcon.colcon_core.package_identification:_identify(.) by extensions ['colcon_pkg']
[0.237s] Level 1:colcon.colcon_core.package_identification:_identify(.) by extension 'colcon_pkg'
[0.237s] Level 1:colcon.colcon_core.package_identification:_identify(.) by extensions ['colcon_meta']
[0.237s] Level 1:colcon.colcon_core.package_identification:_identify(.) by extension 'colcon_meta'
[0.237s] Level 1:colcon.colcon_core.package_identification:_identify(.) by extensions ['ros']
[0.237s] Level 1:colcon.colcon_core.package_identification:_identify(.) by extension 'ros'
[0.246s] Level 1:colcon.colcon_core.package_identification:_identify(.) by extensions ['cmake', 'python']
[0.246s] Level 1:colcon.colcon_core.package_identification:_identify(.) by extension 'cmake'
[0.246s] Level 1:colcon.colcon_core.package_identification:_identify(.) by extension 'python'
[0.246s] Level 1:colcon.colcon_core.package_identification:_identify(.) by extensions ['python_setup_py']
[0.246s] Level 1:colcon.colcon_core.package_identification:_identify(.) by extension 'python_setup_py'
[0.246s] Level 1:colcon.colcon_core.package_identification:_identify(build) by extensions ['ignore', 'ignore_ament_install']
[0.246s] Level 1:colcon.colcon_core.package_identification:_identify(build) by extension 'ignore'
[0.246s] Level 1:colcon.colcon_core.package_identification:_identify(build) ignored
[0.246s] Level 1:colcon.colcon_core.package_identification:_identify(install) by extensions ['ignore', 'ignore_ament_install']
[0.246s] Level 1:colcon.colcon_core.package_identification:_identify(install) by extension 'ignore'
[0.246s] Level 1:colcon.colcon_core.package_identification:_identify(install) ignored
[0.247s] Level 1:colcon.colcon_core.package_identification:_identify(log) by extensions ['ignore', 'ignore_ament_install']
[0.247s] Level 1:colcon.colcon_core.package_identification:_identify(log) by extension 'ignore'
[0.247s] Level 1:colcon.colcon_core.package_identification:_identify(log) ignored
[0.247s] Level 1:colcon.colcon_core.package_identification:_identify(src) by extensions ['ignore', 'ignore_ament_install']
[0.247s] Level 1:colcon.colcon_core.package_identification:_identify(src) by extension 'ignore'
[0.247s] Level 1:colcon.colcon_core.package_identification:_identify(src) by extension 'ignore_ament_install'
[0.247s] Level 1:colcon.colcon_core.package_identification:_identify(src) by extensions ['colcon_pkg']
[0.247s] Level 1:colcon.colcon_core.package_identification:_identify(src) by extension 'colcon_pkg'
[0.247s] Level 1:colcon.colcon_core.package_identification:_identify(src) by extensions ['colcon_meta']
[0.247s] Level 1:colcon.colcon_core.package_identification:_identify(src) by extension 'colcon_meta'
[0.247s] Level 1:colcon.colcon_core.package_identification:_identify(src) by extensions ['ros']
[0.247s] Level 1:colcon.colcon_core.package_identification:_identify(src) by extension 'ros'
[0.247s] Level 1:colcon.colcon_core.package_identification:_identify(src) by extensions ['cmake', 'python']
[0.247s] Level 1:colcon.colcon_core.package_identification:_identify(src) by extension 'cmake'
[0.247s] Level 1:colcon.colcon_core.package_identification:_identify(src) by extension 'python'
[0.247s] Level 1:colcon.colcon_core.package_identification:_identify(src) by extensions ['python_setup_py']
[0.247s] Level 1:colcon.colcon_core.package_identification:_identify(src) by extension 'python_setup_py'
[0.247s] Level 1:colcon.colcon_core.package_identification:_identify(src/bbot_demo) by extensions ['ignore', 'ignore_ament_install']
[0.247s] Level 1:colcon.colcon_core.package_identification:_identify(src/bbot_demo) by extension 'ignore'
[0.247s] Level 1:colcon.colcon_core.package_identification:_identify(src/bbot_demo) by extension 'ignore_ament_install'
[0.247s] Level 1:colcon.colcon_core.package_identification:_identify(src/bbot_demo) by extensions ['colcon_pkg']
[0.247s] Level 1:colcon.colcon_core.package_identification:_identify(src/bbot_demo) by extension 'colcon_pkg'
[0.247s] Level 1:colcon.colcon_core.package_identification:_identify(src/bbot_demo) by extensions ['colcon_meta']
[0.247s] Level 1:colcon.colcon_core.package_identification:_identify(src/bbot_demo) by extension 'colcon_meta'
[0.247s] Level 1:colcon.colcon_core.package_identification:_identify(src/bbot_demo) by extensions ['ros']
[0.247s] Level 1:colcon.colcon_core.package_identification:_identify(src/bbot_demo) by extension 'ros'
[0.248s] Level 1:colcon.colcon_core.package_identification:_identify(src/bbot_demo) by extensions ['cmake', 'python']
[0.248s] Level 1:colcon.colcon_core.package_identification:_identify(src/bbot_demo) by extension 'cmake'
[0.248s] Level 1:colcon.colcon_core.package_identification:_identify(src/bbot_demo) by extension 'python'
[0.248s] Level 1:colcon.colcon_core.package_identification:_identify(src/bbot_demo) by extensions ['python_setup_py']
[0.248s] Level 1:colcon.colcon_core.package_identification:_identify(src/bbot_demo) by extension 'python_setup_py'
[0.248s] Level 1:colcon.colcon_core.package_identification:_identify(src/bbot_demo/src) by extensions ['ignore', 'ignore_ament_install']
[0.248s] Level 1:colcon.colcon_core.package_identification:_identify(src/bbot_demo/src) by extension 'ignore'
[0.248s] Level 1:colcon.colcon_core.package_identification:_identify(src/bbot_demo/src) by extension 'ignore_ament_install'
[0.248s] Level 1:colcon.colcon_core.package_identification:_identify(src/bbot_demo/src) by extensions ['colcon_pkg']
[0.248s] Level 1:colcon.colcon_core.package_identification:_identify(src/bbot_demo/src) by extension 'colcon_pkg'
[0.248s] Level 1:colcon.colcon_core.package_identification:_identify(src/bbot_demo/src) by extensions ['colcon_meta']
[0.248s] Level 1:colcon.colcon_core.package_identification:_identify(src/bbot_demo/src) by extension 'colcon_meta'
[0.248s] Level 1:colcon.colcon_core.package_identification:_identify(src/bbot_demo/src) by extensions ['ros']
[0.248s] Level 1:colcon.colcon_core.package_identification:_identify(src/bbot_demo/src) by extension 'ros'
[0.248s] Level 1:colcon.colcon_core.package_identification:_identify(src/bbot_demo/src) by extensions ['cmake', 'python']
[0.248s] Level 1:colcon.colcon_core.package_identification:_identify(src/bbot_demo/src) by extension 'cmake'
[0.248s] Level 1:colcon.colcon_core.package_identification:_identify(src/bbot_demo/src) by extension 'python'
[0.248s] Level 1:colcon.colcon_core.package_identification:_identify(src/bbot_demo/src) by extensions ['python_setup_py']
[0.248s] Level 1:colcon.colcon_core.package_identification:_identify(src/bbot_demo/src) by extension 'python_setup_py'
[0.248s] Level 1:colcon.colcon_core.package_identification:_identify(src/bbot_demo/src/bbot_description) by extensions ['ignore', 'ignore_ament_install']
[0.248s] Level 1:colcon.colcon_core.package_identification:_identify(src/bbot_demo/src/bbot_description) by extension 'ignore'
[0.248s] Level 1:colcon.colcon_core.package_identification:_identify(src/bbot_demo/src/bbot_description) by extension 'ignore_ament_install'
[0.248s] Level 1:colcon.colcon_core.package_identification:_identify(src/bbot_demo/src/bbot_description) by extensions ['colcon_pkg']
[0.248s] Level 1:colcon.colcon_core.package_identification:_identify(src/bbot_demo/src/bbot_description) by extension 'colcon_pkg'
[0.248s] Level 1:colcon.colcon_core.package_identification:_identify(src/bbot_demo/src/bbot_description) by extensions ['colcon_meta']
[0.249s] Level 1:colcon.colcon_core.package_identification:_identify(src/bbot_demo/src/bbot_description) by extension 'colcon_meta'
[0.249s] Level 1:colcon.colcon_core.package_identification:_identify(src/bbot_demo/src/bbot_description) by extensions ['ros']
[0.249s] Level 1:colcon.colcon_core.package_identification:_identify(src/bbot_demo/src/bbot_description) by extension 'ros'
[0.250s] DEBUG:colcon.colcon_core.package_identification:Package 'src/bbot_demo/src/bbot_description' with type 'ros.ament_cmake' and name 'bbot_description'
[0.250s] Level 1:colcon.colcon_core.package_identification:_identify(src/my_robot_bringup) by extensions ['ignore', 'ignore_ament_install']
[0.251s] Level 1:colcon.colcon_core.package_identification:_identify(src/my_robot_bringup) by extension 'ignore'
[0.251s] Level 1:colcon.colcon_core.package_identification:_identify(src/my_robot_bringup) by extension 'ignore_ament_install'
[0.251s] Level 1:colcon.colcon_core.package_identification:_identify(src/my_robot_bringup) by extensions ['colcon_pkg']
[0.251s] Level 1:colcon.colcon_core.package_identification:_identify(src/my_robot_bringup) by extension 'colcon_pkg'
[0.251s] Level 1:colcon.colcon_core.package_identification:_identify(src/my_robot_bringup) by extensions ['colcon_meta']
[0.251s] Level 1:colcon.colcon_core.package_identification:_identify(src/my_robot_bringup) by extension 'colcon_meta'
[0.251s] Level 1:colcon.colcon_core.package_identification:_identify(src/my_robot_bringup) by extensions ['ros']
[0.251s] Level 1:colcon.colcon_core.package_identification:_identify(src/my_robot_bringup) by extension 'ros'
[0.251s] DEBUG:colcon.colcon_core.package_identification:Package 'src/my_robot_bringup' with type 'ros.ament_cmake' and name 'my_robot_bringup'
[0.251s] Level 1:colcon.colcon_core.package_discovery:discover_packages(recursive) using defaults
[0.251s] Level 1:colcon.colcon_core.package_discovery:discover_packages(ignore) discover
[0.251s] Level 1:colcon.colcon_core.package_discovery:discover_packages(ignore) using defaults
[0.251s] Level 1:colcon.colcon_core.package_discovery:discover_packages(path) discover
[0.251s] Level 1:colcon.colcon_core.package_discovery:discover_packages(path) using defaults
[0.273s] Level 1:colcon.colcon_core.package_discovery:discover_packages(prefix_path) check parameters
[0.273s] Level 1:colcon.colcon_core.package_discovery:discover_packages(prefix_path) discover
[0.275s] DEBUG:colcon.colcon_installed_package_information.package_discovery:Found 2 installed packages in /home/humble/ros2_control/install
[0.277s] DEBUG:colcon.colcon_installed_package_information.package_discovery:Found 419 installed packages in /opt/ros/humble
[0.278s] Level 1:colcon.colcon_core.package_discovery:discover_packages(prefix_path) using defaults
[0.317s] Level 5:colcon.colcon_core.verb:set package 'bbot_description' build argument 'cmake_args' from command line to 'None'
[0.317s] Level 5:colcon.colcon_core.verb:set package 'bbot_description' build argument 'cmake_target' from command line to 'None'
[0.317s] Level 5:colcon.colcon_core.verb:set package 'bbot_description' build argument 'cmake_target_skip_unavailable' from command line to 'False'
[0.317s] Level 5:colcon.colcon_core.verb:set package 'bbot_description' build argument 'cmake_clean_cache' from command line to 'False'
[0.317s] Level 5:colcon.colcon_core.verb:set package 'bbot_description' build argument 'cmake_clean_first' from command line to 'False'
[0.317s] Level 5:colcon.colcon_core.verb:set package 'bbot_description' build argument 'cmake_force_configure' from command line to 'False'
[0.317s] Level 5:colcon.colcon_core.verb:set package 'bbot_description' build argument 'ament_cmake_args' from command line to 'None'
[0.317s] Level 5:colcon.colcon_core.verb:set package 'bbot_description' build argument 'catkin_cmake_args' from command line to 'None'
[0.317s] Level 5:colcon.colcon_core.verb:set package 'bbot_description' build argument 'catkin_skip_building_tests' from command line to 'False'
[0.317s] DEBUG:colcon.colcon_core.verb:Building package 'bbot_description' with the following arguments: {'ament_cmake_args': None, 'build_base': '/home/humble/ros2_control/build/bbot_description', 'catkin_cmake_args': None, 'catkin_skip_building_tests': False, 'cmake_args': None, 'cmake_clean_cache': False, 'cmake_clean_first': False, 'cmake_force_configure': False, 'cmake_target': None, 'cmake_target_skip_unavailable': False, 'install_base': '/home/humble/ros2_control/install/bbot_description', 'merge_install': False, 'path': '/home/humble/ros2_control/src/bbot_demo/src/bbot_description', 'symlink_install': True, 'test_result_base': None}
[0.318s] Level 5:colcon.colcon_core.verb:set package 'my_robot_bringup' build argument 'cmake_args' from command line to 'None'
[0.318s] Level 5:colcon.colcon_core.verb:set package 'my_robot_bringup' build argument 'cmake_target' from command line to 'None'
[0.318s] Level 5:colcon.colcon_core.verb:set package 'my_robot_bringup' build argument 'cmake_target_skip_unavailable' from command line to 'False'
[0.318s] Level 5:colcon.colcon_core.verb:set package 'my_robot_bringup' build argument 'cmake_clean_cache' from command line to 'False'
[0.318s] Level 5:colcon.colcon_core.verb:set package 'my_robot_bringup' build argument 'cmake_clean_first' from command line to 'False'
[0.318s] Level 5:colcon.colcon_core.verb:set package 'my_robot_bringup' build argument 'cmake_force_configure' from command line to 'False'
[0.318s] Level 5:colcon.colcon_core.verb:set package 'my_robot_bringup' build argument 'ament_cmake_args' from command line to 'None'
[0.318s] Level 5:colcon.colcon_core.verb:set package 'my_robot_bringup' build argument 'catkin_cmake_args' from command line to 'None'
[0.318s] Level 5:colcon.colcon_core.verb:set package 'my_robot_bringup' build argument 'catkin_skip_building_tests' from command line to 'False'
[0.318s] DEBUG:colcon.colcon_core.verb:Building package 'my_robot_bringup' with the following arguments: {'ament_cmake_args': None, 'build_base': '/home/humble/ros2_control/build/my_robot_bringup', 'catkin_cmake_args': None, 'catkin_skip_building_tests': False, 'cmake_args': None, 'cmake_clean_cache': False, 'cmake_clean_first': False, 'cmake_force_configure': False, 'cmake_target': None, 'cmake_target_skip_unavailable': False, 'install_base': '/home/humble/ros2_control/install/my_robot_bringup', 'merge_install': False, 'path': '/home/humble/ros2_control/src/my_robot_bringup', 'symlink_install': True, 'test_result_base': None}
[0.318s] INFO:colcon.colcon_core.executor:Executing jobs using 'parallel' executor
[0.319s] DEBUG:colcon.colcon_parallel_executor.executor.parallel:run_until_complete
[0.319s] INFO:colcon.colcon_ros.task.ament_cmake.build:Building ROS package in '/home/humble/ros2_control/src/bbot_demo/src/bbot_description' with build type 'ament_cmake'
[0.319s] INFO:colcon.colcon_cmake.task.cmake.build:Building CMake package in '/home/humble/ros2_control/src/bbot_demo/src/bbot_description'
[0.322s] INFO:colcon.colcon_core.plugin_system:Skipping extension 'colcon_core.shell.bat': Not used on non-Windows systems
[0.322s] INFO:colcon.colcon_core.shell:Skip shell extension 'powershell' for command environment: Not usable outside of PowerShell
[0.322s] DEBUG:colcon.colcon_core.shell:Skip shell extension 'dsv' for command environment
[0.331s] DEBUG:colcon.colcon_core.event_handler.log_command:Invoking command in '/home/humble/ros2_control/build/bbot_description': CMAKE_PREFIX_PATH=${CMAKE_PREFIX_PATH}:/opt/ros/humble /usr/bin/cmake --build /home/humble/ros2_control/build/bbot_description -- -j16 -l16
[0.388s] DEBUG:colcon.colcon_core.event_handler.log_command:Invoked command in '/home/humble/ros2_control/build/bbot_description' returned '0': CMAKE_PREFIX_PATH=${CMAKE_PREFIX_PATH}:/opt/ros/humble /usr/bin/cmake --build /home/humble/ros2_control/build/bbot_description -- -j16 -l16
[0.398s] DEBUG:colcon.colcon_core.event_handler.log_command:Invoking command in '/home/humble/ros2_control/build/bbot_description': CMAKE_PREFIX_PATH=${CMAKE_PREFIX_PATH}:/opt/ros/humble /usr/bin/cmake --install /home/humble/ros2_control/build/bbot_description
[0.418s] Level 1:colcon.colcon_core.environment:create_environment_scripts_only(bbot_description)
[0.419s] DEBUG:colcon.colcon_core.event_handler.log_command:Invoked command in '/home/humble/ros2_control/build/bbot_description' returned '0': CMAKE_PREFIX_PATH=${CMAKE_PREFIX_PATH}:/opt/ros/humble /usr/bin/cmake --install /home/humble/ros2_control/build/bbot_description
[0.421s] Level 1:colcon.colcon_core.environment:checking '/home/humble/ros2_control/install/bbot_description' for CMake module files
[0.422s] Level 1:colcon.colcon_core.environment:checking '/home/humble/ros2_control/install/bbot_description' for CMake config files
[0.422s] Level 1:colcon.colcon_core.shell:create_environment_hook('bbot_description', 'cmake_prefix_path')
[0.422s] INFO:colcon.colcon_core.shell:Creating environment hook '/home/humble/ros2_control/install/bbot_description/share/bbot_description/hook/cmake_prefix_path.ps1'
[0.423s] INFO:colcon.colcon_core.shell:Creating environment descriptor '/home/humble/ros2_control/install/bbot_description/share/bbot_description/hook/cmake_prefix_path.dsv'
[0.423s] INFO:colcon.colcon_core.shell:Creating environment hook '/home/humble/ros2_control/install/bbot_description/share/bbot_description/hook/cmake_prefix_path.sh'
[0.424s] Level 1:colcon.colcon_core.environment:checking '/home/humble/ros2_control/install/bbot_description/bin'
[0.424s] Level 1:colcon.colcon_core.environment:checking '/home/humble/ros2_control/install/bbot_description/lib/pkgconfig/bbot_description.pc'
[0.424s] Level 1:colcon.colcon_core.environment:checking '/home/humble/ros2_control/install/bbot_description/lib/python3.10/site-packages'
[0.424s] Level 1:colcon.colcon_core.environment:checking '/home/humble/ros2_control/install/bbot_description/bin'
[0.425s] INFO:colcon.colcon_core.shell:Creating package script '/home/humble/ros2_control/install/bbot_description/share/bbot_description/package.ps1'
[0.425s] INFO:colcon.colcon_core.shell:Creating package descriptor '/home/humble/ros2_control/install/bbot_description/share/bbot_description/package.dsv'
[0.426s] INFO:colcon.colcon_core.shell:Creating package script '/home/humble/ros2_control/install/bbot_description/share/bbot_description/package.sh'
[0.426s] INFO:colcon.colcon_core.shell:Creating package script '/home/humble/ros2_control/install/bbot_description/share/bbot_description/package.bash'
[0.427s] INFO:colcon.colcon_core.shell:Creating package script '/home/humble/ros2_control/install/bbot_description/share/bbot_description/package.zsh'
[0.428s] Level 1:colcon.colcon_core.environment:create_file_with_runtime_dependencies(/home/humble/ros2_control/install/bbot_description/share/colcon-core/packages/bbot_description)
[0.428s] Level 1:colcon.colcon_core.environment:create_environment_scripts_only(bbot_description)
[0.428s] Level 1:colcon.colcon_core.environment:checking '/home/humble/ros2_control/install/bbot_description' for CMake module files
[0.428s] Level 1:colcon.colcon_core.environment:checking '/home/humble/ros2_control/install/bbot_description' for CMake config files
[0.429s] Level 1:colcon.colcon_core.shell:create_environment_hook('bbot_description', 'cmake_prefix_path')
[0.429s] INFO:colcon.colcon_core.shell:Creating environment hook '/home/humble/ros2_control/install/bbot_description/share/bbot_description/hook/cmake_prefix_path.ps1'
[0.429s] INFO:colcon.colcon_core.shell:Creating environment descriptor '/home/humble/ros2_control/install/bbot_description/share/bbot_description/hook/cmake_prefix_path.dsv'
[0.429s] INFO:colcon.colcon_core.shell:Creating environment hook '/home/humble/ros2_control/install/bbot_description/share/bbot_description/hook/cmake_prefix_path.sh'
[0.430s] Level 1:colcon.colcon_core.environment:checking '/home/humble/ros2_control/install/bbot_description/bin'
[0.430s] Level 1:colcon.colcon_core.environment:checking '/home/humble/ros2_control/install/bbot_description/lib/pkgconfig/bbot_description.pc'
[0.430s] Level 1:colcon.colcon_core.environment:checking '/home/humble/ros2_control/install/bbot_description/lib/python3.10/site-packages'
[0.430s] Level 1:colcon.colcon_core.environment:checking '/home/humble/ros2_control/install/bbot_description/bin'
[0.430s] INFO:colcon.colcon_core.shell:Creating package script '/home/humble/ros2_control/install/bbot_description/share/bbot_description/package.ps1'
[0.431s] INFO:colcon.colcon_core.shell:Creating package descriptor '/home/humble/ros2_control/install/bbot_description/share/bbot_description/package.dsv'
[0.431s] INFO:colcon.colcon_core.shell:Creating package script '/home/humble/ros2_control/install/bbot_description/share/bbot_description/package.sh'
[0.431s] INFO:colcon.colcon_core.shell:Creating package script '/home/humble/ros2_control/install/bbot_description/share/bbot_description/package.bash'
[0.432s] INFO:colcon.colcon_core.shell:Creating package script '/home/humble/ros2_control/install/bbot_description/share/bbot_description/package.zsh'
[0.432s] Level 1:colcon.colcon_core.environment:create_file_with_runtime_dependencies(/home/humble/ros2_control/install/bbot_description/share/colcon-core/packages/bbot_description)
[0.432s] INFO:colcon.colcon_ros.task.ament_cmake.build:Building ROS package in '/home/humble/ros2_control/src/my_robot_bringup' with build type 'ament_cmake'
[0.433s] INFO:colcon.colcon_cmake.task.cmake.build:Building CMake package in '/home/humble/ros2_control/src/my_robot_bringup'
[0.433s] INFO:colcon.colcon_core.shell:Skip shell extension 'powershell' for command environment: Not usable outside of PowerShell
[0.433s] DEBUG:colcon.colcon_core.shell:Skip shell extension 'dsv' for command environment
[0.441s] DEBUG:colcon.colcon_core.event_handler.log_command:Invoking command in '/home/humble/ros2_control/build/my_robot_bringup': CMAKE_PREFIX_PATH=/home/humble/ros2_control/install/bbot_description:/home/humble/ros2_control/install/my_robot_bringup:/opt/ros/humble /usr/bin/cmake --build /home/humble/ros2_control/build/my_robot_bringup -- -j16 -l16
[0.478s] DEBUG:colcon.colcon_core.event_handler.log_command:Invoked command in '/home/humble/ros2_control/build/my_robot_bringup' returned '0': CMAKE_PREFIX_PATH=/home/humble/ros2_control/install/bbot_description:/home/humble/ros2_control/install/my_robot_bringup:/opt/ros/humble /usr/bin/cmake --build /home/humble/ros2_control/build/my_robot_bringup -- -j16 -l16
[0.480s] DEBUG:colcon.colcon_core.event_handler.log_command:Invoking command in '/home/humble/ros2_control/build/my_robot_bringup': CMAKE_PREFIX_PATH=/home/humble/ros2_control/install/bbot_description:/home/humble/ros2_control/install/my_robot_bringup:/opt/ros/humble /usr/bin/cmake --install /home/humble/ros2_control/build/my_robot_bringup
[0.500s] Level 1:colcon.colcon_core.environment:create_environment_scripts_only(my_robot_bringup)
[0.501s] Level 1:colcon.colcon_core.environment:checking '/home/humble/ros2_control/install/my_robot_bringup' for CMake module files
[0.501s] DEBUG:colcon.colcon_core.event_handler.log_command:Invoked command in '/home/humble/ros2_control/build/my_robot_bringup' returned '0': CMAKE_PREFIX_PATH=/home/humble/ros2_control/install/bbot_description:/home/humble/ros2_control/install/my_robot_bringup:/opt/ros/humble /usr/bin/cmake --install /home/humble/ros2_control/build/my_robot_bringup
[0.501s] Level 1:colcon.colcon_core.environment:checking '/home/humble/ros2_control/install/my_robot_bringup' for CMake config files
[0.501s] Level 1:colcon.colcon_core.shell:create_environment_hook('my_robot_bringup', 'cmake_prefix_path')
[0.502s] INFO:colcon.colcon_core.shell:Creating environment hook '/home/humble/ros2_control/install/my_robot_bringup/share/my_robot_bringup/hook/cmake_prefix_path.ps1'
[0.502s] INFO:colcon.colcon_core.shell:Creating environment descriptor '/home/humble/ros2_control/install/my_robot_bringup/share/my_robot_bringup/hook/cmake_prefix_path.dsv'
[0.502s] INFO:colcon.colcon_core.shell:Creating environment hook '/home/humble/ros2_control/install/my_robot_bringup/share/my_robot_bringup/hook/cmake_prefix_path.sh'
[0.503s] Level 1:colcon.colcon_core.environment:checking '/home/humble/ros2_control/install/my_robot_bringup/bin'
[0.503s] Level 1:colcon.colcon_core.environment:checking '/home/humble/ros2_control/install/my_robot_bringup/lib/pkgconfig/my_robot_bringup.pc'
[0.503s] Level 1:colcon.colcon_core.environment:checking '/home/humble/ros2_control/install/my_robot_bringup/lib/python3.10/site-packages'
[0.503s] Level 1:colcon.colcon_core.environment:checking '/home/humble/ros2_control/install/my_robot_bringup/bin'
[0.503s] INFO:colcon.colcon_core.shell:Creating package script '/home/humble/ros2_control/install/my_robot_bringup/share/my_robot_bringup/package.ps1'
[0.504s] INFO:colcon.colcon_core.shell:Creating package descriptor '/home/humble/ros2_control/install/my_robot_bringup/share/my_robot_bringup/package.dsv'
[0.504s] INFO:colcon.colcon_core.shell:Creating package script '/home/humble/ros2_control/install/my_robot_bringup/share/my_robot_bringup/package.sh'
[0.504s] INFO:colcon.colcon_core.shell:Creating package script '/home/humble/ros2_control/install/my_robot_bringup/share/my_robot_bringup/package.bash'
[0.504s] INFO:colcon.colcon_core.shell:Creating package script '/home/humble/ros2_control/install/my_robot_bringup/share/my_robot_bringup/package.zsh'
[0.505s] Level 1:colcon.colcon_core.environment:create_file_with_runtime_dependencies(/home/humble/ros2_control/install/my_robot_bringup/share/colcon-core/packages/my_robot_bringup)
[0.505s] Level 1:colcon.colcon_core.environment:create_environment_scripts_only(my_robot_bringup)
[0.505s] Level 1:colcon.colcon_core.environment:checking '/home/humble/ros2_control/install/my_robot_bringup' for CMake module files
[0.506s] Level 1:colcon.colcon_core.environment:checking '/home/humble/ros2_control/install/my_robot_bringup' for CMake config files
[0.506s] Level 1:colcon.colcon_core.shell:create_environment_hook('my_robot_bringup', 'cmake_prefix_path')
[0.506s] INFO:colcon.colcon_core.shell:Creating environment hook '/home/humble/ros2_control/install/my_robot_bringup/share/my_robot_bringup/hook/cmake_prefix_path.ps1'
[0.506s] INFO:colcon.colcon_core.shell:Creating environment descriptor '/home/humble/ros2_control/install/my_robot_bringup/share/my_robot_bringup/hook/cmake_prefix_path.dsv'
[0.507s] INFO:colcon.colcon_core.shell:Creating environment hook '/home/humble/ros2_control/install/my_robot_bringup/share/my_robot_bringup/hook/cmake_prefix_path.sh'
[0.507s] Level 1:colcon.colcon_core.environment:checking '/home/humble/ros2_control/install/my_robot_bringup/bin'
[0.507s] Level 1:colcon.colcon_core.environment:checking '/home/humble/ros2_control/install/my_robot_bringup/lib/pkgconfig/my_robot_bringup.pc'
[0.507s] Level 1:colcon.colcon_core.environment:checking '/home/humble/ros2_control/install/my_robot_bringup/lib/python3.10/site-packages'
[0.507s] Level 1:colcon.colcon_core.environment:checking '/home/humble/ros2_control/install/my_robot_bringup/bin'
[0.507s] INFO:colcon.colcon_core.shell:Creating package script '/home/humble/ros2_control/install/my_robot_bringup/share/my_robot_bringup/package.ps1'
[0.508s] INFO:colcon.colcon_core.shell:Creating package descriptor '/home/humble/ros2_control/install/my_robot_bringup/share/my_robot_bringup/package.dsv'
[0.508s] INFO:colcon.colcon_core.shell:Creating package script '/home/humble/ros2_control/install/my_robot_bringup/share/my_robot_bringup/package.sh'
[0.508s] INFO:colcon.colcon_core.shell:Creating package script '/home/humble/ros2_control/install/my_robot_bringup/share/my_robot_bringup/package.bash'
[0.509s] INFO:colcon.colcon_core.shell:Creating package script '/home/humble/ros2_control/install/my_robot_bringup/share/my_robot_bringup/package.zsh'
[0.509s] Level 1:colcon.colcon_core.environment:create_file_with_runtime_dependencies(/home/humble/ros2_control/install/my_robot_bringup/share/colcon-core/packages/my_robot_bringup)
[0.509s] DEBUG:colcon.colcon_parallel_executor.executor.parallel:closing loop
[0.509s] DEBUG:colcon.colcon_parallel_executor.executor.parallel:loop closed
[0.509s] DEBUG:colcon.colcon_parallel_executor.executor.parallel:run_until_complete finished with '0'
[0.510s] DEBUG:colcon.colcon_core.event_reactor:joining thread
[0.514s] INFO:colcon.colcon_core.plugin_system:Skipping extension 'colcon_notification.desktop_notification.terminal_notifier': Not used on non-Darwin systems
[0.514s] INFO:colcon.colcon_core.plugin_system:Skipping extension 'colcon_notification.desktop_notification.win32': Not used on non-Windows systems
[0.514s] INFO:colcon.colcon_notification.desktop_notification:Sending desktop notification using 'notify2'
[0.526s] DEBUG:colcon.colcon_core.event_reactor:joined thread
[0.526s] INFO:colcon.colcon_core.shell:Creating prefix script '/home/humble/ros2_control/install/local_setup.ps1'
[0.528s] INFO:colcon.colcon_core.shell:Creating prefix util module '/home/humble/ros2_control/install/_local_setup_util_ps1.py'
[0.530s] INFO:colcon.colcon_core.shell:Creating prefix chain script '/home/humble/ros2_control/install/setup.ps1'
[0.531s] INFO:colcon.colcon_core.shell:Creating prefix script '/home/humble/ros2_control/install/local_setup.sh'
[0.532s] INFO:colcon.colcon_core.shell:Creating prefix util module '/home/humble/ros2_control/install/_local_setup_util_sh.py'
[0.532s] INFO:colcon.colcon_core.shell:Creating prefix chain script '/home/humble/ros2_control/install/setup.sh'
[0.533s] INFO:colcon.colcon_core.shell:Creating prefix script '/home/humble/ros2_control/install/local_setup.bash'
[0.533s] INFO:colcon.colcon_core.shell:Creating prefix chain script '/home/humble/ros2_control/install/setup.bash'
[0.534s] INFO:colcon.colcon_core.shell:Creating prefix script '/home/humble/ros2_control/install/local_setup.zsh'
[0.535s] INFO:colcon.colcon_core.shell:Creating prefix chain script '/home/humble/ros2_control/install/setup.zsh'
