[0.089s] DEBUG:colcon:Command line arguments: ['/usr/bin/colcon', 'build']
[0.090s] DEBUG:colcon:Parsed command line arguments: Namespace(log_base=None, log_level=None, verb_name='build', build_base='build', install_base='install', merge_install=False, symlink_install=False, test_result_base=None, continue_on_error=False, executor='parallel', parallel_workers=16, event_handlers=None, ignore_user_meta=False, metas=['./colcon.meta'], base_paths=['.'], packages_ignore=None, packages_ignore_regex=None, paths=None, packages_up_to=None, packages_up_to_regex=None, packages_above=None, packages_above_and_dependencies=None, packages_above_depth=None, packages_select_by_dep=None, packages_skip_by_dep=None, packages_skip_up_to=None, packages_select_build_failed=False, packages_skip_build_finished=False, packages_select_test_failures=False, packages_skip_test_passed=False, packages_select=None, packages_skip=None, packages_select_regex=None, packages_skip_regex=None, packages_start=None, packages_end=None, allow_overriding=[], cmake_args=None, cmake_target=None, cmake_target_skip_unavailable=False, cmake_clean_cache=False, cmake_clean_first=False, cmake_force_configure=False, ament_cmake_args=None, catkin_cmake_args=None, catkin_skip_building_tests=False, verb_parser=<colcon_defaults.argument_parser.defaults.DefaultArgumentsDecorator object at 0x7e1b9d025090>, verb_extension=<colcon_core.verb.build.BuildVerb object at 0x7e1b9d172500>, main=<bound method BuildVerb.main of <colcon_core.verb.build.BuildVerb object at 0x7e1b9d172500>>)
[0.245s] Level 1:colcon.colcon_core.package_discovery:discover_packages(colcon_meta) check parameters
[0.245s] Level 1:colcon.colcon_core.package_discovery:discover_packages(recursive) check parameters
[0.245s] Level 1:colcon.colcon_core.package_discovery:discover_packages(ignore) check parameters
[0.245s] Level 1:colcon.colcon_core.package_discovery:discover_packages(path) check parameters
[0.245s] Level 1:colcon.colcon_core.package_discovery:discover_packages(colcon_meta) discover
[0.245s] Level 1:colcon.colcon_core.package_discovery:discover_packages(recursive) discover
[0.245s] INFO:colcon.colcon_core.package_discovery:Crawling recursively for packages in '/home/humble/ros2_control'
[0.245s] Level 1:colcon.colcon_core.package_identification:_identify(.) by extensions ['ignore', 'ignore_ament_install']
[0.245s] Level 1:colcon.colcon_core.package_identification:_identify(.) by extension 'ignore'
[0.245s] Level 1:colcon.colcon_core.package_identification:_identify(.) by extension 'ignore_ament_install'
[0.245s] Level 1:colcon.colcon_core.package_identification:_identify(.) by extensions ['colcon_pkg']
[0.245s] Level 1:colcon.colcon_core.package_identification:_identify(.) by extension 'colcon_pkg'
[0.245s] Level 1:colcon.colcon_core.package_identification:_identify(.) by extensions ['colcon_meta']
[0.245s] Level 1:colcon.colcon_core.package_identification:_identify(.) by extension 'colcon_meta'
[0.245s] Level 1:colcon.colcon_core.package_identification:_identify(.) by extensions ['ros']
[0.245s] Level 1:colcon.colcon_core.package_identification:_identify(.) by extension 'ros'
[0.254s] Level 1:colcon.colcon_core.package_identification:_identify(.) by extensions ['cmake', 'python']
[0.254s] Level 1:colcon.colcon_core.package_identification:_identify(.) by extension 'cmake'
[0.254s] Level 1:colcon.colcon_core.package_identification:_identify(.) by extension 'python'
[0.254s] Level 1:colcon.colcon_core.package_identification:_identify(.) by extensions ['python_setup_py']
[0.254s] Level 1:colcon.colcon_core.package_identification:_identify(.) by extension 'python_setup_py'
[0.254s] Level 1:colcon.colcon_core.package_identification:_identify(build) by extensions ['ignore', 'ignore_ament_install']
[0.254s] Level 1:colcon.colcon_core.package_identification:_identify(build) by extension 'ignore'
[0.254s] Level 1:colcon.colcon_core.package_identification:_identify(build) ignored
[0.254s] Level 1:colcon.colcon_core.package_identification:_identify(install) by extensions ['ignore', 'ignore_ament_install']
[0.254s] Level 1:colcon.colcon_core.package_identification:_identify(install) by extension 'ignore'
[0.254s] Level 1:colcon.colcon_core.package_identification:_identify(install) ignored
[0.255s] Level 1:colcon.colcon_core.package_identification:_identify(log) by extensions ['ignore', 'ignore_ament_install']
[0.255s] Level 1:colcon.colcon_core.package_identification:_identify(log) by extension 'ignore'
[0.255s] Level 1:colcon.colcon_core.package_identification:_identify(log) ignored
[0.255s] Level 1:colcon.colcon_core.package_identification:_identify(src) by extensions ['ignore', 'ignore_ament_install']
[0.255s] Level 1:colcon.colcon_core.package_identification:_identify(src) by extension 'ignore'
[0.255s] Level 1:colcon.colcon_core.package_identification:_identify(src) by extension 'ignore_ament_install'
[0.255s] Level 1:colcon.colcon_core.package_identification:_identify(src) by extensions ['colcon_pkg']
[0.255s] Level 1:colcon.colcon_core.package_identification:_identify(src) by extension 'colcon_pkg'
[0.255s] Level 1:colcon.colcon_core.package_identification:_identify(src) by extensions ['colcon_meta']
[0.255s] Level 1:colcon.colcon_core.package_identification:_identify(src) by extension 'colcon_meta'
[0.255s] Level 1:colcon.colcon_core.package_identification:_identify(src) by extensions ['ros']
[0.255s] Level 1:colcon.colcon_core.package_identification:_identify(src) by extension 'ros'
[0.255s] Level 1:colcon.colcon_core.package_identification:_identify(src) by extensions ['cmake', 'python']
[0.255s] Level 1:colcon.colcon_core.package_identification:_identify(src) by extension 'cmake'
[0.255s] Level 1:colcon.colcon_core.package_identification:_identify(src) by extension 'python'
[0.255s] Level 1:colcon.colcon_core.package_identification:_identify(src) by extensions ['python_setup_py']
[0.255s] Level 1:colcon.colcon_core.package_identification:_identify(src) by extension 'python_setup_py'
[0.255s] Level 1:colcon.colcon_core.package_identification:_identify(src/bbot_demo) by extensions ['ignore', 'ignore_ament_install']
[0.255s] Level 1:colcon.colcon_core.package_identification:_identify(src/bbot_demo) by extension 'ignore'
[0.255s] Level 1:colcon.colcon_core.package_identification:_identify(src/bbot_demo) by extension 'ignore_ament_install'
[0.256s] Level 1:colcon.colcon_core.package_identification:_identify(src/bbot_demo) by extensions ['colcon_pkg']
[0.256s] Level 1:colcon.colcon_core.package_identification:_identify(src/bbot_demo) by extension 'colcon_pkg'
[0.256s] Level 1:colcon.colcon_core.package_identification:_identify(src/bbot_demo) by extensions ['colcon_meta']
[0.256s] Level 1:colcon.colcon_core.package_identification:_identify(src/bbot_demo) by extension 'colcon_meta'
[0.256s] Level 1:colcon.colcon_core.package_identification:_identify(src/bbot_demo) by extensions ['ros']
[0.256s] Level 1:colcon.colcon_core.package_identification:_identify(src/bbot_demo) by extension 'ros'
[0.256s] Level 1:colcon.colcon_core.package_identification:_identify(src/bbot_demo) by extensions ['cmake', 'python']
[0.256s] Level 1:colcon.colcon_core.package_identification:_identify(src/bbot_demo) by extension 'cmake'
[0.256s] Level 1:colcon.colcon_core.package_identification:_identify(src/bbot_demo) by extension 'python'
[0.256s] Level 1:colcon.colcon_core.package_identification:_identify(src/bbot_demo) by extensions ['python_setup_py']
[0.256s] Level 1:colcon.colcon_core.package_identification:_identify(src/bbot_demo) by extension 'python_setup_py'
[0.256s] Level 1:colcon.colcon_core.package_identification:_identify(src/bbot_demo/src) by extensions ['ignore', 'ignore_ament_install']
[0.256s] Level 1:colcon.colcon_core.package_identification:_identify(src/bbot_demo/src) by extension 'ignore'
[0.256s] Level 1:colcon.colcon_core.package_identification:_identify(src/bbot_demo/src) by extension 'ignore_ament_install'
[0.256s] Level 1:colcon.colcon_core.package_identification:_identify(src/bbot_demo/src) by extensions ['colcon_pkg']
[0.256s] Level 1:colcon.colcon_core.package_identification:_identify(src/bbot_demo/src) by extension 'colcon_pkg'
[0.256s] Level 1:colcon.colcon_core.package_identification:_identify(src/bbot_demo/src) by extensions ['colcon_meta']
[0.256s] Level 1:colcon.colcon_core.package_identification:_identify(src/bbot_demo/src) by extension 'colcon_meta'
[0.256s] Level 1:colcon.colcon_core.package_identification:_identify(src/bbot_demo/src) by extensions ['ros']
[0.256s] Level 1:colcon.colcon_core.package_identification:_identify(src/bbot_demo/src) by extension 'ros'
[0.256s] Level 1:colcon.colcon_core.package_identification:_identify(src/bbot_demo/src) by extensions ['cmake', 'python']
[0.256s] Level 1:colcon.colcon_core.package_identification:_identify(src/bbot_demo/src) by extension 'cmake'
[0.256s] Level 1:colcon.colcon_core.package_identification:_identify(src/bbot_demo/src) by extension 'python'
[0.256s] Level 1:colcon.colcon_core.package_identification:_identify(src/bbot_demo/src) by extensions ['python_setup_py']
[0.256s] Level 1:colcon.colcon_core.package_identification:_identify(src/bbot_demo/src) by extension 'python_setup_py'
[0.257s] Level 1:colcon.colcon_core.package_identification:_identify(src/bbot_demo/src/bbot_description) by extensions ['ignore', 'ignore_ament_install']
[0.257s] Level 1:colcon.colcon_core.package_identification:_identify(src/bbot_demo/src/bbot_description) by extension 'ignore'
[0.257s] Level 1:colcon.colcon_core.package_identification:_identify(src/bbot_demo/src/bbot_description) by extension 'ignore_ament_install'
[0.257s] Level 1:colcon.colcon_core.package_identification:_identify(src/bbot_demo/src/bbot_description) by extensions ['colcon_pkg']
[0.257s] Level 1:colcon.colcon_core.package_identification:_identify(src/bbot_demo/src/bbot_description) by extension 'colcon_pkg'
[0.257s] Level 1:colcon.colcon_core.package_identification:_identify(src/bbot_demo/src/bbot_description) by extensions ['colcon_meta']
[0.257s] Level 1:colcon.colcon_core.package_identification:_identify(src/bbot_demo/src/bbot_description) by extension 'colcon_meta'
[0.257s] Level 1:colcon.colcon_core.package_identification:_identify(src/bbot_demo/src/bbot_description) by extensions ['ros']
[0.257s] Level 1:colcon.colcon_core.package_identification:_identify(src/bbot_demo/src/bbot_description) by extension 'ros'
[0.259s] DEBUG:colcon.colcon_core.package_identification:Package 'src/bbot_demo/src/bbot_description' with type 'ros.ament_cmake' and name 'bbot_description'
[0.259s] Level 1:colcon.colcon_core.package_identification:_identify(src/dxl_test) by extensions ['ignore', 'ignore_ament_install']
[0.259s] Level 1:colcon.colcon_core.package_identification:_identify(src/dxl_test) by extension 'ignore'
[0.259s] Level 1:colcon.colcon_core.package_identification:_identify(src/dxl_test) by extension 'ignore_ament_install'
[0.259s] Level 1:colcon.colcon_core.package_identification:_identify(src/dxl_test) by extensions ['colcon_pkg']
[0.259s] Level 1:colcon.colcon_core.package_identification:_identify(src/dxl_test) by extension 'colcon_pkg'
[0.259s] Level 1:colcon.colcon_core.package_identification:_identify(src/dxl_test) by extensions ['colcon_meta']
[0.259s] Level 1:colcon.colcon_core.package_identification:_identify(src/dxl_test) by extension 'colcon_meta'
[0.259s] Level 1:colcon.colcon_core.package_identification:_identify(src/dxl_test) by extensions ['ros']
[0.259s] Level 1:colcon.colcon_core.package_identification:_identify(src/dxl_test) by extension 'ros'
[0.260s] DEBUG:colcon.colcon_core.package_identification:Package 'src/dxl_test' with type 'ros.ament_cmake' and name 'dxl_test'
[0.260s] Level 1:colcon.colcon_core.package_identification:_identify(src/my_robot_bringup) by extensions ['ignore', 'ignore_ament_install']
[0.260s] Level 1:colcon.colcon_core.package_identification:_identify(src/my_robot_bringup) by extension 'ignore'
[0.260s] Level 1:colcon.colcon_core.package_identification:_identify(src/my_robot_bringup) by extension 'ignore_ament_install'
[0.260s] Level 1:colcon.colcon_core.package_identification:_identify(src/my_robot_bringup) by extensions ['colcon_pkg']
[0.260s] Level 1:colcon.colcon_core.package_identification:_identify(src/my_robot_bringup) by extension 'colcon_pkg'
[0.260s] Level 1:colcon.colcon_core.package_identification:_identify(src/my_robot_bringup) by extensions ['colcon_meta']
[0.260s] Level 1:colcon.colcon_core.package_identification:_identify(src/my_robot_bringup) by extension 'colcon_meta'
[0.260s] Level 1:colcon.colcon_core.package_identification:_identify(src/my_robot_bringup) by extensions ['ros']
[0.260s] Level 1:colcon.colcon_core.package_identification:_identify(src/my_robot_bringup) by extension 'ros'
[0.261s] DEBUG:colcon.colcon_core.package_identification:Package 'src/my_robot_bringup' with type 'ros.ament_cmake' and name 'my_robot_bringup'
[0.261s] Level 1:colcon.colcon_core.package_identification:_identify(src/my_robot_hardware) by extensions ['ignore', 'ignore_ament_install']
[0.261s] Level 1:colcon.colcon_core.package_identification:_identify(src/my_robot_hardware) by extension 'ignore'
[0.261s] Level 1:colcon.colcon_core.package_identification:_identify(src/my_robot_hardware) by extension 'ignore_ament_install'
[0.261s] Level 1:colcon.colcon_core.package_identification:_identify(src/my_robot_hardware) by extensions ['colcon_pkg']
[0.261s] Level 1:colcon.colcon_core.package_identification:_identify(src/my_robot_hardware) by extension 'colcon_pkg'
[0.261s] Level 1:colcon.colcon_core.package_identification:_identify(src/my_robot_hardware) by extensions ['colcon_meta']
[0.261s] Level 1:colcon.colcon_core.package_identification:_identify(src/my_robot_hardware) by extension 'colcon_meta'
[0.261s] Level 1:colcon.colcon_core.package_identification:_identify(src/my_robot_hardware) by extensions ['ros']
[0.261s] Level 1:colcon.colcon_core.package_identification:_identify(src/my_robot_hardware) by extension 'ros'
[0.262s] DEBUG:colcon.colcon_core.package_identification:Package 'src/my_robot_hardware' with type 'ros.ament_cmake' and name 'my_robot_hardware'
[0.262s] Level 1:colcon.colcon_core.package_discovery:discover_packages(recursive) using defaults
[0.262s] Level 1:colcon.colcon_core.package_discovery:discover_packages(ignore) discover
[0.262s] Level 1:colcon.colcon_core.package_discovery:discover_packages(ignore) using defaults
[0.262s] Level 1:colcon.colcon_core.package_discovery:discover_packages(path) discover
[0.262s] Level 1:colcon.colcon_core.package_discovery:discover_packages(path) using defaults
[0.286s] Level 1:colcon.colcon_core.package_discovery:discover_packages(prefix_path) check parameters
[0.286s] Level 1:colcon.colcon_core.package_discovery:discover_packages(prefix_path) discover
[0.288s] DEBUG:colcon.colcon_installed_package_information.package_discovery:Found 419 installed packages in /opt/ros/humble
[0.290s] Level 1:colcon.colcon_core.package_discovery:discover_packages(prefix_path) using defaults
[0.330s] Level 5:colcon.colcon_core.verb:set package 'bbot_description' build argument 'cmake_args' from command line to 'None'
[0.330s] Level 5:colcon.colcon_core.verb:set package 'bbot_description' build argument 'cmake_target' from command line to 'None'
[0.330s] Level 5:colcon.colcon_core.verb:set package 'bbot_description' build argument 'cmake_target_skip_unavailable' from command line to 'False'
[0.330s] Level 5:colcon.colcon_core.verb:set package 'bbot_description' build argument 'cmake_clean_cache' from command line to 'False'
[0.330s] Level 5:colcon.colcon_core.verb:set package 'bbot_description' build argument 'cmake_clean_first' from command line to 'False'
[0.330s] Level 5:colcon.colcon_core.verb:set package 'bbot_description' build argument 'cmake_force_configure' from command line to 'False'
[0.330s] Level 5:colcon.colcon_core.verb:set package 'bbot_description' build argument 'ament_cmake_args' from command line to 'None'
[0.330s] Level 5:colcon.colcon_core.verb:set package 'bbot_description' build argument 'catkin_cmake_args' from command line to 'None'
[0.330s] Level 5:colcon.colcon_core.verb:set package 'bbot_description' build argument 'catkin_skip_building_tests' from command line to 'False'
[0.330s] DEBUG:colcon.colcon_core.verb:Building package 'bbot_description' with the following arguments: {'ament_cmake_args': None, 'build_base': '/home/humble/ros2_control/build/bbot_description', 'catkin_cmake_args': None, 'catkin_skip_building_tests': False, 'cmake_args': None, 'cmake_clean_cache': False, 'cmake_clean_first': False, 'cmake_force_configure': False, 'cmake_target': None, 'cmake_target_skip_unavailable': False, 'install_base': '/home/humble/ros2_control/install/bbot_description', 'merge_install': False, 'path': '/home/humble/ros2_control/src/bbot_demo/src/bbot_description', 'symlink_install': False, 'test_result_base': None}
[0.331s] Level 5:colcon.colcon_core.verb:set package 'dxl_test' build argument 'cmake_args' from command line to 'None'
[0.331s] Level 5:colcon.colcon_core.verb:set package 'dxl_test' build argument 'cmake_target' from command line to 'None'
[0.331s] Level 5:colcon.colcon_core.verb:set package 'dxl_test' build argument 'cmake_target_skip_unavailable' from command line to 'False'
[0.331s] Level 5:colcon.colcon_core.verb:set package 'dxl_test' build argument 'cmake_clean_cache' from command line to 'False'
[0.331s] Level 5:colcon.colcon_core.verb:set package 'dxl_test' build argument 'cmake_clean_first' from command line to 'False'
[0.331s] Level 5:colcon.colcon_core.verb:set package 'dxl_test' build argument 'cmake_force_configure' from command line to 'False'
[0.331s] Level 5:colcon.colcon_core.verb:set package 'dxl_test' build argument 'ament_cmake_args' from command line to 'None'
[0.331s] Level 5:colcon.colcon_core.verb:set package 'dxl_test' build argument 'catkin_cmake_args' from command line to 'None'
[0.331s] Level 5:colcon.colcon_core.verb:set package 'dxl_test' build argument 'catkin_skip_building_tests' from command line to 'False'
[0.331s] DEBUG:colcon.colcon_core.verb:Building package 'dxl_test' with the following arguments: {'ament_cmake_args': None, 'build_base': '/home/humble/ros2_control/build/dxl_test', 'catkin_cmake_args': None, 'catkin_skip_building_tests': False, 'cmake_args': None, 'cmake_clean_cache': False, 'cmake_clean_first': False, 'cmake_force_configure': False, 'cmake_target': None, 'cmake_target_skip_unavailable': False, 'install_base': '/home/humble/ros2_control/install/dxl_test', 'merge_install': False, 'path': '/home/humble/ros2_control/src/dxl_test', 'symlink_install': False, 'test_result_base': None}
[0.331s] Level 5:colcon.colcon_core.verb:set package 'my_robot_hardware' build argument 'cmake_args' from command line to 'None'
[0.331s] Level 5:colcon.colcon_core.verb:set package 'my_robot_hardware' build argument 'cmake_target' from command line to 'None'
[0.331s] Level 5:colcon.colcon_core.verb:set package 'my_robot_hardware' build argument 'cmake_target_skip_unavailable' from command line to 'False'
[0.331s] Level 5:colcon.colcon_core.verb:set package 'my_robot_hardware' build argument 'cmake_clean_cache' from command line to 'False'
[0.331s] Level 5:colcon.colcon_core.verb:set package 'my_robot_hardware' build argument 'cmake_clean_first' from command line to 'False'
[0.331s] Level 5:colcon.colcon_core.verb:set package 'my_robot_hardware' build argument 'cmake_force_configure' from command line to 'False'
[0.331s] Level 5:colcon.colcon_core.verb:set package 'my_robot_hardware' build argument 'ament_cmake_args' from command line to 'None'
[0.331s] Level 5:colcon.colcon_core.verb:set package 'my_robot_hardware' build argument 'catkin_cmake_args' from command line to 'None'
[0.331s] Level 5:colcon.colcon_core.verb:set package 'my_robot_hardware' build argument 'catkin_skip_building_tests' from command line to 'False'
[0.331s] DEBUG:colcon.colcon_core.verb:Building package 'my_robot_hardware' with the following arguments: {'ament_cmake_args': None, 'build_base': '/home/humble/ros2_control/build/my_robot_hardware', 'catkin_cmake_args': None, 'catkin_skip_building_tests': False, 'cmake_args': None, 'cmake_clean_cache': False, 'cmake_clean_first': False, 'cmake_force_configure': False, 'cmake_target': None, 'cmake_target_skip_unavailable': False, 'install_base': '/home/humble/ros2_control/install/my_robot_hardware', 'merge_install': False, 'path': '/home/humble/ros2_control/src/my_robot_hardware', 'symlink_install': False, 'test_result_base': None}
[0.331s] Level 5:colcon.colcon_core.verb:set package 'my_robot_bringup' build argument 'cmake_args' from command line to 'None'
[0.331s] Level 5:colcon.colcon_core.verb:set package 'my_robot_bringup' build argument 'cmake_target' from command line to 'None'
[0.331s] Level 5:colcon.colcon_core.verb:set package 'my_robot_bringup' build argument 'cmake_target_skip_unavailable' from command line to 'False'
[0.331s] Level 5:colcon.colcon_core.verb:set package 'my_robot_bringup' build argument 'cmake_clean_cache' from command line to 'False'
[0.332s] Level 5:colcon.colcon_core.verb:set package 'my_robot_bringup' build argument 'cmake_clean_first' from command line to 'False'
[0.332s] Level 5:colcon.colcon_core.verb:set package 'my_robot_bringup' build argument 'cmake_force_configure' from command line to 'False'
[0.332s] Level 5:colcon.colcon_core.verb:set package 'my_robot_bringup' build argument 'ament_cmake_args' from command line to 'None'
[0.332s] Level 5:colcon.colcon_core.verb:set package 'my_robot_bringup' build argument 'catkin_cmake_args' from command line to 'None'
[0.332s] Level 5:colcon.colcon_core.verb:set package 'my_robot_bringup' build argument 'catkin_skip_building_tests' from command line to 'False'
[0.332s] DEBUG:colcon.colcon_core.verb:Building package 'my_robot_bringup' with the following arguments: {'ament_cmake_args': None, 'build_base': '/home/humble/ros2_control/build/my_robot_bringup', 'catkin_cmake_args': None, 'catkin_skip_building_tests': False, 'cmake_args': None, 'cmake_clean_cache': False, 'cmake_clean_first': False, 'cmake_force_configure': False, 'cmake_target': None, 'cmake_target_skip_unavailable': False, 'install_base': '/home/humble/ros2_control/install/my_robot_bringup', 'merge_install': False, 'path': '/home/humble/ros2_control/src/my_robot_bringup', 'symlink_install': False, 'test_result_base': None}
[0.332s] INFO:colcon.colcon_core.executor:Executing jobs using 'parallel' executor
[0.333s] DEBUG:colcon.colcon_parallel_executor.executor.parallel:run_until_complete
[0.333s] INFO:colcon.colcon_ros.task.ament_cmake.build:Building ROS package in '/home/humble/ros2_control/src/bbot_demo/src/bbot_description' with build type 'ament_cmake'
[0.333s] INFO:colcon.colcon_cmake.task.cmake.build:Building CMake package in '/home/humble/ros2_control/src/bbot_demo/src/bbot_description'
[0.335s] INFO:colcon.colcon_core.plugin_system:Skipping extension 'colcon_core.shell.bat': Not used on non-Windows systems
[0.335s] INFO:colcon.colcon_core.shell:Skip shell extension 'powershell' for command environment: Not usable outside of PowerShell
[0.335s] DEBUG:colcon.colcon_core.shell:Skip shell extension 'dsv' for command environment
[0.338s] INFO:colcon.colcon_ros.task.ament_cmake.build:Building ROS package in '/home/humble/ros2_control/src/dxl_test' with build type 'ament_cmake'
[0.338s] INFO:colcon.colcon_cmake.task.cmake.build:Building CMake package in '/home/humble/ros2_control/src/dxl_test'
[0.338s] INFO:colcon.colcon_core.shell:Skip shell extension 'powershell' for command environment: Not usable outside of PowerShell
[0.338s] DEBUG:colcon.colcon_core.shell:Skip shell extension 'dsv' for command environment
[0.341s] INFO:colcon.colcon_ros.task.ament_cmake.build:Building ROS package in '/home/humble/ros2_control/src/my_robot_hardware' with build type 'ament_cmake'
[0.341s] INFO:colcon.colcon_cmake.task.cmake.build:Building CMake package in '/home/humble/ros2_control/src/my_robot_hardware'
[0.341s] INFO:colcon.colcon_core.shell:Skip shell extension 'powershell' for command environment: Not usable outside of PowerShell
[0.341s] DEBUG:colcon.colcon_core.shell:Skip shell extension 'dsv' for command environment
[0.348s] DEBUG:colcon.colcon_core.event_handler.log_command:Invoking command in '/home/humble/ros2_control/build/bbot_description': CMAKE_PREFIX_PATH=/opt/ros/humble /usr/bin/cmake --build /home/humble/ros2_control/build/bbot_description -- -j16 -l16
[0.351s] DEBUG:colcon.colcon_core.event_handler.log_command:Invoking command in '/home/humble/ros2_control/build/dxl_test': CMAKE_PREFIX_PATH=/opt/ros/humble /usr/bin/cmake --build /home/humble/ros2_control/build/dxl_test -- -j16 -l16
[0.354s] DEBUG:colcon.colcon_core.event_handler.log_command:Invoking command in '/home/humble/ros2_control/build/my_robot_hardware': CMAKE_PREFIX_PATH=/opt/ros/humble /usr/bin/cmake --build /home/humble/ros2_control/build/my_robot_hardware -- -j16 -l16
[0.389s] DEBUG:colcon.colcon_core.event_handler.log_command:Invoked command in '/home/humble/ros2_control/build/bbot_description' returned '0': CMAKE_PREFIX_PATH=/opt/ros/humble /usr/bin/cmake --build /home/humble/ros2_control/build/bbot_description -- -j16 -l16
[0.399s] DEBUG:colcon.colcon_core.event_handler.log_command:Invoking command in '/home/humble/ros2_control/build/bbot_description': CMAKE_PREFIX_PATH=/opt/ros/humble /usr/bin/cmake --install /home/humble/ros2_control/build/bbot_description
[0.413s] DEBUG:colcon.colcon_core.event_handler.log_command:Invoked command in '/home/humble/ros2_control/build/dxl_test' returned '0': CMAKE_PREFIX_PATH=/opt/ros/humble /usr/bin/cmake --build /home/humble/ros2_control/build/dxl_test -- -j16 -l16
[0.415s] DEBUG:colcon.colcon_core.event_handler.log_command:Invoking command in '/home/humble/ros2_control/build/dxl_test': CMAKE_PREFIX_PATH=/opt/ros/humble /usr/bin/cmake --install /home/humble/ros2_control/build/dxl_test
[0.421s] Level 1:colcon.colcon_core.environment:create_environment_scripts_only(bbot_description)
[0.421s] DEBUG:colcon.colcon_core.event_handler.log_command:Invoked command in '/home/humble/ros2_control/build/bbot_description' returned '0': CMAKE_PREFIX_PATH=/opt/ros/humble /usr/bin/cmake --install /home/humble/ros2_control/build/bbot_description
[0.425s] Level 1:colcon.colcon_core.environment:checking '/home/humble/ros2_control/install/bbot_description' for CMake module files
[0.425s] Level 1:colcon.colcon_core.environment:checking '/home/humble/ros2_control/install/bbot_description' for CMake config files
[0.425s] Level 1:colcon.colcon_core.shell:create_environment_hook('bbot_description', 'cmake_prefix_path')
[0.426s] INFO:colcon.colcon_core.shell:Creating environment hook '/home/humble/ros2_control/install/bbot_description/share/bbot_description/hook/cmake_prefix_path.ps1'
[0.426s] INFO:colcon.colcon_core.shell:Creating environment descriptor '/home/humble/ros2_control/install/bbot_description/share/bbot_description/hook/cmake_prefix_path.dsv'
[0.426s] INFO:colcon.colcon_core.shell:Creating environment hook '/home/humble/ros2_control/install/bbot_description/share/bbot_description/hook/cmake_prefix_path.sh'
[0.427s] Level 1:colcon.colcon_core.environment:checking '/home/humble/ros2_control/install/bbot_description/bin'
[0.427s] Level 1:colcon.colcon_core.environment:checking '/home/humble/ros2_control/install/bbot_description/lib/pkgconfig/bbot_description.pc'
[0.427s] Level 1:colcon.colcon_core.environment:checking '/home/humble/ros2_control/install/bbot_description/lib/python3.10/site-packages'
[0.428s] Level 1:colcon.colcon_core.environment:checking '/home/humble/ros2_control/install/bbot_description/bin'
[0.428s] INFO:colcon.colcon_core.shell:Creating package script '/home/humble/ros2_control/install/bbot_description/share/bbot_description/package.ps1'
[0.428s] INFO:colcon.colcon_core.shell:Creating package descriptor '/home/humble/ros2_control/install/bbot_description/share/bbot_description/package.dsv'
[0.429s] INFO:colcon.colcon_core.shell:Creating package script '/home/humble/ros2_control/install/bbot_description/share/bbot_description/package.sh'
[0.429s] INFO:colcon.colcon_core.shell:Creating package script '/home/humble/ros2_control/install/bbot_description/share/bbot_description/package.bash'
[0.430s] INFO:colcon.colcon_core.shell:Creating package script '/home/humble/ros2_control/install/bbot_description/share/bbot_description/package.zsh'
[0.430s] Level 1:colcon.colcon_core.environment:create_file_with_runtime_dependencies(/home/humble/ros2_control/install/bbot_description/share/colcon-core/packages/bbot_description)
[0.431s] Level 1:colcon.colcon_core.environment:create_environment_scripts_only(bbot_description)
[0.431s] Level 1:colcon.colcon_core.environment:checking '/home/humble/ros2_control/install/bbot_description' for CMake module files
[0.431s] Level 1:colcon.colcon_core.environment:checking '/home/humble/ros2_control/install/bbot_description' for CMake config files
[0.432s] Level 1:colcon.colcon_core.shell:create_environment_hook('bbot_description', 'cmake_prefix_path')
[0.432s] INFO:colcon.colcon_core.shell:Creating environment hook '/home/humble/ros2_control/install/bbot_description/share/bbot_description/hook/cmake_prefix_path.ps1'
[0.432s] INFO:colcon.colcon_core.shell:Creating environment descriptor '/home/humble/ros2_control/install/bbot_description/share/bbot_description/hook/cmake_prefix_path.dsv'
[0.433s] INFO:colcon.colcon_core.shell:Creating environment hook '/home/humble/ros2_control/install/bbot_description/share/bbot_description/hook/cmake_prefix_path.sh'
[0.433s] Level 1:colcon.colcon_core.environment:checking '/home/humble/ros2_control/install/bbot_description/bin'
[0.433s] Level 1:colcon.colcon_core.environment:checking '/home/humble/ros2_control/install/bbot_description/lib/pkgconfig/bbot_description.pc'
[0.434s] Level 1:colcon.colcon_core.environment:checking '/home/humble/ros2_control/install/bbot_description/lib/python3.10/site-packages'
[0.434s] Level 1:colcon.colcon_core.environment:checking '/home/humble/ros2_control/install/bbot_description/bin'
[0.434s] INFO:colcon.colcon_core.shell:Creating package script '/home/humble/ros2_control/install/bbot_description/share/bbot_description/package.ps1'
[0.435s] INFO:colcon.colcon_core.shell:Creating package descriptor '/home/humble/ros2_control/install/bbot_description/share/bbot_description/package.dsv'
[0.435s] INFO:colcon.colcon_core.shell:Creating package script '/home/humble/ros2_control/install/bbot_description/share/bbot_description/package.sh'
[0.436s] INFO:colcon.colcon_core.shell:Creating package script '/home/humble/ros2_control/install/bbot_description/share/bbot_description/package.bash'
[0.436s] INFO:colcon.colcon_core.shell:Creating package script '/home/humble/ros2_control/install/bbot_description/share/bbot_description/package.zsh'
[0.436s] Level 1:colcon.colcon_core.environment:create_file_with_runtime_dependencies(/home/humble/ros2_control/install/bbot_description/share/colcon-core/packages/bbot_description)
[0.437s] INFO:colcon.colcon_ros.task.ament_cmake.build:Building ROS package in '/home/humble/ros2_control/src/my_robot_bringup' with build type 'ament_cmake'
[0.437s] INFO:colcon.colcon_cmake.task.cmake.build:Building CMake package in '/home/humble/ros2_control/src/my_robot_bringup'
[0.437s] INFO:colcon.colcon_core.shell:Skip shell extension 'powershell' for command environment: Not usable outside of PowerShell
[0.437s] DEBUG:colcon.colcon_core.shell:Skip shell extension 'dsv' for command environment
[0.441s] Level 1:colcon.colcon_core.environment:create_environment_scripts_only(dxl_test)
[0.441s] Level 1:colcon.colcon_core.environment:checking '/home/humble/ros2_control/install/dxl_test' for CMake module files
[0.441s] DEBUG:colcon.colcon_core.event_handler.log_command:Invoked command in '/home/humble/ros2_control/build/dxl_test' returned '0': CMAKE_PREFIX_PATH=/opt/ros/humble /usr/bin/cmake --install /home/humble/ros2_control/build/dxl_test
[0.441s] Level 1:colcon.colcon_core.environment:checking '/home/humble/ros2_control/install/dxl_test' for CMake config files
[0.442s] Level 1:colcon.colcon_core.shell:create_environment_hook('dxl_test', 'cmake_prefix_path')
[0.442s] INFO:colcon.colcon_core.shell:Creating environment hook '/home/humble/ros2_control/install/dxl_test/share/dxl_test/hook/cmake_prefix_path.ps1'
[0.442s] INFO:colcon.colcon_core.shell:Creating environment descriptor '/home/humble/ros2_control/install/dxl_test/share/dxl_test/hook/cmake_prefix_path.dsv'
[0.443s] INFO:colcon.colcon_core.shell:Creating environment hook '/home/humble/ros2_control/install/dxl_test/share/dxl_test/hook/cmake_prefix_path.sh'
[0.443s] Level 1:colcon.colcon_core.environment:checking '/home/humble/ros2_control/install/dxl_test/lib'
[0.443s] Level 1:colcon.colcon_core.environment:checking '/home/humble/ros2_control/install/dxl_test/bin'
[0.443s] Level 1:colcon.colcon_core.environment:checking '/home/humble/ros2_control/install/dxl_test/lib/pkgconfig/dxl_test.pc'
[0.443s] Level 1:colcon.colcon_core.environment:checking '/home/humble/ros2_control/install/dxl_test/lib/python3.10/site-packages'
[0.444s] Level 1:colcon.colcon_core.environment:checking '/home/humble/ros2_control/install/dxl_test/bin'
[0.444s] INFO:colcon.colcon_core.shell:Creating package script '/home/humble/ros2_control/install/dxl_test/share/dxl_test/package.ps1'
[0.444s] INFO:colcon.colcon_core.shell:Creating package descriptor '/home/humble/ros2_control/install/dxl_test/share/dxl_test/package.dsv'
[0.444s] INFO:colcon.colcon_core.shell:Creating package script '/home/humble/ros2_control/install/dxl_test/share/dxl_test/package.sh'
[0.445s] INFO:colcon.colcon_core.shell:Creating package script '/home/humble/ros2_control/install/dxl_test/share/dxl_test/package.bash'
[0.445s] INFO:colcon.colcon_core.shell:Creating package script '/home/humble/ros2_control/install/dxl_test/share/dxl_test/package.zsh'
[0.445s] Level 1:colcon.colcon_core.environment:create_file_with_runtime_dependencies(/home/humble/ros2_control/install/dxl_test/share/colcon-core/packages/dxl_test)
[0.446s] Level 1:colcon.colcon_core.environment:create_environment_scripts_only(dxl_test)
[0.446s] Level 1:colcon.colcon_core.environment:checking '/home/humble/ros2_control/install/dxl_test' for CMake module files
[0.446s] Level 1:colcon.colcon_core.environment:checking '/home/humble/ros2_control/install/dxl_test' for CMake config files
[0.446s] Level 1:colcon.colcon_core.shell:create_environment_hook('dxl_test', 'cmake_prefix_path')
[0.447s] INFO:colcon.colcon_core.shell:Creating environment hook '/home/humble/ros2_control/install/dxl_test/share/dxl_test/hook/cmake_prefix_path.ps1'
[0.447s] INFO:colcon.colcon_core.shell:Creating environment descriptor '/home/humble/ros2_control/install/dxl_test/share/dxl_test/hook/cmake_prefix_path.dsv'
[0.447s] INFO:colcon.colcon_core.shell:Creating environment hook '/home/humble/ros2_control/install/dxl_test/share/dxl_test/hook/cmake_prefix_path.sh'
[0.448s] Level 1:colcon.colcon_core.environment:checking '/home/humble/ros2_control/install/dxl_test/lib'
[0.448s] Level 1:colcon.colcon_core.environment:checking '/home/humble/ros2_control/install/dxl_test/bin'
[0.448s] Level 1:colcon.colcon_core.environment:checking '/home/humble/ros2_control/install/dxl_test/lib/pkgconfig/dxl_test.pc'
[0.448s] Level 1:colcon.colcon_core.environment:checking '/home/humble/ros2_control/install/dxl_test/lib/python3.10/site-packages'
[0.448s] Level 1:colcon.colcon_core.environment:checking '/home/humble/ros2_control/install/dxl_test/bin'
[0.448s] INFO:colcon.colcon_core.shell:Creating package script '/home/humble/ros2_control/install/dxl_test/share/dxl_test/package.ps1'
[0.449s] INFO:colcon.colcon_core.shell:Creating package descriptor '/home/humble/ros2_control/install/dxl_test/share/dxl_test/package.dsv'
[0.449s] INFO:colcon.colcon_core.shell:Creating package script '/home/humble/ros2_control/install/dxl_test/share/dxl_test/package.sh'
[0.449s] INFO:colcon.colcon_core.shell:Creating package script '/home/humble/ros2_control/install/dxl_test/share/dxl_test/package.bash'
[0.450s] INFO:colcon.colcon_core.shell:Creating package script '/home/humble/ros2_control/install/dxl_test/share/dxl_test/package.zsh'
[0.450s] Level 1:colcon.colcon_core.environment:create_file_with_runtime_dependencies(/home/humble/ros2_control/install/dxl_test/share/colcon-core/packages/dxl_test)
[0.453s] DEBUG:colcon.colcon_core.event_handler.log_command:Invoking command in '/home/humble/ros2_control/build/my_robot_bringup': AMENT_PREFIX_PATH=/home/humble/ros2_control/install/bbot_description:${AMENT_PREFIX_PATH} CMAKE_PREFIX_PATH=/home/humble/ros2_control/install/bbot_description:/opt/ros/humble /usr/bin/cmake --build /home/humble/ros2_control/build/my_robot_bringup -- -j16 -l16
[0.494s] DEBUG:colcon.colcon_core.event_handler.log_command:Invoked command in '/home/humble/ros2_control/build/my_robot_bringup' returned '0': AMENT_PREFIX_PATH=/home/humble/ros2_control/install/bbot_description:${AMENT_PREFIX_PATH} CMAKE_PREFIX_PATH=/home/humble/ros2_control/install/bbot_description:/opt/ros/humble /usr/bin/cmake --build /home/humble/ros2_control/build/my_robot_bringup -- -j16 -l16
[0.495s] DEBUG:colcon.colcon_core.event_handler.log_command:Invoking command in '/home/humble/ros2_control/build/my_robot_bringup': AMENT_PREFIX_PATH=/home/humble/ros2_control/install/bbot_description:${AMENT_PREFIX_PATH} CMAKE_PREFIX_PATH=/home/humble/ros2_control/install/bbot_description:/opt/ros/humble /usr/bin/cmake --install /home/humble/ros2_control/build/my_robot_bringup
[0.517s] Level 1:colcon.colcon_core.environment:create_environment_scripts_only(my_robot_bringup)
[0.517s] Level 1:colcon.colcon_core.environment:checking '/home/humble/ros2_control/install/my_robot_bringup' for CMake module files
[0.518s] DEBUG:colcon.colcon_core.event_handler.log_command:Invoked command in '/home/humble/ros2_control/build/my_robot_bringup' returned '0': AMENT_PREFIX_PATH=/home/humble/ros2_control/install/bbot_description:${AMENT_PREFIX_PATH} CMAKE_PREFIX_PATH=/home/humble/ros2_control/install/bbot_description:/opt/ros/humble /usr/bin/cmake --install /home/humble/ros2_control/build/my_robot_bringup
[0.518s] Level 1:colcon.colcon_core.environment:checking '/home/humble/ros2_control/install/my_robot_bringup' for CMake config files
[0.518s] Level 1:colcon.colcon_core.shell:create_environment_hook('my_robot_bringup', 'cmake_prefix_path')
[0.518s] INFO:colcon.colcon_core.shell:Creating environment hook '/home/humble/ros2_control/install/my_robot_bringup/share/my_robot_bringup/hook/cmake_prefix_path.ps1'
[0.519s] INFO:colcon.colcon_core.shell:Creating environment descriptor '/home/humble/ros2_control/install/my_robot_bringup/share/my_robot_bringup/hook/cmake_prefix_path.dsv'
[0.519s] INFO:colcon.colcon_core.shell:Creating environment hook '/home/humble/ros2_control/install/my_robot_bringup/share/my_robot_bringup/hook/cmake_prefix_path.sh'
[0.519s] Level 1:colcon.colcon_core.environment:checking '/home/humble/ros2_control/install/my_robot_bringup/bin'
[0.520s] Level 1:colcon.colcon_core.environment:checking '/home/humble/ros2_control/install/my_robot_bringup/lib/pkgconfig/my_robot_bringup.pc'
[0.520s] Level 1:colcon.colcon_core.environment:checking '/home/humble/ros2_control/install/my_robot_bringup/lib/python3.10/site-packages'
[0.520s] Level 1:colcon.colcon_core.environment:checking '/home/humble/ros2_control/install/my_robot_bringup/bin'
[0.520s] INFO:colcon.colcon_core.shell:Creating package script '/home/humble/ros2_control/install/my_robot_bringup/share/my_robot_bringup/package.ps1'
[0.520s] INFO:colcon.colcon_core.shell:Creating package descriptor '/home/humble/ros2_control/install/my_robot_bringup/share/my_robot_bringup/package.dsv'
[0.521s] INFO:colcon.colcon_core.shell:Creating package script '/home/humble/ros2_control/install/my_robot_bringup/share/my_robot_bringup/package.sh'
[0.521s] INFO:colcon.colcon_core.shell:Creating package script '/home/humble/ros2_control/install/my_robot_bringup/share/my_robot_bringup/package.bash'
[0.521s] INFO:colcon.colcon_core.shell:Creating package script '/home/humble/ros2_control/install/my_robot_bringup/share/my_robot_bringup/package.zsh'
[0.522s] Level 1:colcon.colcon_core.environment:create_file_with_runtime_dependencies(/home/humble/ros2_control/install/my_robot_bringup/share/colcon-core/packages/my_robot_bringup)
[0.522s] Level 1:colcon.colcon_core.environment:create_environment_scripts_only(my_robot_bringup)
[0.522s] Level 1:colcon.colcon_core.environment:checking '/home/humble/ros2_control/install/my_robot_bringup' for CMake module files
[0.523s] Level 1:colcon.colcon_core.environment:checking '/home/humble/ros2_control/install/my_robot_bringup' for CMake config files
[0.523s] Level 1:colcon.colcon_core.shell:create_environment_hook('my_robot_bringup', 'cmake_prefix_path')
[0.523s] INFO:colcon.colcon_core.shell:Creating environment hook '/home/humble/ros2_control/install/my_robot_bringup/share/my_robot_bringup/hook/cmake_prefix_path.ps1'
[0.523s] INFO:colcon.colcon_core.shell:Creating environment descriptor '/home/humble/ros2_control/install/my_robot_bringup/share/my_robot_bringup/hook/cmake_prefix_path.dsv'
[0.524s] INFO:colcon.colcon_core.shell:Creating environment hook '/home/humble/ros2_control/install/my_robot_bringup/share/my_robot_bringup/hook/cmake_prefix_path.sh'
[0.524s] Level 1:colcon.colcon_core.environment:checking '/home/humble/ros2_control/install/my_robot_bringup/bin'
[0.524s] Level 1:colcon.colcon_core.environment:checking '/home/humble/ros2_control/install/my_robot_bringup/lib/pkgconfig/my_robot_bringup.pc'
[0.524s] Level 1:colcon.colcon_core.environment:checking '/home/humble/ros2_control/install/my_robot_bringup/lib/python3.10/site-packages'
[0.524s] Level 1:colcon.colcon_core.environment:checking '/home/humble/ros2_control/install/my_robot_bringup/bin'
[0.525s] INFO:colcon.colcon_core.shell:Creating package script '/home/humble/ros2_control/install/my_robot_bringup/share/my_robot_bringup/package.ps1'
[0.525s] INFO:colcon.colcon_core.shell:Creating package descriptor '/home/humble/ros2_control/install/my_robot_bringup/share/my_robot_bringup/package.dsv'
[0.525s] INFO:colcon.colcon_core.shell:Creating package script '/home/humble/ros2_control/install/my_robot_bringup/share/my_robot_bringup/package.sh'
[0.526s] INFO:colcon.colcon_core.shell:Creating package script '/home/humble/ros2_control/install/my_robot_bringup/share/my_robot_bringup/package.bash'
[0.526s] INFO:colcon.colcon_core.shell:Creating package script '/home/humble/ros2_control/install/my_robot_bringup/share/my_robot_bringup/package.zsh'
[0.527s] Level 1:colcon.colcon_core.environment:create_file_with_runtime_dependencies(/home/humble/ros2_control/install/my_robot_bringup/share/colcon-core/packages/my_robot_bringup)
[1.156s] DEBUG:colcon.colcon_core.event_handler.log_command:Invoked command in '/home/humble/ros2_control/build/my_robot_hardware' returned '2': CMAKE_PREFIX_PATH=/opt/ros/humble /usr/bin/cmake --build /home/humble/ros2_control/build/my_robot_hardware -- -j16 -l16
[1.157s] Level 1:colcon.colcon_core.environment:create_environment_scripts_only(my_robot_hardware)
[1.157s] Level 1:colcon.colcon_core.environment:checking '/home/humble/ros2_control/install/my_robot_hardware' for CMake module files
[1.157s] Level 1:colcon.colcon_core.environment:checking '/home/humble/ros2_control/install/my_robot_hardware' for CMake config files
[1.157s] Level 1:colcon.colcon_core.environment:checking '/home/humble/ros2_control/install/my_robot_hardware/bin'
[1.157s] Level 1:colcon.colcon_core.environment:checking '/home/humble/ros2_control/install/my_robot_hardware/lib/pkgconfig/my_robot_hardware.pc'
[1.158s] Level 1:colcon.colcon_core.environment:checking '/home/humble/ros2_control/install/my_robot_hardware/lib/python3.10/site-packages'
[1.158s] Level 1:colcon.colcon_core.environment:checking '/home/humble/ros2_control/install/my_robot_hardware/bin'
[1.158s] INFO:colcon.colcon_core.shell:Creating package script '/home/humble/ros2_control/install/my_robot_hardware/share/my_robot_hardware/package.ps1'
[1.158s] INFO:colcon.colcon_core.shell:Creating package descriptor '/home/humble/ros2_control/install/my_robot_hardware/share/my_robot_hardware/package.dsv'
[1.159s] INFO:colcon.colcon_core.shell:Creating package script '/home/humble/ros2_control/install/my_robot_hardware/share/my_robot_hardware/package.sh'
[1.159s] INFO:colcon.colcon_core.shell:Creating package script '/home/humble/ros2_control/install/my_robot_hardware/share/my_robot_hardware/package.bash'
[1.160s] INFO:colcon.colcon_core.shell:Creating package script '/home/humble/ros2_control/install/my_robot_hardware/share/my_robot_hardware/package.zsh'
[1.160s] Level 1:colcon.colcon_core.environment:create_file_with_runtime_dependencies(/home/humble/ros2_control/install/my_robot_hardware/share/colcon-core/packages/my_robot_hardware)
[1.171s] DEBUG:colcon.colcon_parallel_executor.executor.parallel:closing loop
[1.171s] DEBUG:colcon.colcon_parallel_executor.executor.parallel:loop closed
[1.171s] DEBUG:colcon.colcon_parallel_executor.executor.parallel:run_until_complete finished with '2'
[1.171s] DEBUG:colcon.colcon_core.event_reactor:joining thread
[1.175s] INFO:colcon.colcon_core.plugin_system:Skipping extension 'colcon_notification.desktop_notification.terminal_notifier': Not used on non-Darwin systems
[1.176s] INFO:colcon.colcon_core.plugin_system:Skipping extension 'colcon_notification.desktop_notification.win32': Not used on non-Windows systems
[1.176s] INFO:colcon.colcon_notification.desktop_notification:Sending desktop notification using 'notify2'
[1.184s] DEBUG:colcon.colcon_core.event_reactor:joined thread
[1.184s] INFO:colcon.colcon_core.shell:Creating prefix script '/home/humble/ros2_control/install/local_setup.ps1'
[1.185s] INFO:colcon.colcon_core.shell:Creating prefix util module '/home/humble/ros2_control/install/_local_setup_util_ps1.py'
[1.186s] INFO:colcon.colcon_core.shell:Creating prefix chain script '/home/humble/ros2_control/install/setup.ps1'
[1.187s] INFO:colcon.colcon_core.shell:Creating prefix script '/home/humble/ros2_control/install/local_setup.sh'
[1.188s] INFO:colcon.colcon_core.shell:Creating prefix util module '/home/humble/ros2_control/install/_local_setup_util_sh.py'
[1.188s] INFO:colcon.colcon_core.shell:Creating prefix chain script '/home/humble/ros2_control/install/setup.sh'
[1.189s] INFO:colcon.colcon_core.shell:Creating prefix script '/home/humble/ros2_control/install/local_setup.bash'
[1.189s] INFO:colcon.colcon_core.shell:Creating prefix chain script '/home/humble/ros2_control/install/setup.bash'
[1.190s] INFO:colcon.colcon_core.shell:Creating prefix script '/home/humble/ros2_control/install/local_setup.zsh'
[1.190s] INFO:colcon.colcon_core.shell:Creating prefix chain script '/home/humble/ros2_control/install/setup.zsh'
