[0.007s] Invoking command in '/home/humble/ros2_control/build/my_robot_bringup': CMAKE_PREFIX_PATH=/home/humble/ros2_control/install/bbot_description:/home/humble/ros2_control/install/my_robot_hardware:/home/humble/ros2_control/install/my_robot_bringup:/home/humble/ros2_control/install/dxl_test:/opt/ros/humble /usr/bin/cmake /home/humble/ros2_control/src/my_robot_bringup -DCMAKE_INSTALL_PREFIX=/home/humble/ros2_control/install/my_robot_bringup
[0.019s] -- Found ament_cmake: 1.3.11 (/opt/ros/humble/share/ament_cmake/cmake)
[0.112s] -- Override CMake install command with custom implementation using symlinks instead of copying resources
[0.166s] -- Configuring done
[0.170s] -- Generating done
[0.172s] -- Build files have been written to: /home/humble/ros2_control/build/my_robot_bringup
[0.175s] Invoked command in '/home/humble/ros2_control/build/my_robot_bringup' returned '0': CMAKE_PREFIX_PATH=/home/humble/ros2_control/install/bbot_description:/home/humble/ros2_control/install/my_robot_hardware:/home/humble/ros2_control/install/my_robot_bringup:/home/humble/ros2_control/install/dxl_test:/opt/ros/humble /usr/bin/cmake /home/humble/ros2_control/src/my_robot_bringup -DCMAKE_INSTALL_PREFIX=/home/humble/ros2_control/install/my_robot_bringup
[0.176s] Invoking command in '/home/humble/ros2_control/build/my_robot_bringup': CMAKE_PREFIX_PATH=/home/humble/ros2_control/install/bbot_description:/home/humble/ros2_control/install/my_robot_hardware:/home/humble/ros2_control/install/my_robot_bringup:/home/humble/ros2_control/install/dxl_test:/opt/ros/humble /usr/bin/cmake --build /home/humble/ros2_control/build/my_robot_bringup -- -j16 -l16
[0.212s] Invoked command in '/home/humble/ros2_control/build/my_robot_bringup' returned '0': CMAKE_PREFIX_PATH=/home/humble/ros2_control/install/bbot_description:/home/humble/ros2_control/install/my_robot_hardware:/home/humble/ros2_control/install/my_robot_bringup:/home/humble/ros2_control/install/dxl_test:/opt/ros/humble /usr/bin/cmake --build /home/humble/ros2_control/build/my_robot_bringup -- -j16 -l16
[0.214s] Invoking command in '/home/humble/ros2_control/build/my_robot_bringup': CMAKE_PREFIX_PATH=/home/humble/ros2_control/install/bbot_description:/home/humble/ros2_control/install/my_robot_hardware:/home/humble/ros2_control/install/my_robot_bringup:/home/humble/ros2_control/install/dxl_test:/opt/ros/humble /usr/bin/cmake --install /home/humble/ros2_control/build/my_robot_bringup
[0.221s] -- Install configuration: ""
[0.221s] -- Execute custom install script
[0.221s] -- Up-to-date symlink: /home/humble/ros2_control/install/my_robot_bringup/share/my_robot_bringup//config/my_robot_controllers.yaml
[0.222s] -- Up-to-date symlink: /home/humble/ros2_control/install/my_robot_bringup/share/my_robot_bringup//launch/my_robot.launch copy.py
[0.222s] -- Up-to-date symlink: /home/humble/ros2_control/install/my_robot_bringup/share/my_robot_bringup//launch/my_robot.launch.py
[0.222s] -- Up-to-date symlink: /home/humble/ros2_control/install/my_robot_bringup/share/ament_index/resource_index/package_run_dependencies/my_robot_bringup
[0.222s] -- Up-to-date symlink: /home/humble/ros2_control/install/my_robot_bringup/share/ament_index/resource_index/parent_prefix_path/my_robot_bringup
[0.222s] -- Up-to-date symlink: /home/humble/ros2_control/install/my_robot_bringup/share/my_robot_bringup/environment/ament_prefix_path.sh
[0.222s] -- Up-to-date symlink: /home/humble/ros2_control/install/my_robot_bringup/share/my_robot_bringup/environment/ament_prefix_path.dsv
[0.222s] -- Up-to-date symlink: /home/humble/ros2_control/install/my_robot_bringup/share/my_robot_bringup/environment/path.sh
[0.222s] -- Up-to-date symlink: /home/humble/ros2_control/install/my_robot_bringup/share/my_robot_bringup/environment/path.dsv
[0.222s] -- Up-to-date symlink: /home/humble/ros2_control/install/my_robot_bringup/share/my_robot_bringup/local_setup.bash
[0.223s] -- Up-to-date symlink: /home/humble/ros2_control/install/my_robot_bringup/share/my_robot_bringup/local_setup.sh
[0.223s] -- Up-to-date symlink: /home/humble/ros2_control/install/my_robot_bringup/share/my_robot_bringup/local_setup.zsh
[0.223s] -- Up-to-date symlink: /home/humble/ros2_control/install/my_robot_bringup/share/my_robot_bringup/local_setup.dsv
[0.223s] -- Symlinking: /home/humble/ros2_control/install/my_robot_bringup/share/my_robot_bringup/package.dsv
[0.232s] -- Up-to-date symlink: /home/humble/ros2_control/install/my_robot_bringup/share/ament_index/resource_index/packages/my_robot_bringup
[0.232s] -- Up-to-date symlink: /home/humble/ros2_control/install/my_robot_bringup/share/my_robot_bringup/cmake/my_robot_bringupConfig.cmake
[0.232s] -- Up-to-date symlink: /home/humble/ros2_control/install/my_robot_bringup/share/my_robot_bringup/cmake/my_robot_bringupConfig-version.cmake
[0.232s] -- Up-to-date symlink: /home/humble/ros2_control/install/my_robot_bringup/share/my_robot_bringup/package.xml
[0.234s] Invoked command in '/home/humble/ros2_control/build/my_robot_bringup' returned '0': CMAKE_PREFIX_PATH=/home/humble/ros2_control/install/bbot_description:/home/humble/ros2_control/install/my_robot_hardware:/home/humble/ros2_control/install/my_robot_bringup:/home/humble/ros2_control/install/dxl_test:/opt/ros/humble /usr/bin/cmake --install /home/humble/ros2_control/build/my_robot_bringup
