[0.013s] Invoking command in '/home/humble/ros2_control/build/my_robot_hardware': CMAKE_PREFIX_PATH=/opt/ros/humble /usr/bin/cmake --build /home/humble/ros2_control/build/my_robot_hardware -- -j16 -l16
[0.053s] [35m[1mConsolidate compiler generated dependencies of target my_robot_hardware[0m
[0.068s] [ 50%] [32mBuilding CXX object CMakeFiles/my_robot_hardware.dir/src/mobile_base_hardware_interface.cpp.o[0m
[0.588s] [01m[K/home/humble/ros2_control/src/my_robot_hardware/src/mobile_base_hardware_interface.cpp:[m[K In member function ‘[01m[Kvirtual hardware_interface::CallbackReturn mobile_base_hardware::MobileBaseHardwareInterface::on_activate(const rclcpp_lifecycle::State&)[m[K’:
[0.589s] [01m[K/home/humble/ros2_control/src/my_robot_hardware/src/mobile_base_hardware_interface.cpp:51:14:[m[K [01;31m[Kerror: [m[Kno matching function for call to ‘[01m[Kmobile_base_hardware::MobileBaseHardwareInterface::set_state(const char [26], double)[m[K’
[0.589s]    51 |     [01;31m[Kset_state("left_wheel_joint/velocity", 0.0)[m[K;
[0.589s]       |     [01;31m[K~~~~~~~~~^~~~~~~~~~~~~~~~~~~~~~~~~~~~~~~~~~[m[K
[0.589s] In file included from [01m[K/home/humble/ros2_control/src/my_robot_hardware/include/my_robot_hardware/mobile_base_hardware_interface.hpp:4[m[K,
[0.589s]                  from [01m[K/home/humble/ros2_control/src/my_robot_hardware/src/mobile_base_hardware_interface.cpp:1[m[K:
[0.589s] [01m[K/opt/ros/humble/include/hardware_interface/system_interface.hpp:204:8:[m[K [01;36m[Knote: [m[Kcandidate: ‘[01m[Kvoid hardware_interface::SystemInterface::set_state(const rclcpp_lifecycle::State&)[m[K’
[0.589s]   204 |   void [01;36m[Kset_state[m[K(const rclcpp_lifecycle::State & new_state) { lifecycle_state_ = new_state; }
[0.589s]       |        [01;36m[K^~~~~~~~~[m[K
[0.589s] [01m[K/opt/ros/humble/include/hardware_interface/system_interface.hpp:204:8:[m[K [01;36m[Knote: [m[K  candidate expects 1 argument, 2 provided
[0.589s] [01m[K/home/humble/ros2_control/src/my_robot_hardware/src/mobile_base_hardware_interface.cpp:52:14:[m[K [01;31m[Kerror: [m[Kno matching function for call to ‘[01m[Kmobile_base_hardware::MobileBaseHardwareInterface::set_state(const char [27], double)[m[K’
[0.589s]    52 |     [01;31m[Kset_state("right_wheel_joint/velocity", 0.0)[m[K;
[0.589s]       |     [01;31m[K~~~~~~~~~^~~~~~~~~~~~~~~~~~~~~~~~~~~~~~~~~~~[m[K
[0.589s] In file included from [01m[K/home/humble/ros2_control/src/my_robot_hardware/include/my_robot_hardware/mobile_base_hardware_interface.hpp:4[m[K,
[0.589s]                  from [01m[K/home/humble/ros2_control/src/my_robot_hardware/src/mobile_base_hardware_interface.cpp:1[m[K:
[0.590s] [01m[K/opt/ros/humble/include/hardware_interface/system_interface.hpp:204:8:[m[K [01;36m[Knote: [m[Kcandidate: ‘[01m[Kvoid hardware_interface::SystemInterface::set_state(const rclcpp_lifecycle::State&)[m[K’
[0.590s]   204 |   void [01;36m[Kset_state[m[K(const rclcpp_lifecycle::State & new_state) { lifecycle_state_ = new_state; }
[0.590s]       |        [01;36m[K^~~~~~~~~[m[K
[0.590s] [01m[K/opt/ros/humble/include/hardware_interface/system_interface.hpp:204:8:[m[K [01;36m[Knote: [m[K  candidate expects 1 argument, 2 provided
[0.590s] [01m[K/home/humble/ros2_control/src/my_robot_hardware/src/mobile_base_hardware_interface.cpp:53:14:[m[K [01;31m[Kerror: [m[Kno matching function for call to ‘[01m[Kmobile_base_hardware::MobileBaseHardwareInterface::set_state(const char [26], double)[m[K’
[0.590s]    53 |     [01;31m[Kset_state("left_wheel_joint/position", 0.0)[m[K;
[0.590s]       |     [01;31m[K~~~~~~~~~^~~~~~~~~~~~~~~~~~~~~~~~~~~~~~~~~~[m[K
[0.590s] In file included from [01m[K/home/humble/ros2_control/src/my_robot_hardware/include/my_robot_hardware/mobile_base_hardware_interface.hpp:4[m[K,
[0.590s]                  from [01m[K/home/humble/ros2_control/src/my_robot_hardware/src/mobile_base_hardware_interface.cpp:1[m[K:
[0.590s] [01m[K/opt/ros/humble/include/hardware_interface/system_interface.hpp:204:8:[m[K [01;36m[Knote: [m[Kcandidate: ‘[01m[Kvoid hardware_interface::SystemInterface::set_state(const rclcpp_lifecycle::State&)[m[K’
[0.590s]   204 |   void [01;36m[Kset_state[m[K(const rclcpp_lifecycle::State & new_state) { lifecycle_state_ = new_state; }
[0.590s]       |        [01;36m[K^~~~~~~~~[m[K
[0.590s] [01m[K/opt/ros/humble/include/hardware_interface/system_interface.hpp:204:8:[m[K [01;36m[Knote: [m[K  candidate expects 1 argument, 2 provided
[0.590s] [01m[K/home/humble/ros2_control/src/my_robot_hardware/src/mobile_base_hardware_interface.cpp:54:14:[m[K [01;31m[Kerror: [m[Kno matching function for call to ‘[01m[Kmobile_base_hardware::MobileBaseHardwareInterface::set_state(const char [27], double)[m[K’
[0.590s]    54 |     [01;31m[Kset_state("right_wheel_joint/position", 0.0)[m[K;
[0.590s]       |     [01;31m[K~~~~~~~~~^~~~~~~~~~~~~~~~~~~~~~~~~~~~~~~~~~~[m[K
[0.590s] In file included from [01m[K/home/humble/ros2_control/src/my_robot_hardware/include/my_robot_hardware/mobile_base_hardware_interface.hpp:4[m[K,
[0.590s]                  from [01m[K/home/humble/ros2_control/src/my_robot_hardware/src/mobile_base_hardware_interface.cpp:1[m[K:
[0.590s] [01m[K/opt/ros/humble/include/hardware_interface/system_interface.hpp:204:8:[m[K [01;36m[Knote: [m[Kcandidate: ‘[01m[Kvoid hardware_interface::SystemInterface::set_state(const rclcpp_lifecycle::State&)[m[K’
[0.590s]   204 |   void [01;36m[Kset_state[m[K(const rclcpp_lifecycle::State & new_state) { lifecycle_state_ = new_state; }
[0.590s]       |        [01;36m[K^~~~~~~~~[m[K
[0.590s] [01m[K/opt/ros/humble/include/hardware_interface/system_interface.hpp:204:8:[m[K [01;36m[Knote: [m[K  candidate expects 1 argument, 2 provided
[0.591s] [01m[K/home/humble/ros2_control/src/my_robot_hardware/src/mobile_base_hardware_interface.cpp:[m[K In member function ‘[01m[Kvirtual hardware_interface::return_type mobile_base_hardware::MobileBaseHardwareInterface::read(const rclcpp::Time&, const rclcpp::Duration&)[m[K’:
[0.591s] [01m[K/home/humble/ros2_control/src/my_robot_hardware/src/mobile_base_hardware_interface.cpp:78:14:[m[K [01;31m[Kerror: [m[Kno matching function for call to ‘[01m[Kmobile_base_hardware::MobileBaseHardwareInterface::set_state(const char [26], double&)[m[K’
[0.591s]    78 |     [01;31m[Kset_state("left_wheel_joint/velocity", left_vel)[m[K;
[0.591s]       |     [01;31m[K~~~~~~~~~^~~~~~~~~~~~~~~~~~~~~~~~~~~~~~~~~~~~~~~[m[K
[0.591s] In file included from [01m[K/home/humble/ros2_control/src/my_robot_hardware/include/my_robot_hardware/mobile_base_hardware_interface.hpp:4[m[K,
[0.591s]                  from [01m[K/home/humble/ros2_control/src/my_robot_hardware/src/mobile_base_hardware_interface.cpp:1[m[K:
[0.591s] [01m[K/opt/ros/humble/include/hardware_interface/system_interface.hpp:204:8:[m[K [01;36m[Knote: [m[Kcandidate: ‘[01m[Kvoid hardware_interface::SystemInterface::set_state(const rclcpp_lifecycle::State&)[m[K’
[0.591s]   204 |   void [01;36m[Kset_state[m[K(const rclcpp_lifecycle::State & new_state) { lifecycle_state_ = new_state; }
[0.591s]       |        [01;36m[K^~~~~~~~~[m[K
[0.591s] [01m[K/opt/ros/humble/include/hardware_interface/system_interface.hpp:204:8:[m[K [01;36m[Knote: [m[K  candidate expects 1 argument, 2 provided
[0.591s] [01m[K/home/humble/ros2_control/src/my_robot_hardware/src/mobile_base_hardware_interface.cpp:79:14:[m[K [01;31m[Kerror: [m[Kno matching function for call to ‘[01m[Kmobile_base_hardware::MobileBaseHardwareInterface::set_state(const char [27], double&)[m[K’
[0.591s]    79 |     [01;31m[Kset_state("right_wheel_joint/velocity", right_vel)[m[K;
[0.591s]       |     [01;31m[K~~~~~~~~~^~~~~~~~~~~~~~~~~~~~~~~~~~~~~~~~~~~~~~~~~[m[K
[0.591s] In file included from [01m[K/home/humble/ros2_control/src/my_robot_hardware/include/my_robot_hardware/mobile_base_hardware_interface.hpp:4[m[K,
[0.591s]                  from [01m[K/home/humble/ros2_control/src/my_robot_hardware/src/mobile_base_hardware_interface.cpp:1[m[K:
[0.591s] [01m[K/opt/ros/humble/include/hardware_interface/system_interface.hpp:204:8:[m[K [01;36m[Knote: [m[Kcandidate: ‘[01m[Kvoid hardware_interface::SystemInterface::set_state(const rclcpp_lifecycle::State&)[m[K’
[0.591s]   204 |   void [01;36m[Kset_state[m[K(const rclcpp_lifecycle::State & new_state) { lifecycle_state_ = new_state; }
[0.591s]       |        [01;36m[K^~~~~~~~~[m[K
[0.591s] [01m[K/opt/ros/humble/include/hardware_interface/system_interface.hpp:204:8:[m[K [01;36m[Knote: [m[K  candidate expects 1 argument, 2 provided
[0.591s] [01m[K/home/humble/ros2_control/src/my_robot_hardware/src/mobile_base_hardware_interface.cpp:80:53:[m[K [01;31m[Kerror: [m[Kno matching function for call to ‘[01m[Kmobile_base_hardware::MobileBaseHardwareInterface::get_state(const char [26])[m[K’
[0.591s]    80 |     set_state("left_wheel_joint/position", [01;31m[Kget_state("left_wheel_joint/position")[m[K + left_vel * period.seconds());
[0.591s]       |                                            [01;31m[K~~~~~~~~~^~~~~~~~~~~~~~~~~~~~~~~~~~~~~[m[K
[0.592s] In file included from [01m[K/home/humble/ros2_control/src/my_robot_hardware/include/my_robot_hardware/mobile_base_hardware_interface.hpp:4[m[K,
[0.592s]                  from [01m[K/home/humble/ros2_control/src/my_robot_hardware/src/mobile_base_hardware_interface.cpp:1[m[K:
[0.592s] [01m[K/opt/ros/humble/include/hardware_interface/system_interface.hpp:198:35:[m[K [01;36m[Knote: [m[Kcandidate: ‘[01m[Kconst rclcpp_lifecycle::State& hardware_interface::SystemInterface::get_state() const[m[K’
[0.592s]   198 |   const rclcpp_lifecycle::State & [01;36m[Kget_state[m[K() const { return lifecycle_state_; }
[0.592s]       |                                   [01;36m[K^~~~~~~~~[m[K
[0.592s] [01m[K/opt/ros/humble/include/hardware_interface/system_interface.hpp:198:35:[m[K [01;36m[Knote: [m[K  candidate expects 0 arguments, 1 provided
[0.592s] [01m[K/home/humble/ros2_control/src/my_robot_hardware/src/mobile_base_hardware_interface.cpp:81:54:[m[K [01;31m[Kerror: [m[Kno matching function for call to ‘[01m[Kmobile_base_hardware::MobileBaseHardwareInterface::get_state(const char [27])[m[K’
[0.592s]    81 |     set_state("right_wheel_joint/position", [01;31m[Kget_state("right_wheel_joint/position")[m[K + right_vel * period.seconds());
[0.592s]       |                                             [01;31m[K~~~~~~~~~^~~~~~~~~~~~~~~~~~~~~~~~~~~~~~[m[K
[0.592s] In file included from [01m[K/home/humble/ros2_control/src/my_robot_hardware/include/my_robot_hardware/mobile_base_hardware_interface.hpp:4[m[K,
[0.592s]                  from [01m[K/home/humble/ros2_control/src/my_robot_hardware/src/mobile_base_hardware_interface.cpp:1[m[K:
[0.592s] [01m[K/opt/ros/humble/include/hardware_interface/system_interface.hpp:198:35:[m[K [01;36m[Knote: [m[Kcandidate: ‘[01m[Kconst rclcpp_lifecycle::State& hardware_interface::SystemInterface::get_state() const[m[K’
[0.592s]   198 |   const rclcpp_lifecycle::State & [01;36m[Kget_state[m[K() const { return lifecycle_state_; }
[0.592s]       |                                   [01;36m[K^~~~~~~~~[m[K
[0.592s] [01m[K/opt/ros/humble/include/hardware_interface/system_interface.hpp:198:35:[m[K [01;36m[Knote: [m[K  candidate expects 0 arguments, 1 provided
[0.592s] [01m[K/home/humble/ros2_control/src/my_robot_hardware/src/mobile_base_hardware_interface.cpp:[m[K In member function ‘[01m[Kvirtual hardware_interface::return_type mobile_base_hardware::MobileBaseHardwareInterface::write(const rclcpp::Time&, const rclcpp::Duration&)[m[K’:
[0.592s] [01m[K/home/humble/ros2_control/src/my_robot_hardware/src/mobile_base_hardware_interface.cpp:92:60:[m[K [01;31m[Kerror: [m[K‘[01m[Kget_command[m[K’ was not declared in this scope
[0.592s]    92 |     driver_->setTargetVelocityRadianPerSec(left_motor_id_, [01;31m[Kget_command[m[K("left_wheel_joint/velocity"));
[0.592s]       |                                                            [01;31m[K^~~~~~~~~~~[m[K
[0.722s] In file included from [01m[K/opt/ros/humble/include/class_loader/class_loader/class_loader_core.hpp:57[m[K,
[0.722s]                  from [01m[K/opt/ros/humble/include/class_loader/class_loader/class_loader.hpp:55[m[K,
[0.722s]                  from [01m[K/opt/ros/humble/include/pluginlib/pluginlib/class_list_macros.hpp:40[m[K,
[0.722s]                  from [01m[K/home/humble/ros2_control/src/my_robot_hardware/src/mobile_base_hardware_interface.cpp:101[m[K:
[0.722s] /opt/ros/humble/include/class_loader/class_loader/meta_object.hpp: In instantiation of ‘[01m[KB* class_loader::impl::MetaObject<C, B>::create() const [with C = mobile_base_hardware::MobileBaseHardwareInterface; B = hardware_interface::SystemInterface][m[K’:
[0.722s] [01m[K/opt/ros/humble/include/class_loader/class_loader/meta_object.hpp:216:7:[m[K   required from here
[0.722s] [01m[K/opt/ros/humble/include/class_loader/class_loader/meta_object.hpp:218:12:[m[K [01;31m[Kerror: [m[Kinvalid new-expression of abstract class type ‘[01m[Kmobile_base_hardware::MobileBaseHardwareInterface[m[K’
[0.722s]   218 |     return [01;31m[Knew C[m[K;
[0.722s]       |            [01;31m[K^~~~~[m[K
[0.723s] In file included from [01m[K/home/humble/ros2_control/src/my_robot_hardware/src/mobile_base_hardware_interface.cpp:1[m[K:
[0.723s] [01m[K/home/humble/ros2_control/src/my_robot_hardware/include/my_robot_hardware/mobile_base_hardware_interface.hpp:9:7:[m[K [01;36m[Knote: [m[K  because the following virtual functions are pure within ‘[01m[Kmobile_base_hardware::MobileBaseHardwareInterface[m[K’:
[0.723s]     9 | class [01;36m[KMobileBaseHardwareInterface[m[K : public hardware_interface::SystemInterface
[0.723s]       |       [01;36m[K^~~~~~~~~~~~~~~~~~~~~~~~~~~[m[K
[0.723s] In file included from [01m[K/home/humble/ros2_control/src/my_robot_hardware/include/my_robot_hardware/mobile_base_hardware_interface.hpp:4[m[K,
[0.723s]                  from [01m[K/home/humble/ros2_control/src/my_robot_hardware/src/mobile_base_hardware_interface.cpp:1[m[K:
[0.723s] [01m[K/opt/ros/humble/include/hardware_interface/system_interface.hpp:113:39:[m[K [01;36m[Knote: [m[K    ‘[01m[Kvirtual std::vector<hardware_interface::StateInterface> hardware_interface::SystemInterface::export_state_interfaces()[m[K’
[0.723s]   113 |   virtual std::vector<StateInterface> [01;36m[Kexport_state_interfaces[m[K() = 0;
[0.723s]       |                                       [01;36m[K^~~~~~~~~~~~~~~~~~~~~~~[m[K
[0.723s] [01m[K/opt/ros/humble/include/hardware_interface/system_interface.hpp:124:41:[m[K [01;36m[Knote: [m[K    ‘[01m[Kvirtual std::vector<hardware_interface::CommandInterface> hardware_interface::SystemInterface::export_command_interfaces()[m[K’
[0.723s]   124 |   virtual std::vector<CommandInterface> [01;36m[Kexport_command_interfaces[m[K() = 0;
[0.723s]       |                                         [01;36m[K^~~~~~~~~~~~~~~~~~~~~~~~~[m[K
[0.759s] gmake[2]: *** [CMakeFiles/my_robot_hardware.dir/build.make:76：CMakeFiles/my_robot_hardware.dir/src/mobile_base_hardware_interface.cpp.o] 错误 1
[0.759s] gmake[1]: *** [CMakeFiles/Makefile2:137：CMakeFiles/my_robot_hardware.dir/all] 错误 2
[0.760s] gmake: *** [Makefile:146：all] 错误 2
[0.763s] Invoked command in '/home/humble/ros2_control/build/my_robot_hardware' returned '2': CMAKE_PREFIX_PATH=/opt/ros/humble /usr/bin/cmake --build /home/humble/ros2_control/build/my_robot_hardware -- -j16 -l16
