[0.009s] Invoking command in '/home/humble/ros2_control/build/my_robot_bringup': CMAKE_PREFIX_PATH=${CMAKE_PREFIX_PATH}:/opt/ros/humble /usr/bin/cmake /home/humble/ros2_control/src/my_robot_bringup -DAMENT_CMAKE_SYMLINK_INSTALL=1 -DCMAKE_INSTALL_PREFIX=/home/humble/ros2_control/install/my_robot_bringup
[0.019s] -- Found ament_cmake: 1.3.11 (/opt/ros/humble/share/ament_cmake/cmake)
[0.115s] -- Override CMake install command with custom implementation using symlinks instead of copying resources
[0.174s] -- Configuring done
[0.177s] -- Generating done
[0.178s] -- Build files have been written to: /home/humble/ros2_control/build/my_robot_bringup
[0.182s] Invoked command in '/home/humble/ros2_control/build/my_robot_bringup' returned '0': CMAKE_PREFIX_PATH=${CMAKE_PREFIX_PATH}:/opt/ros/humble /usr/bin/cmake /home/humble/ros2_control/src/my_robot_bringup -DAMENT_CMAKE_SYMLINK_INSTALL=1 -DCMAKE_INSTALL_PREFIX=/home/humble/ros2_control/install/my_robot_bringup
[0.183s] Invoking command in '/home/humble/ros2_control/build/my_robot_bringup': CMAKE_PREFIX_PATH=${CMAKE_PREFIX_PATH}:/opt/ros/humble /usr/bin/cmake --build /home/humble/ros2_control/build/my_robot_bringup -- -j16 -l16
[0.219s] Invoked command in '/home/humble/ros2_control/build/my_robot_bringup' returned '0': CMAKE_PREFIX_PATH=${CMAKE_PREFIX_PATH}:/opt/ros/humble /usr/bin/cmake --build /home/humble/ros2_control/build/my_robot_bringup -- -j16 -l16
[0.229s] Invoking command in '/home/humble/ros2_control/build/my_robot_bringup': CMAKE_PREFIX_PATH=${CMAKE_PREFIX_PATH}:/opt/ros/humble /usr/bin/cmake --install /home/humble/ros2_control/build/my_robot_bringup
[0.237s] -- Install configuration: ""
[0.237s] -- Execute custom install script
[0.238s] -- Symlinking: /home/humble/ros2_control/install/my_robot_bringup/share/my_robot_bringup//config/my_robot_controllers.yaml
[0.247s] -- Symlinking: /home/humble/ros2_control/install/my_robot_bringup/share/my_robot_bringup//launch/my_robot.launch.py
[0.256s] -- Symlinking: /home/humble/ros2_control/install/my_robot_bringup/share/ament_index/resource_index/package_run_dependencies/my_robot_bringup
[0.265s] -- Symlinking: /home/humble/ros2_control/install/my_robot_bringup/share/ament_index/resource_index/parent_prefix_path/my_robot_bringup
[0.274s] -- Symlinking: /home/humble/ros2_control/install/my_robot_bringup/share/my_robot_bringup/environment/ament_prefix_path.sh
[0.283s] -- Symlinking: /home/humble/ros2_control/install/my_robot_bringup/share/my_robot_bringup/environment/ament_prefix_path.dsv
[0.291s] -- Symlinking: /home/humble/ros2_control/install/my_robot_bringup/share/my_robot_bringup/environment/path.sh
[0.300s] -- Symlinking: /home/humble/ros2_control/install/my_robot_bringup/share/my_robot_bringup/environment/path.dsv
[0.310s] -- Symlinking: /home/humble/ros2_control/install/my_robot_bringup/share/my_robot_bringup/local_setup.bash
[0.318s] -- Symlinking: /home/humble/ros2_control/install/my_robot_bringup/share/my_robot_bringup/local_setup.sh
[0.327s] -- Symlinking: /home/humble/ros2_control/install/my_robot_bringup/share/my_robot_bringup/local_setup.zsh
[0.336s] -- Symlinking: /home/humble/ros2_control/install/my_robot_bringup/share/my_robot_bringup/local_setup.dsv
[0.346s] -- Symlinking: /home/humble/ros2_control/install/my_robot_bringup/share/my_robot_bringup/package.dsv
[0.355s] -- Symlinking: /home/humble/ros2_control/install/my_robot_bringup/share/ament_index/resource_index/packages/my_robot_bringup
[0.365s] -- Symlinking: /home/humble/ros2_control/install/my_robot_bringup/share/my_robot_bringup/cmake/my_robot_bringupConfig.cmake
[0.375s] -- Symlinking: /home/humble/ros2_control/install/my_robot_bringup/share/my_robot_bringup/cmake/my_robot_bringupConfig-version.cmake
[0.385s] -- Symlinking: /home/humble/ros2_control/install/my_robot_bringup/share/my_robot_bringup/package.xml
[0.396s] Invoked command in '/home/humble/ros2_control/build/my_robot_bringup' returned '0': CMAKE_PREFIX_PATH=${CMAKE_PREFIX_PATH}:/opt/ros/humble /usr/bin/cmake --install /home/humble/ros2_control/build/my_robot_bringup
