[0.012s] Invoking command in '/home/humble/ros2_control/build/bbot_description': CMAKE_PREFIX_PATH=${CMAKE_PREFIX_PATH}:/opt/ros/humble /usr/bin/cmake --build /home/humble/ros2_control/build/bbot_description -- -j16 -l16
[0.059s] Invoked command in '/home/humble/ros2_control/build/bbot_description' returned '0': CMAKE_PREFIX_PATH=${CMAKE_PREFIX_PATH}:/opt/ros/humble /usr/bin/cmake --build /home/humble/ros2_control/build/bbot_description -- -j16 -l16
[0.060s] Invoking command in '/home/humble/ros2_control/build/bbot_description': CMAKE_PREFIX_PATH=${CMAKE_PREFIX_PATH}:/opt/ros/humble /usr/bin/cmake --install /home/humble/ros2_control/build/bbot_description
[0.067s] -- Install configuration: ""
[0.067s] -- Execute custom install script
[0.067s] -- Up-to-date symlink: /home/humble/ros2_control/install/bbot_description/share/bbot_description/urdf/bbot.urdf.xacro
[0.068s] -- Up-to-date symlink: /home/humble/ros2_control/install/bbot_description/share/bbot_description/urdf/bbot_description.xacro
[0.068s] -- Up-to-date symlink: /home/humble/ros2_control/install/bbot_description/share/bbot_description/urdf/inertial_macros.xacro
[0.068s] -- Up-to-date symlink: /home/humble/ros2_control/install/bbot_description/share/bbot_description/urdf/ros2_control.xacro
[0.068s] -- Up-to-date symlink: /home/humble/ros2_control/install/bbot_description/share/bbot_description/launch/bbot.launch.py
[0.068s] -- Up-to-date symlink: /home/humble/ros2_control/install/bbot_description/share/bbot_description/launch/bbot_gazebo.launch.py
[0.068s] -- Up-to-date symlink: /home/humble/ros2_control/install/bbot_description/share/ament_index/resource_index/package_run_dependencies/bbot_description
[0.068s] -- Up-to-date symlink: /home/humble/ros2_control/install/bbot_description/share/ament_index/resource_index/parent_prefix_path/bbot_description
[0.068s] -- Up-to-date symlink: /home/humble/ros2_control/install/bbot_description/share/bbot_description/environment/ament_prefix_path.sh
[0.069s] -- Up-to-date symlink: /home/humble/ros2_control/install/bbot_description/share/bbot_description/environment/ament_prefix_path.dsv
[0.069s] -- Up-to-date symlink: /home/humble/ros2_control/install/bbot_description/share/bbot_description/environment/path.sh
[0.069s] -- Up-to-date symlink: /home/humble/ros2_control/install/bbot_description/share/bbot_description/environment/path.dsv
[0.069s] -- Up-to-date symlink: /home/humble/ros2_control/install/bbot_description/share/bbot_description/local_setup.bash
[0.069s] -- Up-to-date symlink: /home/humble/ros2_control/install/bbot_description/share/bbot_description/local_setup.sh
[0.069s] -- Up-to-date symlink: /home/humble/ros2_control/install/bbot_description/share/bbot_description/local_setup.zsh
[0.069s] -- Up-to-date symlink: /home/humble/ros2_control/install/bbot_description/share/bbot_description/local_setup.dsv
[0.069s] -- Symlinking: /home/humble/ros2_control/install/bbot_description/share/bbot_description/package.dsv
[0.078s] -- Up-to-date symlink: /home/humble/ros2_control/install/bbot_description/share/ament_index/resource_index/packages/bbot_description
[0.078s] -- Up-to-date symlink: /home/humble/ros2_control/install/bbot_description/share/bbot_description/cmake/bbot_descriptionConfig.cmake
[0.078s] -- Up-to-date symlink: /home/humble/ros2_control/install/bbot_description/share/bbot_description/cmake/bbot_descriptionConfig-version.cmake
[0.078s] -- Up-to-date symlink: /home/humble/ros2_control/install/bbot_description/share/bbot_description/package.xml
[0.092s] Invoked command in '/home/humble/ros2_control/build/bbot_description' returned '0': CMAKE_PREFIX_PATH=${CMAKE_PREFIX_PATH}:/opt/ros/humble /usr/bin/cmake --install /home/humble/ros2_control/build/bbot_description
