[0.012s] Invoking command in '/home/humble/ros2_control/build/my_robot_hardware': CMAKE_PREFIX_PATH=/opt/ros/humble /usr/bin/cmake --build /home/humble/ros2_control/build/my_robot_hardware -- -j16 -l16
[0.052s] [35m[1mConsolidate compiler generated dependencies of target my_robot_hardware[0m
[0.070s] [ 50%] [32mBuilding CXX object CMakeFiles/my_robot_hardware.dir/src/mobile_base_hardware_interface.cpp.o[0m
[2.924s] [100%] [32m[1mLinking CXX shared library libmy_robot_hardware.so[0m
[3.094s] [100%] Built target my_robot_hardware
[3.106s] Invoked command in '/home/humble/ros2_control/build/my_robot_hardware' returned '0': CMAKE_PREFIX_PATH=/opt/ros/humble /usr/bin/cmake --build /home/humble/ros2_control/build/my_robot_hardware -- -j16 -l16
[3.107s] Invoking command in '/home/humble/ros2_control/build/my_robot_hardware': CMAKE_PREFIX_PATH=/opt/ros/humble /usr/bin/cmake --install /home/humble/ros2_control/build/my_robot_hardware
[3.114s] -- Install configuration: ""
[3.114s] -- Installing: /home/humble/ros2_control/install/my_robot_hardware/share/my_robot_hardware/my_robot_hardware_interface.xml
[3.115s] -- Installing: /home/humble/ros2_control/install/my_robot_hardware/lib/libmy_robot_hardware.so
[3.116s] -- Set runtime path of "/home/humble/ros2_control/install/my_robot_hardware/lib/libmy_robot_hardware.so" to ""
[3.116s] -- Installing: /home/humble/ros2_control/install/my_robot_hardware/include/include
[3.116s] -- Installing: /home/humble/ros2_control/install/my_robot_hardware/include/include/my_robot_hardware
[3.116s] -- Installing: /home/humble/ros2_control/install/my_robot_hardware/include/include/my_robot_hardware/xl330_driver.hpp
[3.116s] -- Installing: /home/humble/ros2_control/install/my_robot_hardware/include/include/my_robot_hardware/mobile_base_hardware_interface.hpp
[3.116s] -- Installing: /home/humble/ros2_control/install/my_robot_hardware/share/my_robot_hardware/environment/library_path.sh
[3.116s] -- Installing: /home/humble/ros2_control/install/my_robot_hardware/share/my_robot_hardware/environment/library_path.dsv
[3.116s] -- Installing: /home/humble/ros2_control/install/my_robot_hardware/share/ament_index/resource_index/package_run_dependencies/my_robot_hardware
[3.117s] -- Installing: /home/humble/ros2_control/install/my_robot_hardware/share/ament_index/resource_index/parent_prefix_path/my_robot_hardware
[3.117s] -- Installing: /home/humble/ros2_control/install/my_robot_hardware/share/my_robot_hardware/environment/ament_prefix_path.sh
[3.117s] -- Installing: /home/humble/ros2_control/install/my_robot_hardware/share/my_robot_hardware/environment/ament_prefix_path.dsv
[3.117s] -- Installing: /home/humble/ros2_control/install/my_robot_hardware/share/my_robot_hardware/environment/path.sh
[3.117s] -- Installing: /home/humble/ros2_control/install/my_robot_hardware/share/my_robot_hardware/environment/path.dsv
[3.117s] -- Installing: /home/humble/ros2_control/install/my_robot_hardware/share/my_robot_hardware/local_setup.bash
[3.117s] -- Installing: /home/humble/ros2_control/install/my_robot_hardware/share/my_robot_hardware/local_setup.sh
[3.118s] -- Installing: /home/humble/ros2_control/install/my_robot_hardware/share/my_robot_hardware/local_setup.zsh
[3.118s] -- Installing: /home/humble/ros2_control/install/my_robot_hardware/share/my_robot_hardware/local_setup.dsv
[3.118s] -- Installing: /home/humble/ros2_control/install/my_robot_hardware/share/my_robot_hardware/package.dsv
[3.118s] -- Installing: /home/humble/ros2_control/install/my_robot_hardware/share/ament_index/resource_index/packages/my_robot_hardware
[3.118s] -- Installing: /home/humble/ros2_control/install/my_robot_hardware/share/ament_index/resource_index/hardware_interface__pluginlib__plugin/my_robot_hardware
[3.118s] -- Installing: /home/humble/ros2_control/install/my_robot_hardware/share/my_robot_hardware/cmake/ament_cmake_export_libraries-extras.cmake
[3.119s] -- Installing: /home/humble/ros2_control/install/my_robot_hardware/share/my_robot_hardware/cmake/ament_cmake_export_dependencies-extras.cmake
[3.119s] -- Installing: /home/humble/ros2_control/install/my_robot_hardware/share/my_robot_hardware/cmake/my_robot_hardwareConfig.cmake
[3.119s] -- Installing: /home/humble/ros2_control/install/my_robot_hardware/share/my_robot_hardware/cmake/my_robot_hardwareConfig-version.cmake
[3.119s] -- Installing: /home/humble/ros2_control/install/my_robot_hardware/share/my_robot_hardware/package.xml
[3.121s] Invoked command in '/home/humble/ros2_control/build/my_robot_hardware' returned '0': CMAKE_PREFIX_PATH=/opt/ros/humble /usr/bin/cmake --install /home/humble/ros2_control/build/my_robot_hardware
