[35m[1mConsolidate compiler generated dependencies of target my_robot_hardware[0m
[ 50%] [32mBuilding CXX object CMakeFiles/my_robot_hardware.dir/src/mobile_base_hardware_interface.cpp.o[0m
[01m[K/home/humble/ros2_control/src/my_robot_hardware/src/mobile_base_hardware_interface.cpp:[m[K In member function ‘[01m[Kvirtual hardware_interface::CallbackReturn mobile_base_hardware::MobileBaseHardwareInterface::on_init(const hardware_interface::HardwareInfo&)[m[K’:
[01m[K/home/humble/ros2_control/src/my_robot_hardware/src/mobile_base_hardware_interface.cpp:35:46:[m[K [01;31m[Kerror: [m[K‘[01m[Kstate_interfaces_[m[K’ is not a member of ‘[01m[Khardware_interface::SystemInterface[m[K’
   35 |         hardware_interface::SystemInterface::[01;31m[Kstate_interfaces_[m[K.emplace_back(
      |                                              [01;31m[K^~~~~~~~~~~~~~~~~[m[K
[01m[K/home/humble/ros2_control/src/my_robot_hardware/src/mobile_base_hardware_interface.cpp:44:46:[m[K [01;31m[Kerror: [m[K‘[01m[Kstate_interfaces_[m[K’ is not a member of ‘[01m[Khardware_interface::SystemInterface[m[K’
   44 |         hardware_interface::SystemInterface::[01;31m[Kstate_interfaces_[m[K.emplace_back(
      |                                              [01;31m[K^~~~~~~~~~~~~~~~~[m[K
[01m[K/home/humble/ros2_control/src/my_robot_hardware/src/mobile_base_hardware_interface.cpp:53:46:[m[K [01;31m[Kerror: [m[K‘[01m[Kcommand_interfaces_[m[K’ is not a member of ‘[01m[Khardware_interface::SystemInterface[m[K’
   53 |         hardware_interface::SystemInterface::[01;31m[Kcommand_interfaces_[m[K.emplace_back(
      |                                              [01;31m[K^~~~~~~~~~~~~~~~~~~[m[K
In file included from [01m[K/opt/ros/humble/include/class_loader/class_loader/class_loader_core.hpp:57[m[K,
                 from [01m[K/opt/ros/humble/include/class_loader/class_loader/class_loader.hpp:55[m[K,
                 from [01m[K/opt/ros/humble/include/pluginlib/pluginlib/class_list_macros.hpp:40[m[K,
                 from [01m[K/home/humble/ros2_control/src/my_robot_hardware/src/mobile_base_hardware_interface.cpp:139[m[K:
/opt/ros/humble/include/class_loader/class_loader/meta_object.hpp: In instantiation of ‘[01m[KB* class_loader::impl::MetaObject<C, B>::create() const [with C = mobile_base_hardware::MobileBaseHardwareInterface; B = hardware_interface::SystemInterface][m[K’:
[01m[K/opt/ros/humble/include/class_loader/class_loader/meta_object.hpp:216:7:[m[K   required from here
[01m[K/opt/ros/humble/include/class_loader/class_loader/meta_object.hpp:218:12:[m[K [01;31m[Kerror: [m[Kinvalid new-expression of abstract class type ‘[01m[Kmobile_base_hardware::MobileBaseHardwareInterface[m[K’
  218 |     return [01;31m[Knew C[m[K;
      |            [01;31m[K^~~~~[m[K
In file included from [01m[K/home/humble/ros2_control/src/my_robot_hardware/src/mobile_base_hardware_interface.cpp:1[m[K:
[01m[K/home/humble/ros2_control/src/my_robot_hardware/include/my_robot_hardware/mobile_base_hardware_interface.hpp:12:7:[m[K [01;36m[Knote: [m[K  because the following virtual functions are pure within ‘[01m[Kmobile_base_hardware::MobileBaseHardwareInterface[m[K’:
   12 | class [01;36m[KMobileBaseHardwareInterface[m[K : public hardware_interface::SystemInterface
      |       [01;36m[K^~~~~~~~~~~~~~~~~~~~~~~~~~~[m[K
In file included from [01m[K/home/humble/ros2_control/src/my_robot_hardware/include/my_robot_hardware/mobile_base_hardware_interface.hpp:4[m[K,
                 from [01m[K/home/humble/ros2_control/src/my_robot_hardware/src/mobile_base_hardware_interface.cpp:1[m[K:
[01m[K/opt/ros/humble/include/hardware_interface/system_interface.hpp:113:39:[m[K [01;36m[Knote: [m[K    ‘[01m[Kvirtual std::vector<hardware_interface::StateInterface> hardware_interface::SystemInterface::export_state_interfaces()[m[K’
  113 |   virtual std::vector<StateInterface> [01;36m[Kexport_state_interfaces[m[K() = 0;
      |                                       [01;36m[K^~~~~~~~~~~~~~~~~~~~~~~[m[K
[01m[K/opt/ros/humble/include/hardware_interface/system_interface.hpp:124:41:[m[K [01;36m[Knote: [m[K    ‘[01m[Kvirtual std::vector<hardware_interface::CommandInterface> hardware_interface::SystemInterface::export_command_interfaces()[m[K’
  124 |   virtual std::vector<CommandInterface> [01;36m[Kexport_command_interfaces[m[K() = 0;
      |                                         [01;36m[K^~~~~~~~~~~~~~~~~~~~~~~~~[m[K
gmake[2]: *** [CMakeFiles/my_robot_hardware.dir/build.make:76：CMakeFiles/my_robot_hardware.dir/src/mobile_base_hardware_interface.cpp.o] 错误 1
gmake[1]: *** [CMakeFiles/Makefile2:137：CMakeFiles/my_robot_hardware.dir/all] 错误 2
gmake: *** [Makefile:146：all] 错误 2
