[100%] Built target my_robot_hardware
-- Install configuration: ""
-- Up-to-date: /home/humble/ros2_control/install/my_robot_hardware/share/my_robot_hardware/my_robot_hardware_interface.xml
-- Up-to-date: /home/humble/ros2_control/install/my_robot_hardware/lib/libmy_robot_hardware.so
-- Up-to-date: /home/humble/ros2_control/install/my_robot_hardware/include/include
-- Up-to-date: /home/humble/ros2_control/install/my_robot_hardware/include/include/my_robot_hardware
-- Up-to-date: /home/humble/ros2_control/install/my_robot_hardware/include/include/my_robot_hardware/xl330_driver.hpp
-- Up-to-date: /home/humble/ros2_control/install/my_robot_hardware/include/include/my_robot_hardware/mobile_base_hardware_interface.hpp
-- Up-to-date: /home/humble/ros2_control/install/my_robot_hardware/share/my_robot_hardware/environment/library_path.sh
-- Up-to-date: /home/humble/ros2_control/install/my_robot_hardware/share/my_robot_hardware/environment/library_path.dsv
-- Up-to-date: /home/humble/ros2_control/install/my_robot_hardware/share/ament_index/resource_index/package_run_dependencies/my_robot_hardware
-- Up-to-date: /home/humble/ros2_control/install/my_robot_hardware/share/ament_index/resource_index/parent_prefix_path/my_robot_hardware
-- Up-to-date: /home/humble/ros2_control/install/my_robot_hardware/share/my_robot_hardware/environment/ament_prefix_path.sh
-- Up-to-date: /home/humble/ros2_control/install/my_robot_hardware/share/my_robot_hardware/environment/ament_prefix_path.dsv
-- Up-to-date: /home/humble/ros2_control/install/my_robot_hardware/share/my_robot_hardware/environment/path.sh
-- Up-to-date: /home/humble/ros2_control/install/my_robot_hardware/share/my_robot_hardware/environment/path.dsv
-- Up-to-date: /home/humble/ros2_control/install/my_robot_hardware/share/my_robot_hardware/local_setup.bash
-- Up-to-date: /home/humble/ros2_control/install/my_robot_hardware/share/my_robot_hardware/local_setup.sh
-- Up-to-date: /home/humble/ros2_control/install/my_robot_hardware/share/my_robot_hardware/local_setup.zsh
-- Up-to-date: /home/humble/ros2_control/install/my_robot_hardware/share/my_robot_hardware/local_setup.dsv
-- Installing: /home/humble/ros2_control/install/my_robot_hardware/share/my_robot_hardware/package.dsv
-- Up-to-date: /home/humble/ros2_control/install/my_robot_hardware/share/ament_index/resource_index/packages/my_robot_hardware
-- Up-to-date: /home/humble/ros2_control/install/my_robot_hardware/share/ament_index/resource_index/hardware_interface__pluginlib__plugin/my_robot_hardware
-- Up-to-date: /home/humble/ros2_control/install/my_robot_hardware/share/my_robot_hardware/cmake/ament_cmake_export_libraries-extras.cmake
-- Up-to-date: /home/humble/ros2_control/install/my_robot_hardware/share/my_robot_hardware/cmake/ament_cmake_export_dependencies-extras.cmake
-- Up-to-date: /home/humble/ros2_control/install/my_robot_hardware/share/my_robot_hardware/cmake/my_robot_hardwareConfig.cmake
-- Up-to-date: /home/humble/ros2_control/install/my_robot_hardware/share/my_robot_hardware/cmake/my_robot_hardwareConfig-version.cmake
-- Up-to-date: /home/humble/ros2_control/install/my_robot_hardware/share/my_robot_hardware/package.xml
