[0.013s] Invoking command in '/home/humble/ros2_control/build/my_robot_hardware': CMAKE_PREFIX_PATH=/opt/ros/humble /usr/bin/cmake --build /home/humble/ros2_control/build/my_robot_hardware -- -j16 -l16
[0.075s] [100%] Built target my_robot_hardware
[0.085s] Invoked command in '/home/humble/ros2_control/build/my_robot_hardware' returned '0': CMAKE_PREFIX_PATH=/opt/ros/humble /usr/bin/cmake --build /home/humble/ros2_control/build/my_robot_hardware -- -j16 -l16
[0.087s] Invoking command in '/home/humble/ros2_control/build/my_robot_hardware': CMAKE_PREFIX_PATH=/opt/ros/humble /usr/bin/cmake --install /home/humble/ros2_control/build/my_robot_hardware
[0.094s] -- Install configuration: ""
[0.094s] -- Up-to-date: /home/humble/ros2_control/install/my_robot_hardware/share/my_robot_hardware/my_robot_hardware_interface.xml
[0.095s] -- Up-to-date: /home/humble/ros2_control/install/my_robot_hardware/lib/libmy_robot_hardware.so
[0.095s] -- Up-to-date: /home/humble/ros2_control/install/my_robot_hardware/include/include
[0.095s] -- Up-to-date: /home/humble/ros2_control/install/my_robot_hardware/include/include/my_robot_hardware
[0.095s] -- Up-to-date: /home/humble/ros2_control/install/my_robot_hardware/include/include/my_robot_hardware/xl330_driver.hpp
[0.095s] -- Up-to-date: /home/humble/ros2_control/install/my_robot_hardware/include/include/my_robot_hardware/mobile_base_hardware_interface.hpp
[0.096s] -- Up-to-date: /home/humble/ros2_control/install/my_robot_hardware/share/my_robot_hardware/environment/library_path.sh
[0.096s] -- Up-to-date: /home/humble/ros2_control/install/my_robot_hardware/share/my_robot_hardware/environment/library_path.dsv
[0.096s] -- Up-to-date: /home/humble/ros2_control/install/my_robot_hardware/share/ament_index/resource_index/package_run_dependencies/my_robot_hardware
[0.096s] -- Up-to-date: /home/humble/ros2_control/install/my_robot_hardware/share/ament_index/resource_index/parent_prefix_path/my_robot_hardware
[0.096s] -- Up-to-date: /home/humble/ros2_control/install/my_robot_hardware/share/my_robot_hardware/environment/ament_prefix_path.sh
[0.096s] -- Up-to-date: /home/humble/ros2_control/install/my_robot_hardware/share/my_robot_hardware/environment/ament_prefix_path.dsv
[0.096s] -- Up-to-date: /home/humble/ros2_control/install/my_robot_hardware/share/my_robot_hardware/environment/path.sh
[0.096s] -- Up-to-date: /home/humble/ros2_control/install/my_robot_hardware/share/my_robot_hardware/environment/path.dsv
[0.096s] -- Up-to-date: /home/humble/ros2_control/install/my_robot_hardware/share/my_robot_hardware/local_setup.bash
[0.096s] -- Up-to-date: /home/humble/ros2_control/install/my_robot_hardware/share/my_robot_hardware/local_setup.sh
[0.096s] -- Up-to-date: /home/humble/ros2_control/install/my_robot_hardware/share/my_robot_hardware/local_setup.zsh
[0.097s] -- Up-to-date: /home/humble/ros2_control/install/my_robot_hardware/share/my_robot_hardware/local_setup.dsv
[0.097s] -- Installing: /home/humble/ros2_control/install/my_robot_hardware/share/my_robot_hardware/package.dsv
[0.097s] -- Up-to-date: /home/humble/ros2_control/install/my_robot_hardware/share/ament_index/resource_index/packages/my_robot_hardware
[0.097s] -- Up-to-date: /home/humble/ros2_control/install/my_robot_hardware/share/ament_index/resource_index/hardware_interface__pluginlib__plugin/my_robot_hardware
[0.097s] -- Up-to-date: /home/humble/ros2_control/install/my_robot_hardware/share/my_robot_hardware/cmake/ament_cmake_export_libraries-extras.cmake
[0.097s] -- Up-to-date: /home/humble/ros2_control/install/my_robot_hardware/share/my_robot_hardware/cmake/ament_cmake_export_dependencies-extras.cmake
[0.097s] -- Up-to-date: /home/humble/ros2_control/install/my_robot_hardware/share/my_robot_hardware/cmake/my_robot_hardwareConfig.cmake
[0.097s] -- Up-to-date: /home/humble/ros2_control/install/my_robot_hardware/share/my_robot_hardware/cmake/my_robot_hardwareConfig-version.cmake
[0.097s] -- Up-to-date: /home/humble/ros2_control/install/my_robot_hardware/share/my_robot_hardware/package.xml
[0.100s] Invoked command in '/home/humble/ros2_control/build/my_robot_hardware' returned '0': CMAKE_PREFIX_PATH=/opt/ros/humble /usr/bin/cmake --install /home/humble/ros2_control/build/my_robot_hardware
