-- Install configuration: ""
-- Up-to-date: /home/humble/ros2_control/install/bbot_description/share/bbot_description/urdf
-- Up-to-date: /home/humble/ros2_control/install/bbot_description/share/bbot_description/urdf/bbot_description.xacro
-- Up-to-date: /home/humble/ros2_control/install/bbot_description/share/bbot_description/urdf/bbot.urdf.xacro
-- Up-to-date: /home/humble/ros2_control/install/bbot_description/share/bbot_description/urdf/ros2_control.xacro
-- Up-to-date: /home/humble/ros2_control/install/bbot_description/share/bbot_description/urdf/inertial_macros.xacro
-- Up-to-date: /home/humble/ros2_control/install/bbot_description/share/bbot_description/launch
-- Up-to-date: /home/humble/ros2_control/install/bbot_description/share/bbot_description/launch/bbot.launch.py
-- Up-to-date: /home/humble/ros2_control/install/bbot_description/share/bbot_description/launch/bbot_gazebo.launch.py
-- Up-to-date: /home/humble/ros2_control/install/bbot_description/share/ament_index/resource_index/package_run_dependencies/bbot_description
-- Up-to-date: /home/humble/ros2_control/install/bbot_description/share/ament_index/resource_index/parent_prefix_path/bbot_description
-- Up-to-date: /home/humble/ros2_control/install/bbot_description/share/bbot_description/environment/ament_prefix_path.sh
-- Up-to-date: /home/humble/ros2_control/install/bbot_description/share/bbot_description/environment/ament_prefix_path.dsv
-- Up-to-date: /home/humble/ros2_control/install/bbot_description/share/bbot_description/environment/path.sh
-- Up-to-date: /home/humble/ros2_control/install/bbot_description/share/bbot_description/environment/path.dsv
-- Up-to-date: /home/humble/ros2_control/install/bbot_description/share/bbot_description/local_setup.bash
-- Up-to-date: /home/humble/ros2_control/install/bbot_description/share/bbot_description/local_setup.sh
-- Up-to-date: /home/humble/ros2_control/install/bbot_description/share/bbot_description/local_setup.zsh
-- Up-to-date: /home/humble/ros2_control/install/bbot_description/share/bbot_description/local_setup.dsv
-- Installing: /home/humble/ros2_control/install/bbot_description/share/bbot_description/package.dsv
-- Up-to-date: /home/humble/ros2_control/install/bbot_description/share/ament_index/resource_index/packages/bbot_description
-- Up-to-date: /home/humble/ros2_control/install/bbot_description/share/bbot_description/cmake/bbot_descriptionConfig.cmake
-- Up-to-date: /home/humble/ros2_control/install/bbot_description/share/bbot_description/cmake/bbot_descriptionConfig-version.cmake
-- Up-to-date: /home/humble/ros2_control/install/bbot_description/share/bbot_description/package.xml
