[0.012s] Invoking command in '/home/humble/ros2_control/build/my_robot_hardware': CMAKE_PREFIX_PATH=${CMAKE_PREFIX_PATH}:/opt/ros/humble /usr/bin/cmake /home/humble/ros2_control/src/my_robot_hardware -DAMENT_CMAKE_SYMLINK_INSTALL=1 -DCMAKE_INSTALL_PREFIX=/home/humble/ros2_control/install/my_robot_hardware
[0.022s] -- Found ament_cmake: 1.3.11 (/opt/ros/humble/share/ament_cmake/cmake)
[0.122s] -- Override CMake install command with custom implementation using symlinks instead of copying resources
[0.135s] -- Found rclcpp: 16.0.11 (/opt/ros/humble/share/rclcpp/cmake)
[0.166s] -- Found rosidl_generator_c: 3.1.6 (/opt/ros/humble/share/rosidl_generator_c/cmake)
[0.168s] -- Found rosidl_adapter: 3.1.6 (/opt/ros/humble/share/rosidl_adapter/cmake)
[0.175s] -- Found rosidl_generator_cpp: 3.1.6 (/opt/ros/humble/share/rosidl_generator_cpp/cmake)
[0.185s] -- Using all available rosidl_typesupport_c: rosidl_typesupport_fastrtps_c;rosidl_typesupport_introspection_c
[0.197s] -- Using all available rosidl_typesupport_cpp: rosidl_typesupport_fastrtps_cpp;rosidl_typesupport_introspection_cpp
[0.229s] -- Found rmw_implementation_cmake: 6.1.2 (/opt/ros/humble/share/rmw_implementation_cmake/cmake)
[0.231s] -- Found rmw_cyclonedds_cpp: 1.3.4 (/opt/ros/humble/share/rmw_cyclonedds_cpp/cmake)
[0.250s] -- Using RMW implementation 'rmw_cyclonedds_cpp' as default
[0.294s] -- Found rclcpp_lifecycle: 16.0.11 (/opt/ros/humble/share/rclcpp_lifecycle/cmake)
[0.310s] -- Found hardware_interface: 2.48.0 (/opt/ros/humble/share/hardware_interface/cmake)
[0.408s] -- Found dynamixel_sdk: 3.7.60 (/opt/ros/humble/share/dynamixel_sdk/cmake)
[0.474s] -- Configuring done
[0.512s] -- Generating done
[0.516s] -- Build files have been written to: /home/humble/ros2_control/build/my_robot_hardware
[0.522s] Invoked command in '/home/humble/ros2_control/build/my_robot_hardware' returned '0': CMAKE_PREFIX_PATH=${CMAKE_PREFIX_PATH}:/opt/ros/humble /usr/bin/cmake /home/humble/ros2_control/src/my_robot_hardware -DAMENT_CMAKE_SYMLINK_INSTALL=1 -DCMAKE_INSTALL_PREFIX=/home/humble/ros2_control/install/my_robot_hardware
[0.523s] Invoking command in '/home/humble/ros2_control/build/my_robot_hardware': CMAKE_PREFIX_PATH=${CMAKE_PREFIX_PATH}:/opt/ros/humble /usr/bin/cmake --build /home/humble/ros2_control/build/my_robot_hardware -- -j16 -l16
[0.566s] [35m[1mConsolidate compiler generated dependencies of target my_robot_hardware[0m
[0.585s] [ 50%] [32m[1mLinking CXX shared library libmy_robot_hardware.so[0m
[0.754s] [100%] Built target my_robot_hardware
[0.766s] Invoked command in '/home/humble/ros2_control/build/my_robot_hardware' returned '0': CMAKE_PREFIX_PATH=${CMAKE_PREFIX_PATH}:/opt/ros/humble /usr/bin/cmake --build /home/humble/ros2_control/build/my_robot_hardware -- -j16 -l16
[0.767s] Invoking command in '/home/humble/ros2_control/build/my_robot_hardware': CMAKE_PREFIX_PATH=${CMAKE_PREFIX_PATH}:/opt/ros/humble /usr/bin/cmake --install /home/humble/ros2_control/build/my_robot_hardware
[0.774s] -- Install configuration: ""
[0.774s] -- Execute custom install script
[0.774s] -- Symlinking: /home/humble/ros2_control/install/my_robot_hardware/share/my_robot_hardware//my_robot_hardware_interface.xml
[0.783s] -- Symlinking: /home/humble/ros2_control/install/my_robot_hardware/lib/libmy_robot_hardware.so
[0.792s] -- Symlinking: /home/humble/ros2_control/install/my_robot_hardware/include/include/my_robot_hardware/mobile_base_hardware_interface.hpp
[0.800s] -- Symlinking: /home/humble/ros2_control/install/my_robot_hardware/include/include/my_robot_hardware/xl330_driver.hpp
[0.808s] -- Symlinking: /home/humble/ros2_control/install/my_robot_hardware/share/my_robot_hardware/environment/library_path.sh
[0.817s] -- Symlinking: /home/humble/ros2_control/install/my_robot_hardware/share/my_robot_hardware/environment/library_path.dsv
[0.826s] -- Symlinking: /home/humble/ros2_control/install/my_robot_hardware/share/ament_index/resource_index/package_run_dependencies/my_robot_hardware
[0.834s] -- Symlinking: /home/humble/ros2_control/install/my_robot_hardware/share/ament_index/resource_index/parent_prefix_path/my_robot_hardware
[0.842s] -- Symlinking: /home/humble/ros2_control/install/my_robot_hardware/share/my_robot_hardware/environment/ament_prefix_path.sh
[0.851s] -- Symlinking: /home/humble/ros2_control/install/my_robot_hardware/share/my_robot_hardware/environment/ament_prefix_path.dsv
[0.859s] -- Symlinking: /home/humble/ros2_control/install/my_robot_hardware/share/my_robot_hardware/environment/path.sh
[0.868s] -- Symlinking: /home/humble/ros2_control/install/my_robot_hardware/share/my_robot_hardware/environment/path.dsv
[0.876s] -- Symlinking: /home/humble/ros2_control/install/my_robot_hardware/share/my_robot_hardware/local_setup.bash
[0.885s] -- Symlinking: /home/humble/ros2_control/install/my_robot_hardware/share/my_robot_hardware/local_setup.sh
[0.894s] -- Symlinking: /home/humble/ros2_control/install/my_robot_hardware/share/my_robot_hardware/local_setup.zsh
[0.904s] -- Symlinking: /home/humble/ros2_control/install/my_robot_hardware/share/my_robot_hardware/local_setup.dsv
[0.914s] -- Symlinking: /home/humble/ros2_control/install/my_robot_hardware/share/my_robot_hardware/package.dsv
[0.924s] -- Symlinking: /home/humble/ros2_control/install/my_robot_hardware/share/ament_index/resource_index/packages/my_robot_hardware
[0.934s] -- Symlinking: /home/humble/ros2_control/install/my_robot_hardware/share/ament_index/resource_index/hardware_interface__pluginlib__plugin/my_robot_hardware
[0.942s] -- Symlinking: /home/humble/ros2_control/install/my_robot_hardware/share/my_robot_hardware/cmake/ament_cmake_export_libraries-extras.cmake
[0.950s] -- Symlinking: /home/humble/ros2_control/install/my_robot_hardware/share/my_robot_hardware/cmake/ament_cmake_export_dependencies-extras.cmake
[0.959s] -- Symlinking: /home/humble/ros2_control/install/my_robot_hardware/share/my_robot_hardware/cmake/my_robot_hardwareConfig.cmake
[0.968s] -- Symlinking: /home/humble/ros2_control/install/my_robot_hardware/share/my_robot_hardware/cmake/my_robot_hardwareConfig-version.cmake
[0.977s] -- Symlinking: /home/humble/ros2_control/install/my_robot_hardware/share/my_robot_hardware/package.xml
[0.988s] Invoked command in '/home/humble/ros2_control/build/my_robot_hardware' returned '0': CMAKE_PREFIX_PATH=${CMAKE_PREFIX_PATH}:/opt/ros/humble /usr/bin/cmake --install /home/humble/ros2_control/build/my_robot_hardware
