[0.011s] Invoking command in '/home/humble/ros2_control/build/bbot_description': CMAKE_PREFIX_PATH=${CMAKE_PREFIX_PATH}:/opt/ros/humble /usr/bin/cmake /home/humble/ros2_control/src/bbot_demo/src/bbot_description -DAMENT_CMAKE_SYMLINK_INSTALL=1 -DCMAKE_INSTALL_PREFIX=/home/humble/ros2_control/install/bbot_description
[0.022s] -- Found ament_cmake: 1.3.11 (/opt/ros/humble/share/ament_cmake/cmake)
[0.117s] -- Override CMake install command with custom implementation using symlinks instead of copying resources
[0.124s] -- Found hardware_interface: 2.48.0 (/opt/ros/humble/share/hardware_interface/cmake)
[0.147s] -- Found rosidl_generator_c: 3.1.6 (/opt/ros/humble/share/rosidl_generator_c/cmake)
[0.149s] -- Found rosidl_adapter: 3.1.6 (/opt/ros/humble/share/rosidl_adapter/cmake)
[0.153s] -- Found rosidl_generator_cpp: 3.1.6 (/opt/ros/humble/share/rosidl_generator_cpp/cmake)
[0.160s] -- Using all available rosidl_typesupport_c: rosidl_typesupport_fastrtps_c;rosidl_typesupport_introspection_c
[0.169s] -- Using all available rosidl_typesupport_cpp: rosidl_typesupport_fastrtps_cpp;rosidl_typesupport_introspection_cpp
[0.301s] -- Found rmw_implementation_cmake: 6.1.2 (/opt/ros/humble/share/rmw_implementation_cmake/cmake)
[0.302s] -- Found rmw_cyclonedds_cpp: 1.3.4 (/opt/ros/humble/share/rmw_cyclonedds_cpp/cmake)
[0.315s] -- Using RMW implementation 'rmw_cyclonedds_cpp' as default
[0.349s] -- Found ament_lint_auto: 0.12.11 (/opt/ros/humble/share/ament_lint_auto/cmake)
[0.406s] -- Added test 'copyright' to check source files copyright and LICENSE
[0.408s] -- Added test 'flake8' to check Python code syntax and style conventions
[0.408s] -- Added test 'lint_cmake' to check CMake code style
[0.408s] -- Added test 'pep257' to check Python code against some of the docstring style conventions in PEP 257
[0.409s] -- Added test 'xmllint' to check XML markup files
[0.410s] -- Configuring done
[0.414s] -- Generating done
[0.417s] -- Build files have been written to: /home/humble/ros2_control/build/bbot_description
[0.423s] Invoked command in '/home/humble/ros2_control/build/bbot_description' returned '0': CMAKE_PREFIX_PATH=${CMAKE_PREFIX_PATH}:/opt/ros/humble /usr/bin/cmake /home/humble/ros2_control/src/bbot_demo/src/bbot_description -DAMENT_CMAKE_SYMLINK_INSTALL=1 -DCMAKE_INSTALL_PREFIX=/home/humble/ros2_control/install/bbot_description
[0.424s] Invoking command in '/home/humble/ros2_control/build/bbot_description': CMAKE_PREFIX_PATH=${CMAKE_PREFIX_PATH}:/opt/ros/humble /usr/bin/cmake --build /home/humble/ros2_control/build/bbot_description -- -j16 -l16
[0.466s] Invoked command in '/home/humble/ros2_control/build/bbot_description' returned '0': CMAKE_PREFIX_PATH=${CMAKE_PREFIX_PATH}:/opt/ros/humble /usr/bin/cmake --build /home/humble/ros2_control/build/bbot_description -- -j16 -l16
[0.467s] Invoking command in '/home/humble/ros2_control/build/bbot_description': CMAKE_PREFIX_PATH=${CMAKE_PREFIX_PATH}:/opt/ros/humble /usr/bin/cmake --install /home/humble/ros2_control/build/bbot_description
[0.475s] -- Install configuration: ""
[0.475s] -- Execute custom install script
[0.475s] -- Symlinking: /home/humble/ros2_control/install/bbot_description/share/bbot_description/urdf/bbot.urdf.xacro
[0.484s] -- Symlinking: /home/humble/ros2_control/install/bbot_description/share/bbot_description/urdf/bbot_description.xacro
[0.493s] -- Symlinking: /home/humble/ros2_control/install/bbot_description/share/bbot_description/urdf/inertial_macros.xacro
[0.503s] -- Symlinking: /home/humble/ros2_control/install/bbot_description/share/bbot_description/urdf/ros2_control.xacro
[0.512s] -- Symlinking: /home/humble/ros2_control/install/bbot_description/share/bbot_description/launch/bbot.launch.py
[0.521s] -- Symlinking: /home/humble/ros2_control/install/bbot_description/share/bbot_description/launch/bbot_gazebo.launch.py
[0.530s] -- Symlinking: /home/humble/ros2_control/install/bbot_description/share/ament_index/resource_index/package_run_dependencies/bbot_description
[0.538s] -- Symlinking: /home/humble/ros2_control/install/bbot_description/share/ament_index/resource_index/parent_prefix_path/bbot_description
[0.547s] -- Symlinking: /home/humble/ros2_control/install/bbot_description/share/bbot_description/environment/ament_prefix_path.sh
[0.555s] -- Symlinking: /home/humble/ros2_control/install/bbot_description/share/bbot_description/environment/ament_prefix_path.dsv
[0.563s] -- Symlinking: /home/humble/ros2_control/install/bbot_description/share/bbot_description/environment/path.sh
[0.572s] -- Symlinking: /home/humble/ros2_control/install/bbot_description/share/bbot_description/environment/path.dsv
[0.580s] -- Symlinking: /home/humble/ros2_control/install/bbot_description/share/bbot_description/local_setup.bash
[0.589s] -- Symlinking: /home/humble/ros2_control/install/bbot_description/share/bbot_description/local_setup.sh
[0.597s] -- Symlinking: /home/humble/ros2_control/install/bbot_description/share/bbot_description/local_setup.zsh
[0.605s] -- Symlinking: /home/humble/ros2_control/install/bbot_description/share/bbot_description/local_setup.dsv
[0.614s] -- Symlinking: /home/humble/ros2_control/install/bbot_description/share/bbot_description/package.dsv
[0.622s] -- Symlinking: /home/humble/ros2_control/install/bbot_description/share/ament_index/resource_index/packages/bbot_description
[0.631s] -- Symlinking: /home/humble/ros2_control/install/bbot_description/share/bbot_description/cmake/bbot_descriptionConfig.cmake
[0.639s] -- Symlinking: /home/humble/ros2_control/install/bbot_description/share/bbot_description/cmake/bbot_descriptionConfig-version.cmake
[0.649s] -- Symlinking: /home/humble/ros2_control/install/bbot_description/share/bbot_description/package.xml
[0.660s] Invoked command in '/home/humble/ros2_control/build/bbot_description' returned '0': CMAKE_PREFIX_PATH=${CMAKE_PREFIX_PATH}:/opt/ros/humble /usr/bin/cmake --install /home/humble/ros2_control/build/bbot_description
