[0.079s] DEBUG:colcon:Command line arguments: ['/usr/bin/colcon', 'build', '--symlink']
[0.079s] DEBUG:colcon:Parsed command line arguments: Namespace(log_base=None, log_level=None, verb_name='build', build_base='build', install_base='install', merge_install=False, symlink_install=True, test_result_base=None, continue_on_error=False, executor='parallel', parallel_workers=16, event_handlers=None, ignore_user_meta=False, metas=['./colcon.meta'], base_paths=['.'], packages_ignore=None, packages_ignore_regex=None, paths=None, packages_up_to=None, packages_up_to_regex=None, packages_above=None, packages_above_and_dependencies=None, packages_above_depth=None, packages_select_by_dep=None, packages_skip_by_dep=None, packages_skip_up_to=None, packages_select_build_failed=False, packages_skip_build_finished=False, packages_select_test_failures=False, packages_skip_test_passed=False, packages_select=None, packages_skip=None, packages_select_regex=None, packages_skip_regex=None, packages_start=None, packages_end=None, allow_overriding=[], cmake_args=None, cmake_target=None, cmake_target_skip_unavailable=False, cmake_clean_cache=False, cmake_clean_first=False, cmake_force_configure=False, ament_cmake_args=None, catkin_cmake_args=None, catkin_skip_building_tests=False, verb_parser=<colcon_defaults.argument_parser.defaults.DefaultArgumentsDecorator object at 0x776525371060>, verb_extension=<colcon_core.verb.build.BuildVerb object at 0x7765254824d0>, main=<bound method BuildVerb.main of <colcon_core.verb.build.BuildVerb object at 0x7765254824d0>>)
[0.227s] Level 1:colcon.colcon_core.package_discovery:discover_packages(colcon_meta) check parameters
[0.227s] Level 1:colcon.colcon_core.package_discovery:discover_packages(recursive) check parameters
[0.227s] Level 1:colcon.colcon_core.package_discovery:discover_packages(ignore) check parameters
[0.227s] Level 1:colcon.colcon_core.package_discovery:discover_packages(path) check parameters
[0.227s] Level 1:colcon.colcon_core.package_discovery:discover_packages(colcon_meta) discover
[0.227s] Level 1:colcon.colcon_core.package_discovery:discover_packages(recursive) discover
[0.227s] INFO:colcon.colcon_core.package_discovery:Crawling recursively for packages in '/home/humble/ros2_control'
[0.227s] Level 1:colcon.colcon_core.package_identification:_identify(.) by extensions ['ignore', 'ignore_ament_install']
[0.227s] Level 1:colcon.colcon_core.package_identification:_identify(.) by extension 'ignore'
[0.227s] Level 1:colcon.colcon_core.package_identification:_identify(.) by extension 'ignore_ament_install'
[0.227s] Level 1:colcon.colcon_core.package_identification:_identify(.) by extensions ['colcon_pkg']
[0.227s] Level 1:colcon.colcon_core.package_identification:_identify(.) by extension 'colcon_pkg'
[0.227s] Level 1:colcon.colcon_core.package_identification:_identify(.) by extensions ['colcon_meta']
[0.227s] Level 1:colcon.colcon_core.package_identification:_identify(.) by extension 'colcon_meta'
[0.227s] Level 1:colcon.colcon_core.package_identification:_identify(.) by extensions ['ros']
[0.227s] Level 1:colcon.colcon_core.package_identification:_identify(.) by extension 'ros'
[0.236s] Level 1:colcon.colcon_core.package_identification:_identify(.) by extensions ['cmake', 'python']
[0.236s] Level 1:colcon.colcon_core.package_identification:_identify(.) by extension 'cmake'
[0.236s] Level 1:colcon.colcon_core.package_identification:_identify(.) by extension 'python'
[0.236s] Level 1:colcon.colcon_core.package_identification:_identify(.) by extensions ['python_setup_py']
[0.236s] Level 1:colcon.colcon_core.package_identification:_identify(.) by extension 'python_setup_py'
[0.236s] Level 1:colcon.colcon_core.package_identification:_identify(build) by extensions ['ignore', 'ignore_ament_install']
[0.236s] Level 1:colcon.colcon_core.package_identification:_identify(build) by extension 'ignore'
[0.236s] Level 1:colcon.colcon_core.package_identification:_identify(build) ignored
[0.236s] Level 1:colcon.colcon_core.package_identification:_identify(install) by extensions ['ignore', 'ignore_ament_install']
[0.236s] Level 1:colcon.colcon_core.package_identification:_identify(install) by extension 'ignore'
[0.236s] Level 1:colcon.colcon_core.package_identification:_identify(install) ignored
[0.236s] Level 1:colcon.colcon_core.package_identification:_identify(log) by extensions ['ignore', 'ignore_ament_install']
[0.236s] Level 1:colcon.colcon_core.package_identification:_identify(log) by extension 'ignore'
[0.237s] Level 1:colcon.colcon_core.package_identification:_identify(log) ignored
[0.237s] Level 1:colcon.colcon_core.package_identification:_identify(src) by extensions ['ignore', 'ignore_ament_install']
[0.237s] Level 1:colcon.colcon_core.package_identification:_identify(src) by extension 'ignore'
[0.237s] Level 1:colcon.colcon_core.package_identification:_identify(src) by extension 'ignore_ament_install'
[0.237s] Level 1:colcon.colcon_core.package_identification:_identify(src) by extensions ['colcon_pkg']
[0.237s] Level 1:colcon.colcon_core.package_identification:_identify(src) by extension 'colcon_pkg'
[0.237s] Level 1:colcon.colcon_core.package_identification:_identify(src) by extensions ['colcon_meta']
[0.237s] Level 1:colcon.colcon_core.package_identification:_identify(src) by extension 'colcon_meta'
[0.237s] Level 1:colcon.colcon_core.package_identification:_identify(src) by extensions ['ros']
[0.237s] Level 1:colcon.colcon_core.package_identification:_identify(src) by extension 'ros'
[0.237s] Level 1:colcon.colcon_core.package_identification:_identify(src) by extensions ['cmake', 'python']
[0.237s] Level 1:colcon.colcon_core.package_identification:_identify(src) by extension 'cmake'
[0.237s] Level 1:colcon.colcon_core.package_identification:_identify(src) by extension 'python'
[0.237s] Level 1:colcon.colcon_core.package_identification:_identify(src) by extensions ['python_setup_py']
[0.237s] Level 1:colcon.colcon_core.package_identification:_identify(src) by extension 'python_setup_py'
[0.237s] Level 1:colcon.colcon_core.package_identification:_identify(src/bbot_demo) by extensions ['ignore', 'ignore_ament_install']
[0.237s] Level 1:colcon.colcon_core.package_identification:_identify(src/bbot_demo) by extension 'ignore'
[0.237s] Level 1:colcon.colcon_core.package_identification:_identify(src/bbot_demo) by extension 'ignore_ament_install'
[0.237s] Level 1:colcon.colcon_core.package_identification:_identify(src/bbot_demo) by extensions ['colcon_pkg']
[0.237s] Level 1:colcon.colcon_core.package_identification:_identify(src/bbot_demo) by extension 'colcon_pkg'
[0.237s] Level 1:colcon.colcon_core.package_identification:_identify(src/bbot_demo) by extensions ['colcon_meta']
[0.237s] Level 1:colcon.colcon_core.package_identification:_identify(src/bbot_demo) by extension 'colcon_meta'
[0.237s] Level 1:colcon.colcon_core.package_identification:_identify(src/bbot_demo) by extensions ['ros']
[0.237s] Level 1:colcon.colcon_core.package_identification:_identify(src/bbot_demo) by extension 'ros'
[0.238s] Level 1:colcon.colcon_core.package_identification:_identify(src/bbot_demo) by extensions ['cmake', 'python']
[0.238s] Level 1:colcon.colcon_core.package_identification:_identify(src/bbot_demo) by extension 'cmake'
[0.238s] Level 1:colcon.colcon_core.package_identification:_identify(src/bbot_demo) by extension 'python'
[0.238s] Level 1:colcon.colcon_core.package_identification:_identify(src/bbot_demo) by extensions ['python_setup_py']
[0.238s] Level 1:colcon.colcon_core.package_identification:_identify(src/bbot_demo) by extension 'python_setup_py'
[0.238s] Level 1:colcon.colcon_core.package_identification:_identify(src/bbot_demo/src) by extensions ['ignore', 'ignore_ament_install']
[0.238s] Level 1:colcon.colcon_core.package_identification:_identify(src/bbot_demo/src) by extension 'ignore'
[0.238s] Level 1:colcon.colcon_core.package_identification:_identify(src/bbot_demo/src) by extension 'ignore_ament_install'
[0.238s] Level 1:colcon.colcon_core.package_identification:_identify(src/bbot_demo/src) by extensions ['colcon_pkg']
[0.238s] Level 1:colcon.colcon_core.package_identification:_identify(src/bbot_demo/src) by extension 'colcon_pkg'
[0.238s] Level 1:colcon.colcon_core.package_identification:_identify(src/bbot_demo/src) by extensions ['colcon_meta']
[0.238s] Level 1:colcon.colcon_core.package_identification:_identify(src/bbot_demo/src) by extension 'colcon_meta'
[0.238s] Level 1:colcon.colcon_core.package_identification:_identify(src/bbot_demo/src) by extensions ['ros']
[0.238s] Level 1:colcon.colcon_core.package_identification:_identify(src/bbot_demo/src) by extension 'ros'
[0.238s] Level 1:colcon.colcon_core.package_identification:_identify(src/bbot_demo/src) by extensions ['cmake', 'python']
[0.238s] Level 1:colcon.colcon_core.package_identification:_identify(src/bbot_demo/src) by extension 'cmake'
[0.238s] Level 1:colcon.colcon_core.package_identification:_identify(src/bbot_demo/src) by extension 'python'
[0.238s] Level 1:colcon.colcon_core.package_identification:_identify(src/bbot_demo/src) by extensions ['python_setup_py']
[0.238s] Level 1:colcon.colcon_core.package_identification:_identify(src/bbot_demo/src) by extension 'python_setup_py'
[0.238s] Level 1:colcon.colcon_core.package_identification:_identify(src/bbot_demo/src/bbot_description) by extensions ['ignore', 'ignore_ament_install']
[0.238s] Level 1:colcon.colcon_core.package_identification:_identify(src/bbot_demo/src/bbot_description) by extension 'ignore'
[0.238s] Level 1:colcon.colcon_core.package_identification:_identify(src/bbot_demo/src/bbot_description) by extension 'ignore_ament_install'
[0.238s] Level 1:colcon.colcon_core.package_identification:_identify(src/bbot_demo/src/bbot_description) by extensions ['colcon_pkg']
[0.239s] Level 1:colcon.colcon_core.package_identification:_identify(src/bbot_demo/src/bbot_description) by extension 'colcon_pkg'
[0.239s] Level 1:colcon.colcon_core.package_identification:_identify(src/bbot_demo/src/bbot_description) by extensions ['colcon_meta']
[0.239s] Level 1:colcon.colcon_core.package_identification:_identify(src/bbot_demo/src/bbot_description) by extension 'colcon_meta'
[0.239s] Level 1:colcon.colcon_core.package_identification:_identify(src/bbot_demo/src/bbot_description) by extensions ['ros']
[0.239s] Level 1:colcon.colcon_core.package_identification:_identify(src/bbot_demo/src/bbot_description) by extension 'ros'
[0.240s] DEBUG:colcon.colcon_core.package_identification:Package 'src/bbot_demo/src/bbot_description' with type 'ros.ament_cmake' and name 'bbot_description'
[0.241s] Level 1:colcon.colcon_core.package_identification:_identify(src/dxl_test) by extensions ['ignore', 'ignore_ament_install']
[0.241s] Level 1:colcon.colcon_core.package_identification:_identify(src/dxl_test) by extension 'ignore'
[0.241s] Level 1:colcon.colcon_core.package_identification:_identify(src/dxl_test) by extension 'ignore_ament_install'
[0.241s] Level 1:colcon.colcon_core.package_identification:_identify(src/dxl_test) by extensions ['colcon_pkg']
[0.241s] Level 1:colcon.colcon_core.package_identification:_identify(src/dxl_test) by extension 'colcon_pkg'
[0.241s] Level 1:colcon.colcon_core.package_identification:_identify(src/dxl_test) by extensions ['colcon_meta']
[0.241s] Level 1:colcon.colcon_core.package_identification:_identify(src/dxl_test) by extension 'colcon_meta'
[0.241s] Level 1:colcon.colcon_core.package_identification:_identify(src/dxl_test) by extensions ['ros']
[0.241s] Level 1:colcon.colcon_core.package_identification:_identify(src/dxl_test) by extension 'ros'
[0.241s] DEBUG:colcon.colcon_core.package_identification:Package 'src/dxl_test' with type 'ros.ament_cmake' and name 'dxl_test'
[0.241s] Level 1:colcon.colcon_core.package_identification:_identify(src/my_robot_bringup) by extensions ['ignore', 'ignore_ament_install']
[0.242s] Level 1:colcon.colcon_core.package_identification:_identify(src/my_robot_bringup) by extension 'ignore'
[0.242s] Level 1:colcon.colcon_core.package_identification:_identify(src/my_robot_bringup) by extension 'ignore_ament_install'
[0.242s] Level 1:colcon.colcon_core.package_identification:_identify(src/my_robot_bringup) by extensions ['colcon_pkg']
[0.242s] Level 1:colcon.colcon_core.package_identification:_identify(src/my_robot_bringup) by extension 'colcon_pkg'
[0.242s] Level 1:colcon.colcon_core.package_identification:_identify(src/my_robot_bringup) by extensions ['colcon_meta']
[0.242s] Level 1:colcon.colcon_core.package_identification:_identify(src/my_robot_bringup) by extension 'colcon_meta'
[0.242s] Level 1:colcon.colcon_core.package_identification:_identify(src/my_robot_bringup) by extensions ['ros']
[0.242s] Level 1:colcon.colcon_core.package_identification:_identify(src/my_robot_bringup) by extension 'ros'
[0.242s] DEBUG:colcon.colcon_core.package_identification:Package 'src/my_robot_bringup' with type 'ros.ament_cmake' and name 'my_robot_bringup'
[0.242s] Level 1:colcon.colcon_core.package_identification:_identify(src/my_robot_hardware) by extensions ['ignore', 'ignore_ament_install']
[0.242s] Level 1:colcon.colcon_core.package_identification:_identify(src/my_robot_hardware) by extension 'ignore'
[0.242s] Level 1:colcon.colcon_core.package_identification:_identify(src/my_robot_hardware) by extension 'ignore_ament_install'
[0.242s] Level 1:colcon.colcon_core.package_identification:_identify(src/my_robot_hardware) by extensions ['colcon_pkg']
[0.242s] Level 1:colcon.colcon_core.package_identification:_identify(src/my_robot_hardware) by extension 'colcon_pkg'
[0.243s] Level 1:colcon.colcon_core.package_identification:_identify(src/my_robot_hardware) by extensions ['colcon_meta']
[0.243s] Level 1:colcon.colcon_core.package_identification:_identify(src/my_robot_hardware) by extension 'colcon_meta'
[0.243s] Level 1:colcon.colcon_core.package_identification:_identify(src/my_robot_hardware) by extensions ['ros']
[0.243s] Level 1:colcon.colcon_core.package_identification:_identify(src/my_robot_hardware) by extension 'ros'
[0.243s] DEBUG:colcon.colcon_core.package_identification:Package 'src/my_robot_hardware' with type 'ros.ament_cmake' and name 'my_robot_hardware'
[0.243s] Level 1:colcon.colcon_core.package_discovery:discover_packages(recursive) using defaults
[0.243s] Level 1:colcon.colcon_core.package_discovery:discover_packages(ignore) discover
[0.243s] Level 1:colcon.colcon_core.package_discovery:discover_packages(ignore) using defaults
[0.243s] Level 1:colcon.colcon_core.package_discovery:discover_packages(path) discover
[0.243s] Level 1:colcon.colcon_core.package_discovery:discover_packages(path) using defaults
[0.267s] Level 1:colcon.colcon_core.package_discovery:discover_packages(prefix_path) check parameters
[0.267s] Level 1:colcon.colcon_core.package_discovery:discover_packages(prefix_path) discover
[0.268s] DEBUG:colcon.colcon_installed_package_information.package_discovery:Found 4 installed packages in /home/humble/ros2_control/install
[0.270s] DEBUG:colcon.colcon_installed_package_information.package_discovery:Found 419 installed packages in /opt/ros/humble
[0.271s] Level 1:colcon.colcon_core.package_discovery:discover_packages(prefix_path) using defaults
[0.317s] Level 5:colcon.colcon_core.verb:set package 'bbot_description' build argument 'cmake_args' from command line to 'None'
[0.317s] Level 5:colcon.colcon_core.verb:set package 'bbot_description' build argument 'cmake_target' from command line to 'None'
[0.317s] Level 5:colcon.colcon_core.verb:set package 'bbot_description' build argument 'cmake_target_skip_unavailable' from command line to 'False'
[0.317s] Level 5:colcon.colcon_core.verb:set package 'bbot_description' build argument 'cmake_clean_cache' from command line to 'False'
[0.317s] Level 5:colcon.colcon_core.verb:set package 'bbot_description' build argument 'cmake_clean_first' from command line to 'False'
[0.317s] Level 5:colcon.colcon_core.verb:set package 'bbot_description' build argument 'cmake_force_configure' from command line to 'False'
[0.317s] Level 5:colcon.colcon_core.verb:set package 'bbot_description' build argument 'ament_cmake_args' from command line to 'None'
[0.317s] Level 5:colcon.colcon_core.verb:set package 'bbot_description' build argument 'catkin_cmake_args' from command line to 'None'
[0.317s] Level 5:colcon.colcon_core.verb:set package 'bbot_description' build argument 'catkin_skip_building_tests' from command line to 'False'
[0.317s] DEBUG:colcon.colcon_core.verb:Building package 'bbot_description' with the following arguments: {'ament_cmake_args': None, 'build_base': '/home/humble/ros2_control/build/bbot_description', 'catkin_cmake_args': None, 'catkin_skip_building_tests': False, 'cmake_args': None, 'cmake_clean_cache': False, 'cmake_clean_first': False, 'cmake_force_configure': False, 'cmake_target': None, 'cmake_target_skip_unavailable': False, 'install_base': '/home/humble/ros2_control/install/bbot_description', 'merge_install': False, 'path': '/home/humble/ros2_control/src/bbot_demo/src/bbot_description', 'symlink_install': True, 'test_result_base': None}
[0.317s] Level 5:colcon.colcon_core.verb:set package 'dxl_test' build argument 'cmake_args' from command line to 'None'
[0.317s] Level 5:colcon.colcon_core.verb:set package 'dxl_test' build argument 'cmake_target' from command line to 'None'
[0.317s] Level 5:colcon.colcon_core.verb:set package 'dxl_test' build argument 'cmake_target_skip_unavailable' from command line to 'False'
[0.317s] Level 5:colcon.colcon_core.verb:set package 'dxl_test' build argument 'cmake_clean_cache' from command line to 'False'
[0.317s] Level 5:colcon.colcon_core.verb:set package 'dxl_test' build argument 'cmake_clean_first' from command line to 'False'
[0.317s] Level 5:colcon.colcon_core.verb:set package 'dxl_test' build argument 'cmake_force_configure' from command line to 'False'
[0.317s] Level 5:colcon.colcon_core.verb:set package 'dxl_test' build argument 'ament_cmake_args' from command line to 'None'
[0.317s] Level 5:colcon.colcon_core.verb:set package 'dxl_test' build argument 'catkin_cmake_args' from command line to 'None'
[0.317s] Level 5:colcon.colcon_core.verb:set package 'dxl_test' build argument 'catkin_skip_building_tests' from command line to 'False'
[0.317s] DEBUG:colcon.colcon_core.verb:Building package 'dxl_test' with the following arguments: {'ament_cmake_args': None, 'build_base': '/home/humble/ros2_control/build/dxl_test', 'catkin_cmake_args': None, 'catkin_skip_building_tests': False, 'cmake_args': None, 'cmake_clean_cache': False, 'cmake_clean_first': False, 'cmake_force_configure': False, 'cmake_target': None, 'cmake_target_skip_unavailable': False, 'install_base': '/home/humble/ros2_control/install/dxl_test', 'merge_install': False, 'path': '/home/humble/ros2_control/src/dxl_test', 'symlink_install': True, 'test_result_base': None}
[0.318s] Level 5:colcon.colcon_core.verb:set package 'my_robot_hardware' build argument 'cmake_args' from command line to 'None'
[0.318s] Level 5:colcon.colcon_core.verb:set package 'my_robot_hardware' build argument 'cmake_target' from command line to 'None'
[0.318s] Level 5:colcon.colcon_core.verb:set package 'my_robot_hardware' build argument 'cmake_target_skip_unavailable' from command line to 'False'
[0.318s] Level 5:colcon.colcon_core.verb:set package 'my_robot_hardware' build argument 'cmake_clean_cache' from command line to 'False'
[0.318s] Level 5:colcon.colcon_core.verb:set package 'my_robot_hardware' build argument 'cmake_clean_first' from command line to 'False'
[0.318s] Level 5:colcon.colcon_core.verb:set package 'my_robot_hardware' build argument 'cmake_force_configure' from command line to 'False'
[0.318s] Level 5:colcon.colcon_core.verb:set package 'my_robot_hardware' build argument 'ament_cmake_args' from command line to 'None'
[0.318s] Level 5:colcon.colcon_core.verb:set package 'my_robot_hardware' build argument 'catkin_cmake_args' from command line to 'None'
[0.318s] Level 5:colcon.colcon_core.verb:set package 'my_robot_hardware' build argument 'catkin_skip_building_tests' from command line to 'False'
[0.318s] DEBUG:colcon.colcon_core.verb:Building package 'my_robot_hardware' with the following arguments: {'ament_cmake_args': None, 'build_base': '/home/humble/ros2_control/build/my_robot_hardware', 'catkin_cmake_args': None, 'catkin_skip_building_tests': False, 'cmake_args': None, 'cmake_clean_cache': False, 'cmake_clean_first': False, 'cmake_force_configure': False, 'cmake_target': None, 'cmake_target_skip_unavailable': False, 'install_base': '/home/humble/ros2_control/install/my_robot_hardware', 'merge_install': False, 'path': '/home/humble/ros2_control/src/my_robot_hardware', 'symlink_install': True, 'test_result_base': None}
[0.318s] Level 5:colcon.colcon_core.verb:set package 'my_robot_bringup' build argument 'cmake_args' from command line to 'None'
[0.318s] Level 5:colcon.colcon_core.verb:set package 'my_robot_bringup' build argument 'cmake_target' from command line to 'None'
[0.318s] Level 5:colcon.colcon_core.verb:set package 'my_robot_bringup' build argument 'cmake_target_skip_unavailable' from command line to 'False'
[0.318s] Level 5:colcon.colcon_core.verb:set package 'my_robot_bringup' build argument 'cmake_clean_cache' from command line to 'False'
[0.318s] Level 5:colcon.colcon_core.verb:set package 'my_robot_bringup' build argument 'cmake_clean_first' from command line to 'False'
[0.318s] Level 5:colcon.colcon_core.verb:set package 'my_robot_bringup' build argument 'cmake_force_configure' from command line to 'False'
[0.318s] Level 5:colcon.colcon_core.verb:set package 'my_robot_bringup' build argument 'ament_cmake_args' from command line to 'None'
[0.318s] Level 5:colcon.colcon_core.verb:set package 'my_robot_bringup' build argument 'catkin_cmake_args' from command line to 'None'
[0.318s] Level 5:colcon.colcon_core.verb:set package 'my_robot_bringup' build argument 'catkin_skip_building_tests' from command line to 'False'
[0.318s] DEBUG:colcon.colcon_core.verb:Building package 'my_robot_bringup' with the following arguments: {'ament_cmake_args': None, 'build_base': '/home/humble/ros2_control/build/my_robot_bringup', 'catkin_cmake_args': None, 'catkin_skip_building_tests': False, 'cmake_args': None, 'cmake_clean_cache': False, 'cmake_clean_first': False, 'cmake_force_configure': False, 'cmake_target': None, 'cmake_target_skip_unavailable': False, 'install_base': '/home/humble/ros2_control/install/my_robot_bringup', 'merge_install': False, 'path': '/home/humble/ros2_control/src/my_robot_bringup', 'symlink_install': True, 'test_result_base': None}
[0.318s] INFO:colcon.colcon_core.executor:Executing jobs using 'parallel' executor
[0.319s] DEBUG:colcon.colcon_parallel_executor.executor.parallel:run_until_complete
[0.320s] INFO:colcon.colcon_ros.task.ament_cmake.build:Building ROS package in '/home/humble/ros2_control/src/bbot_demo/src/bbot_description' with build type 'ament_cmake'
[0.320s] INFO:colcon.colcon_cmake.task.cmake.build:Building CMake package in '/home/humble/ros2_control/src/bbot_demo/src/bbot_description'
[0.321s] INFO:colcon.colcon_core.plugin_system:Skipping extension 'colcon_core.shell.bat': Not used on non-Windows systems
[0.321s] INFO:colcon.colcon_core.shell:Skip shell extension 'powershell' for command environment: Not usable outside of PowerShell
[0.321s] DEBUG:colcon.colcon_core.shell:Skip shell extension 'dsv' for command environment
[0.325s] INFO:colcon.colcon_ros.task.ament_cmake.build:Building ROS package in '/home/humble/ros2_control/src/dxl_test' with build type 'ament_cmake'
[0.325s] INFO:colcon.colcon_cmake.task.cmake.build:Building CMake package in '/home/humble/ros2_control/src/dxl_test'
[0.325s] INFO:colcon.colcon_core.shell:Skip shell extension 'powershell' for command environment: Not usable outside of PowerShell
[0.325s] DEBUG:colcon.colcon_core.shell:Skip shell extension 'dsv' for command environment
[0.328s] INFO:colcon.colcon_ros.task.ament_cmake.build:Building ROS package in '/home/humble/ros2_control/src/my_robot_hardware' with build type 'ament_cmake'
[0.328s] INFO:colcon.colcon_cmake.task.cmake.build:Building CMake package in '/home/humble/ros2_control/src/my_robot_hardware'
[0.328s] INFO:colcon.colcon_core.shell:Skip shell extension 'powershell' for command environment: Not usable outside of PowerShell
[0.328s] DEBUG:colcon.colcon_core.shell:Skip shell extension 'dsv' for command environment
[0.335s] DEBUG:colcon.colcon_core.event_handler.log_command:Invoking command in '/home/humble/ros2_control/build/bbot_description': CMAKE_PREFIX_PATH=${CMAKE_PREFIX_PATH}:/opt/ros/humble /usr/bin/cmake /home/humble/ros2_control/src/bbot_demo/src/bbot_description -DAMENT_CMAKE_SYMLINK_INSTALL=1 -DCMAKE_INSTALL_PREFIX=/home/humble/ros2_control/install/bbot_description
[0.338s] DEBUG:colcon.colcon_core.event_handler.log_command:Invoking command in '/home/humble/ros2_control/build/dxl_test': CMAKE_PREFIX_PATH=${CMAKE_PREFIX_PATH}:/opt/ros/humble /usr/bin/cmake /home/humble/ros2_control/src/dxl_test -DAMENT_CMAKE_SYMLINK_INSTALL=1 -DCMAKE_INSTALL_PREFIX=/home/humble/ros2_control/install/dxl_test
[0.340s] DEBUG:colcon.colcon_core.event_handler.log_command:Invoking command in '/home/humble/ros2_control/build/my_robot_hardware': CMAKE_PREFIX_PATH=${CMAKE_PREFIX_PATH}:/opt/ros/humble /usr/bin/cmake /home/humble/ros2_control/src/my_robot_hardware -DAMENT_CMAKE_SYMLINK_INSTALL=1 -DCMAKE_INSTALL_PREFIX=/home/humble/ros2_control/install/my_robot_hardware
[0.699s] DEBUG:colcon.colcon_core.event_handler.log_command:Invoked command in '/home/humble/ros2_control/build/dxl_test' returned '0': CMAKE_PREFIX_PATH=${CMAKE_PREFIX_PATH}:/opt/ros/humble /usr/bin/cmake /home/humble/ros2_control/src/dxl_test -DAMENT_CMAKE_SYMLINK_INSTALL=1 -DCMAKE_INSTALL_PREFIX=/home/humble/ros2_control/install/dxl_test
[0.701s] DEBUG:colcon.colcon_core.event_handler.log_command:Invoking command in '/home/humble/ros2_control/build/dxl_test': CMAKE_PREFIX_PATH=${CMAKE_PREFIX_PATH}:/opt/ros/humble /usr/bin/cmake --build /home/humble/ros2_control/build/dxl_test -- -j16 -l16
[0.774s] DEBUG:colcon.colcon_core.event_handler.log_command:Invoked command in '/home/humble/ros2_control/build/dxl_test' returned '0': CMAKE_PREFIX_PATH=${CMAKE_PREFIX_PATH}:/opt/ros/humble /usr/bin/cmake --build /home/humble/ros2_control/build/dxl_test -- -j16 -l16
[0.785s] DEBUG:colcon.colcon_core.event_handler.log_command:Invoking command in '/home/humble/ros2_control/build/dxl_test': CMAKE_PREFIX_PATH=${CMAKE_PREFIX_PATH}:/opt/ros/humble /usr/bin/cmake --install /home/humble/ros2_control/build/dxl_test
[0.806s] Level 1:colcon.colcon_core.environment:create_environment_scripts_only(dxl_test)
[0.807s] DEBUG:colcon.colcon_core.event_handler.log_command:Invoked command in '/home/humble/ros2_control/build/dxl_test' returned '0': CMAKE_PREFIX_PATH=${CMAKE_PREFIX_PATH}:/opt/ros/humble /usr/bin/cmake --install /home/humble/ros2_control/build/dxl_test
[0.809s] Level 1:colcon.colcon_core.environment:checking '/home/humble/ros2_control/install/dxl_test' for CMake module files
[0.810s] Level 1:colcon.colcon_core.environment:checking '/home/humble/ros2_control/install/dxl_test' for CMake config files
[0.810s] Level 1:colcon.colcon_core.shell:create_environment_hook('dxl_test', 'cmake_prefix_path')
[0.810s] INFO:colcon.colcon_core.shell:Creating environment hook '/home/humble/ros2_control/install/dxl_test/share/dxl_test/hook/cmake_prefix_path.ps1'
[0.811s] INFO:colcon.colcon_core.shell:Creating environment descriptor '/home/humble/ros2_control/install/dxl_test/share/dxl_test/hook/cmake_prefix_path.dsv'
[0.811s] INFO:colcon.colcon_core.shell:Creating environment hook '/home/humble/ros2_control/install/dxl_test/share/dxl_test/hook/cmake_prefix_path.sh'
[0.812s] Level 1:colcon.colcon_core.environment:checking '/home/humble/ros2_control/install/dxl_test/lib'
[0.812s] Level 1:colcon.colcon_core.environment:checking '/home/humble/ros2_control/install/dxl_test/bin'
[0.812s] Level 1:colcon.colcon_core.environment:checking '/home/humble/ros2_control/install/dxl_test/lib/pkgconfig/dxl_test.pc'
[0.813s] Level 1:colcon.colcon_core.environment:checking '/home/humble/ros2_control/install/dxl_test/lib/python3.10/site-packages'
[0.813s] Level 1:colcon.colcon_core.environment:checking '/home/humble/ros2_control/install/dxl_test/bin'
[0.813s] INFO:colcon.colcon_core.shell:Creating package script '/home/humble/ros2_control/install/dxl_test/share/dxl_test/package.ps1'
[0.813s] INFO:colcon.colcon_core.shell:Creating package descriptor '/home/humble/ros2_control/install/dxl_test/share/dxl_test/package.dsv'
[0.814s] INFO:colcon.colcon_core.shell:Creating package script '/home/humble/ros2_control/install/dxl_test/share/dxl_test/package.sh'
[0.814s] INFO:colcon.colcon_core.shell:Creating package script '/home/humble/ros2_control/install/dxl_test/share/dxl_test/package.bash'
[0.815s] INFO:colcon.colcon_core.shell:Creating package script '/home/humble/ros2_control/install/dxl_test/share/dxl_test/package.zsh'
[0.815s] Level 1:colcon.colcon_core.environment:create_file_with_runtime_dependencies(/home/humble/ros2_control/install/dxl_test/share/colcon-core/packages/dxl_test)
[0.816s] Level 1:colcon.colcon_core.environment:create_environment_scripts_only(dxl_test)
[0.816s] Level 1:colcon.colcon_core.environment:checking '/home/humble/ros2_control/install/dxl_test' for CMake module files
[0.817s] Level 1:colcon.colcon_core.environment:checking '/home/humble/ros2_control/install/dxl_test' for CMake config files
[0.817s] Level 1:colcon.colcon_core.shell:create_environment_hook('dxl_test', 'cmake_prefix_path')
[0.817s] INFO:colcon.colcon_core.shell:Creating environment hook '/home/humble/ros2_control/install/dxl_test/share/dxl_test/hook/cmake_prefix_path.ps1'
[0.817s] INFO:colcon.colcon_core.shell:Creating environment descriptor '/home/humble/ros2_control/install/dxl_test/share/dxl_test/hook/cmake_prefix_path.dsv'
[0.818s] INFO:colcon.colcon_core.shell:Creating environment hook '/home/humble/ros2_control/install/dxl_test/share/dxl_test/hook/cmake_prefix_path.sh'
[0.818s] Level 1:colcon.colcon_core.environment:checking '/home/humble/ros2_control/install/dxl_test/lib'
[0.818s] Level 1:colcon.colcon_core.environment:checking '/home/humble/ros2_control/install/dxl_test/bin'
[0.818s] Level 1:colcon.colcon_core.environment:checking '/home/humble/ros2_control/install/dxl_test/lib/pkgconfig/dxl_test.pc'
[0.819s] Level 1:colcon.colcon_core.environment:checking '/home/humble/ros2_control/install/dxl_test/lib/python3.10/site-packages'
[0.819s] Level 1:colcon.colcon_core.environment:checking '/home/humble/ros2_control/install/dxl_test/bin'
[0.819s] INFO:colcon.colcon_core.shell:Creating package script '/home/humble/ros2_control/install/dxl_test/share/dxl_test/package.ps1'
[0.819s] INFO:colcon.colcon_core.shell:Creating package descriptor '/home/humble/ros2_control/install/dxl_test/share/dxl_test/package.dsv'
[0.820s] INFO:colcon.colcon_core.shell:Creating package script '/home/humble/ros2_control/install/dxl_test/share/dxl_test/package.sh'
[0.820s] INFO:colcon.colcon_core.shell:Creating package script '/home/humble/ros2_control/install/dxl_test/share/dxl_test/package.bash'
[0.821s] INFO:colcon.colcon_core.shell:Creating package script '/home/humble/ros2_control/install/dxl_test/share/dxl_test/package.zsh'
[0.821s] Level 1:colcon.colcon_core.environment:create_file_with_runtime_dependencies(/home/humble/ros2_control/install/dxl_test/share/colcon-core/packages/dxl_test)
[0.822s] DEBUG:colcon.colcon_core.event_handler.log_command:Invoked command in '/home/humble/ros2_control/build/bbot_description' returned '0': CMAKE_PREFIX_PATH=${CMAKE_PREFIX_PATH}:/opt/ros/humble /usr/bin/cmake /home/humble/ros2_control/src/bbot_demo/src/bbot_description -DAMENT_CMAKE_SYMLINK_INSTALL=1 -DCMAKE_INSTALL_PREFIX=/home/humble/ros2_control/install/bbot_description
[0.824s] DEBUG:colcon.colcon_core.event_handler.log_command:Invoking command in '/home/humble/ros2_control/build/bbot_description': CMAKE_PREFIX_PATH=${CMAKE_PREFIX_PATH}:/opt/ros/humble /usr/bin/cmake --build /home/humble/ros2_control/build/bbot_description -- -j16 -l16
[0.851s] DEBUG:colcon.colcon_core.event_handler.log_command:Invoked command in '/home/humble/ros2_control/build/my_robot_hardware' returned '0': CMAKE_PREFIX_PATH=${CMAKE_PREFIX_PATH}:/opt/ros/humble /usr/bin/cmake /home/humble/ros2_control/src/my_robot_hardware -DAMENT_CMAKE_SYMLINK_INSTALL=1 -DCMAKE_INSTALL_PREFIX=/home/humble/ros2_control/install/my_robot_hardware
[0.852s] DEBUG:colcon.colcon_core.event_handler.log_command:Invoking command in '/home/humble/ros2_control/build/my_robot_hardware': CMAKE_PREFIX_PATH=${CMAKE_PREFIX_PATH}:/opt/ros/humble /usr/bin/cmake --build /home/humble/ros2_control/build/my_robot_hardware -- -j16 -l16
[0.865s] DEBUG:colcon.colcon_core.event_handler.log_command:Invoked command in '/home/humble/ros2_control/build/bbot_description' returned '0': CMAKE_PREFIX_PATH=${CMAKE_PREFIX_PATH}:/opt/ros/humble /usr/bin/cmake --build /home/humble/ros2_control/build/bbot_description -- -j16 -l16
[0.866s] DEBUG:colcon.colcon_core.event_handler.log_command:Invoking command in '/home/humble/ros2_control/build/bbot_description': CMAKE_PREFIX_PATH=${CMAKE_PREFIX_PATH}:/opt/ros/humble /usr/bin/cmake --install /home/humble/ros2_control/build/bbot_description
[0.888s] Level 1:colcon.colcon_core.environment:create_environment_scripts_only(bbot_description)
[0.889s] Level 1:colcon.colcon_core.environment:checking '/home/humble/ros2_control/install/bbot_description' for CMake module files
[0.889s] DEBUG:colcon.colcon_core.event_handler.log_command:Invoked command in '/home/humble/ros2_control/build/bbot_description' returned '0': CMAKE_PREFIX_PATH=${CMAKE_PREFIX_PATH}:/opt/ros/humble /usr/bin/cmake --install /home/humble/ros2_control/build/bbot_description
[0.889s] Level 1:colcon.colcon_core.environment:checking '/home/humble/ros2_control/install/bbot_description' for CMake config files
[0.889s] Level 1:colcon.colcon_core.shell:create_environment_hook('bbot_description', 'cmake_prefix_path')
[0.890s] INFO:colcon.colcon_core.shell:Creating environment hook '/home/humble/ros2_control/install/bbot_description/share/bbot_description/hook/cmake_prefix_path.ps1'
[0.890s] INFO:colcon.colcon_core.shell:Creating environment descriptor '/home/humble/ros2_control/install/bbot_description/share/bbot_description/hook/cmake_prefix_path.dsv'
[0.890s] INFO:colcon.colcon_core.shell:Creating environment hook '/home/humble/ros2_control/install/bbot_description/share/bbot_description/hook/cmake_prefix_path.sh'
[0.891s] Level 1:colcon.colcon_core.environment:checking '/home/humble/ros2_control/install/bbot_description/bin'
[0.891s] Level 1:colcon.colcon_core.environment:checking '/home/humble/ros2_control/install/bbot_description/lib/pkgconfig/bbot_description.pc'
[0.891s] Level 1:colcon.colcon_core.environment:checking '/home/humble/ros2_control/install/bbot_description/lib/python3.10/site-packages'
[0.891s] Level 1:colcon.colcon_core.environment:checking '/home/humble/ros2_control/install/bbot_description/bin'
[0.891s] INFO:colcon.colcon_core.shell:Creating package script '/home/humble/ros2_control/install/bbot_description/share/bbot_description/package.ps1'
[0.892s] INFO:colcon.colcon_core.shell:Creating package descriptor '/home/humble/ros2_control/install/bbot_description/share/bbot_description/package.dsv'
[0.892s] INFO:colcon.colcon_core.shell:Creating package script '/home/humble/ros2_control/install/bbot_description/share/bbot_description/package.sh'
[0.892s] INFO:colcon.colcon_core.shell:Creating package script '/home/humble/ros2_control/install/bbot_description/share/bbot_description/package.bash'
[0.893s] INFO:colcon.colcon_core.shell:Creating package script '/home/humble/ros2_control/install/bbot_description/share/bbot_description/package.zsh'
[0.893s] Level 1:colcon.colcon_core.environment:create_file_with_runtime_dependencies(/home/humble/ros2_control/install/bbot_description/share/colcon-core/packages/bbot_description)
[0.893s] Level 1:colcon.colcon_core.environment:create_environment_scripts_only(bbot_description)
[0.893s] Level 1:colcon.colcon_core.environment:checking '/home/humble/ros2_control/install/bbot_description' for CMake module files
[0.894s] Level 1:colcon.colcon_core.environment:checking '/home/humble/ros2_control/install/bbot_description' for CMake config files
[0.894s] Level 1:colcon.colcon_core.shell:create_environment_hook('bbot_description', 'cmake_prefix_path')
[0.894s] INFO:colcon.colcon_core.shell:Creating environment hook '/home/humble/ros2_control/install/bbot_description/share/bbot_description/hook/cmake_prefix_path.ps1'
[0.895s] INFO:colcon.colcon_core.shell:Creating environment descriptor '/home/humble/ros2_control/install/bbot_description/share/bbot_description/hook/cmake_prefix_path.dsv'
[0.895s] INFO:colcon.colcon_core.shell:Creating environment hook '/home/humble/ros2_control/install/bbot_description/share/bbot_description/hook/cmake_prefix_path.sh'
[0.896s] Level 1:colcon.colcon_core.environment:checking '/home/humble/ros2_control/install/bbot_description/bin'
[0.896s] Level 1:colcon.colcon_core.environment:checking '/home/humble/ros2_control/install/bbot_description/lib/pkgconfig/bbot_description.pc'
[0.896s] Level 1:colcon.colcon_core.environment:checking '/home/humble/ros2_control/install/bbot_description/lib/python3.10/site-packages'
[0.896s] Level 1:colcon.colcon_core.environment:checking '/home/humble/ros2_control/install/bbot_description/bin'
[0.896s] INFO:colcon.colcon_core.shell:Creating package script '/home/humble/ros2_control/install/bbot_description/share/bbot_description/package.ps1'
[0.897s] INFO:colcon.colcon_core.shell:Creating package descriptor '/home/humble/ros2_control/install/bbot_description/share/bbot_description/package.dsv'
[0.897s] INFO:colcon.colcon_core.shell:Creating package script '/home/humble/ros2_control/install/bbot_description/share/bbot_description/package.sh'
[0.898s] INFO:colcon.colcon_core.shell:Creating package script '/home/humble/ros2_control/install/bbot_description/share/bbot_description/package.bash'
[0.898s] INFO:colcon.colcon_core.shell:Creating package script '/home/humble/ros2_control/install/bbot_description/share/bbot_description/package.zsh'
[0.899s] Level 1:colcon.colcon_core.environment:create_file_with_runtime_dependencies(/home/humble/ros2_control/install/bbot_description/share/colcon-core/packages/bbot_description)
[0.899s] INFO:colcon.colcon_ros.task.ament_cmake.build:Building ROS package in '/home/humble/ros2_control/src/my_robot_bringup' with build type 'ament_cmake'
[0.899s] INFO:colcon.colcon_cmake.task.cmake.build:Building CMake package in '/home/humble/ros2_control/src/my_robot_bringup'
[0.899s] INFO:colcon.colcon_core.shell:Skip shell extension 'powershell' for command environment: Not usable outside of PowerShell
[0.899s] DEBUG:colcon.colcon_core.shell:Skip shell extension 'dsv' for command environment
[0.908s] DEBUG:colcon.colcon_core.event_handler.log_command:Invoking command in '/home/humble/ros2_control/build/my_robot_bringup': CMAKE_PREFIX_PATH=/home/humble/ros2_control/install/bbot_description:/home/humble/ros2_control/install/my_robot_hardware:/home/humble/ros2_control/install/my_robot_bringup:/home/humble/ros2_control/install/dxl_test:/opt/ros/humble /usr/bin/cmake /home/humble/ros2_control/src/my_robot_bringup -DAMENT_CMAKE_SYMLINK_INSTALL=1 -DCMAKE_INSTALL_PREFIX=/home/humble/ros2_control/install/my_robot_bringup
[1.078s] DEBUG:colcon.colcon_core.event_handler.log_command:Invoked command in '/home/humble/ros2_control/build/my_robot_bringup' returned '0': CMAKE_PREFIX_PATH=/home/humble/ros2_control/install/bbot_description:/home/humble/ros2_control/install/my_robot_hardware:/home/humble/ros2_control/install/my_robot_bringup:/home/humble/ros2_control/install/dxl_test:/opt/ros/humble /usr/bin/cmake /home/humble/ros2_control/src/my_robot_bringup -DAMENT_CMAKE_SYMLINK_INSTALL=1 -DCMAKE_INSTALL_PREFIX=/home/humble/ros2_control/install/my_robot_bringup
[1.079s] DEBUG:colcon.colcon_core.event_handler.log_command:Invoking command in '/home/humble/ros2_control/build/my_robot_bringup': CMAKE_PREFIX_PATH=/home/humble/ros2_control/install/bbot_description:/home/humble/ros2_control/install/my_robot_hardware:/home/humble/ros2_control/install/my_robot_bringup:/home/humble/ros2_control/install/dxl_test:/opt/ros/humble /usr/bin/cmake --build /home/humble/ros2_control/build/my_robot_bringup -- -j16 -l16
[1.094s] DEBUG:colcon.colcon_core.event_handler.log_command:Invoked command in '/home/humble/ros2_control/build/my_robot_hardware' returned '0': CMAKE_PREFIX_PATH=${CMAKE_PREFIX_PATH}:/opt/ros/humble /usr/bin/cmake --build /home/humble/ros2_control/build/my_robot_hardware -- -j16 -l16
[1.095s] DEBUG:colcon.colcon_core.event_handler.log_command:Invoking command in '/home/humble/ros2_control/build/my_robot_hardware': CMAKE_PREFIX_PATH=${CMAKE_PREFIX_PATH}:/opt/ros/humble /usr/bin/cmake --install /home/humble/ros2_control/build/my_robot_hardware
[1.113s] DEBUG:colcon.colcon_core.event_handler.log_command:Invoked command in '/home/humble/ros2_control/build/my_robot_bringup' returned '0': CMAKE_PREFIX_PATH=/home/humble/ros2_control/install/bbot_description:/home/humble/ros2_control/install/my_robot_hardware:/home/humble/ros2_control/install/my_robot_bringup:/home/humble/ros2_control/install/dxl_test:/opt/ros/humble /usr/bin/cmake --build /home/humble/ros2_control/build/my_robot_bringup -- -j16 -l16
[1.115s] DEBUG:colcon.colcon_core.event_handler.log_command:Invoking command in '/home/humble/ros2_control/build/my_robot_bringup': CMAKE_PREFIX_PATH=/home/humble/ros2_control/install/bbot_description:/home/humble/ros2_control/install/my_robot_hardware:/home/humble/ros2_control/install/my_robot_bringup:/home/humble/ros2_control/install/dxl_test:/opt/ros/humble /usr/bin/cmake --install /home/humble/ros2_control/build/my_robot_bringup
[1.134s] Level 1:colcon.colcon_core.environment:create_environment_scripts_only(my_robot_bringup)
[1.135s] DEBUG:colcon.colcon_core.event_handler.log_command:Invoked command in '/home/humble/ros2_control/build/my_robot_bringup' returned '0': CMAKE_PREFIX_PATH=/home/humble/ros2_control/install/bbot_description:/home/humble/ros2_control/install/my_robot_hardware:/home/humble/ros2_control/install/my_robot_bringup:/home/humble/ros2_control/install/dxl_test:/opt/ros/humble /usr/bin/cmake --install /home/humble/ros2_control/build/my_robot_bringup
[1.135s] Level 1:colcon.colcon_core.environment:checking '/home/humble/ros2_control/install/my_robot_bringup' for CMake module files
[1.135s] Level 1:colcon.colcon_core.environment:checking '/home/humble/ros2_control/install/my_robot_bringup' for CMake config files
[1.136s] Level 1:colcon.colcon_core.shell:create_environment_hook('my_robot_bringup', 'cmake_prefix_path')
[1.136s] INFO:colcon.colcon_core.shell:Creating environment hook '/home/humble/ros2_control/install/my_robot_bringup/share/my_robot_bringup/hook/cmake_prefix_path.ps1'
[1.137s] INFO:colcon.colcon_core.shell:Creating environment descriptor '/home/humble/ros2_control/install/my_robot_bringup/share/my_robot_bringup/hook/cmake_prefix_path.dsv'
[1.137s] INFO:colcon.colcon_core.shell:Creating environment hook '/home/humble/ros2_control/install/my_robot_bringup/share/my_robot_bringup/hook/cmake_prefix_path.sh'
[1.137s] Level 1:colcon.colcon_core.environment:checking '/home/humble/ros2_control/install/my_robot_bringup/bin'
[1.138s] Level 1:colcon.colcon_core.environment:checking '/home/humble/ros2_control/install/my_robot_bringup/lib/pkgconfig/my_robot_bringup.pc'
[1.138s] Level 1:colcon.colcon_core.environment:checking '/home/humble/ros2_control/install/my_robot_bringup/lib/python3.10/site-packages'
[1.138s] Level 1:colcon.colcon_core.environment:checking '/home/humble/ros2_control/install/my_robot_bringup/bin'
[1.138s] INFO:colcon.colcon_core.shell:Creating package script '/home/humble/ros2_control/install/my_robot_bringup/share/my_robot_bringup/package.ps1'
[1.138s] INFO:colcon.colcon_core.shell:Creating package descriptor '/home/humble/ros2_control/install/my_robot_bringup/share/my_robot_bringup/package.dsv'
[1.139s] INFO:colcon.colcon_core.shell:Creating package script '/home/humble/ros2_control/install/my_robot_bringup/share/my_robot_bringup/package.sh'
[1.139s] INFO:colcon.colcon_core.shell:Creating package script '/home/humble/ros2_control/install/my_robot_bringup/share/my_robot_bringup/package.bash'
[1.139s] INFO:colcon.colcon_core.shell:Creating package script '/home/humble/ros2_control/install/my_robot_bringup/share/my_robot_bringup/package.zsh'
[1.140s] Level 1:colcon.colcon_core.environment:create_file_with_runtime_dependencies(/home/humble/ros2_control/install/my_robot_bringup/share/colcon-core/packages/my_robot_bringup)
[1.140s] Level 1:colcon.colcon_core.environment:create_environment_scripts_only(my_robot_bringup)
[1.140s] Level 1:colcon.colcon_core.environment:checking '/home/humble/ros2_control/install/my_robot_bringup' for CMake module files
[1.141s] Level 1:colcon.colcon_core.environment:checking '/home/humble/ros2_control/install/my_robot_bringup' for CMake config files
[1.141s] Level 1:colcon.colcon_core.shell:create_environment_hook('my_robot_bringup', 'cmake_prefix_path')
[1.141s] INFO:colcon.colcon_core.shell:Creating environment hook '/home/humble/ros2_control/install/my_robot_bringup/share/my_robot_bringup/hook/cmake_prefix_path.ps1'
[1.141s] INFO:colcon.colcon_core.shell:Creating environment descriptor '/home/humble/ros2_control/install/my_robot_bringup/share/my_robot_bringup/hook/cmake_prefix_path.dsv'
[1.142s] INFO:colcon.colcon_core.shell:Creating environment hook '/home/humble/ros2_control/install/my_robot_bringup/share/my_robot_bringup/hook/cmake_prefix_path.sh'
[1.142s] Level 1:colcon.colcon_core.environment:checking '/home/humble/ros2_control/install/my_robot_bringup/bin'
[1.142s] Level 1:colcon.colcon_core.environment:checking '/home/humble/ros2_control/install/my_robot_bringup/lib/pkgconfig/my_robot_bringup.pc'
[1.142s] Level 1:colcon.colcon_core.environment:checking '/home/humble/ros2_control/install/my_robot_bringup/lib/python3.10/site-packages'
[1.142s] Level 1:colcon.colcon_core.environment:checking '/home/humble/ros2_control/install/my_robot_bringup/bin'
[1.142s] INFO:colcon.colcon_core.shell:Creating package script '/home/humble/ros2_control/install/my_robot_bringup/share/my_robot_bringup/package.ps1'
[1.143s] INFO:colcon.colcon_core.shell:Creating package descriptor '/home/humble/ros2_control/install/my_robot_bringup/share/my_robot_bringup/package.dsv'
[1.143s] INFO:colcon.colcon_core.shell:Creating package script '/home/humble/ros2_control/install/my_robot_bringup/share/my_robot_bringup/package.sh'
[1.144s] INFO:colcon.colcon_core.shell:Creating package script '/home/humble/ros2_control/install/my_robot_bringup/share/my_robot_bringup/package.bash'
[1.144s] INFO:colcon.colcon_core.shell:Creating package script '/home/humble/ros2_control/install/my_robot_bringup/share/my_robot_bringup/package.zsh'
[1.144s] Level 1:colcon.colcon_core.environment:create_file_with_runtime_dependencies(/home/humble/ros2_control/install/my_robot_bringup/share/colcon-core/packages/my_robot_bringup)
[1.315s] Level 1:colcon.colcon_core.environment:create_environment_scripts_only(my_robot_hardware)
[1.316s] DEBUG:colcon.colcon_core.event_handler.log_command:Invoked command in '/home/humble/ros2_control/build/my_robot_hardware' returned '0': CMAKE_PREFIX_PATH=${CMAKE_PREFIX_PATH}:/opt/ros/humble /usr/bin/cmake --install /home/humble/ros2_control/build/my_robot_hardware
[1.316s] Level 1:colcon.colcon_core.environment:checking '/home/humble/ros2_control/install/my_robot_hardware' for CMake module files
[1.317s] Level 1:colcon.colcon_core.environment:checking '/home/humble/ros2_control/install/my_robot_hardware' for CMake config files
[1.317s] Level 1:colcon.colcon_core.shell:create_environment_hook('my_robot_hardware', 'cmake_prefix_path')
[1.317s] INFO:colcon.colcon_core.shell:Creating environment hook '/home/humble/ros2_control/install/my_robot_hardware/share/my_robot_hardware/hook/cmake_prefix_path.ps1'
[1.318s] INFO:colcon.colcon_core.shell:Creating environment descriptor '/home/humble/ros2_control/install/my_robot_hardware/share/my_robot_hardware/hook/cmake_prefix_path.dsv'
[1.318s] INFO:colcon.colcon_core.shell:Creating environment hook '/home/humble/ros2_control/install/my_robot_hardware/share/my_robot_hardware/hook/cmake_prefix_path.sh'
[1.318s] Level 1:colcon.colcon_core.environment:checking '/home/humble/ros2_control/install/my_robot_hardware/lib'
[1.318s] Level 1:colcon.colcon_core.shell:create_environment_hook('my_robot_hardware', 'ld_library_path_lib')
[1.318s] INFO:colcon.colcon_core.shell:Creating environment hook '/home/humble/ros2_control/install/my_robot_hardware/share/my_robot_hardware/hook/ld_library_path_lib.ps1'
[1.319s] INFO:colcon.colcon_core.shell:Creating environment descriptor '/home/humble/ros2_control/install/my_robot_hardware/share/my_robot_hardware/hook/ld_library_path_lib.dsv'
[1.319s] INFO:colcon.colcon_core.shell:Creating environment hook '/home/humble/ros2_control/install/my_robot_hardware/share/my_robot_hardware/hook/ld_library_path_lib.sh'
[1.319s] Level 1:colcon.colcon_core.environment:checking '/home/humble/ros2_control/install/my_robot_hardware/bin'
[1.319s] Level 1:colcon.colcon_core.environment:checking '/home/humble/ros2_control/install/my_robot_hardware/lib/pkgconfig/my_robot_hardware.pc'
[1.320s] Level 1:colcon.colcon_core.environment:checking '/home/humble/ros2_control/install/my_robot_hardware/lib/python3.10/site-packages'
[1.320s] Level 1:colcon.colcon_core.environment:checking '/home/humble/ros2_control/install/my_robot_hardware/bin'
[1.320s] INFO:colcon.colcon_core.shell:Creating package script '/home/humble/ros2_control/install/my_robot_hardware/share/my_robot_hardware/package.ps1'
[1.320s] INFO:colcon.colcon_core.shell:Creating package descriptor '/home/humble/ros2_control/install/my_robot_hardware/share/my_robot_hardware/package.dsv'
[1.321s] INFO:colcon.colcon_core.shell:Creating package script '/home/humble/ros2_control/install/my_robot_hardware/share/my_robot_hardware/package.sh'
[1.321s] INFO:colcon.colcon_core.shell:Creating package script '/home/humble/ros2_control/install/my_robot_hardware/share/my_robot_hardware/package.bash'
[1.321s] INFO:colcon.colcon_core.shell:Creating package script '/home/humble/ros2_control/install/my_robot_hardware/share/my_robot_hardware/package.zsh'
[1.322s] Level 1:colcon.colcon_core.environment:create_file_with_runtime_dependencies(/home/humble/ros2_control/install/my_robot_hardware/share/colcon-core/packages/my_robot_hardware)
[1.322s] Level 1:colcon.colcon_core.environment:create_environment_scripts_only(my_robot_hardware)
[1.322s] Level 1:colcon.colcon_core.environment:checking '/home/humble/ros2_control/install/my_robot_hardware' for CMake module files
[1.322s] Level 1:colcon.colcon_core.environment:checking '/home/humble/ros2_control/install/my_robot_hardware' for CMake config files
[1.323s] Level 1:colcon.colcon_core.shell:create_environment_hook('my_robot_hardware', 'cmake_prefix_path')
[1.323s] INFO:colcon.colcon_core.shell:Creating environment hook '/home/humble/ros2_control/install/my_robot_hardware/share/my_robot_hardware/hook/cmake_prefix_path.ps1'
[1.325s] INFO:colcon.colcon_core.shell:Creating environment descriptor '/home/humble/ros2_control/install/my_robot_hardware/share/my_robot_hardware/hook/cmake_prefix_path.dsv'
[1.326s] INFO:colcon.colcon_core.shell:Creating environment hook '/home/humble/ros2_control/install/my_robot_hardware/share/my_robot_hardware/hook/cmake_prefix_path.sh'
[1.326s] Level 1:colcon.colcon_core.environment:checking '/home/humble/ros2_control/install/my_robot_hardware/lib'
[1.326s] Level 1:colcon.colcon_core.shell:create_environment_hook('my_robot_hardware', 'ld_library_path_lib')
[1.327s] INFO:colcon.colcon_core.shell:Creating environment hook '/home/humble/ros2_control/install/my_robot_hardware/share/my_robot_hardware/hook/ld_library_path_lib.ps1'
[1.327s] INFO:colcon.colcon_core.shell:Creating environment descriptor '/home/humble/ros2_control/install/my_robot_hardware/share/my_robot_hardware/hook/ld_library_path_lib.dsv'
[1.327s] INFO:colcon.colcon_core.shell:Creating environment hook '/home/humble/ros2_control/install/my_robot_hardware/share/my_robot_hardware/hook/ld_library_path_lib.sh'
[1.328s] Level 1:colcon.colcon_core.environment:checking '/home/humble/ros2_control/install/my_robot_hardware/bin'
[1.328s] Level 1:colcon.colcon_core.environment:checking '/home/humble/ros2_control/install/my_robot_hardware/lib/pkgconfig/my_robot_hardware.pc'
[1.328s] Level 1:colcon.colcon_core.environment:checking '/home/humble/ros2_control/install/my_robot_hardware/lib/python3.10/site-packages'
[1.328s] Level 1:colcon.colcon_core.environment:checking '/home/humble/ros2_control/install/my_robot_hardware/bin'
[1.328s] INFO:colcon.colcon_core.shell:Creating package script '/home/humble/ros2_control/install/my_robot_hardware/share/my_robot_hardware/package.ps1'
[1.329s] INFO:colcon.colcon_core.shell:Creating package descriptor '/home/humble/ros2_control/install/my_robot_hardware/share/my_robot_hardware/package.dsv'
[1.329s] INFO:colcon.colcon_core.shell:Creating package script '/home/humble/ros2_control/install/my_robot_hardware/share/my_robot_hardware/package.sh'
[1.329s] INFO:colcon.colcon_core.shell:Creating package script '/home/humble/ros2_control/install/my_robot_hardware/share/my_robot_hardware/package.bash'
[1.330s] INFO:colcon.colcon_core.shell:Creating package script '/home/humble/ros2_control/install/my_robot_hardware/share/my_robot_hardware/package.zsh'
[1.330s] Level 1:colcon.colcon_core.environment:create_file_with_runtime_dependencies(/home/humble/ros2_control/install/my_robot_hardware/share/colcon-core/packages/my_robot_hardware)
[1.330s] DEBUG:colcon.colcon_parallel_executor.executor.parallel:closing loop
[1.330s] DEBUG:colcon.colcon_parallel_executor.executor.parallel:loop closed
[1.330s] DEBUG:colcon.colcon_parallel_executor.executor.parallel:run_until_complete finished with '0'
[1.330s] DEBUG:colcon.colcon_core.event_reactor:joining thread
[1.334s] INFO:colcon.colcon_core.plugin_system:Skipping extension 'colcon_notification.desktop_notification.terminal_notifier': Not used on non-Darwin systems
[1.334s] INFO:colcon.colcon_core.plugin_system:Skipping extension 'colcon_notification.desktop_notification.win32': Not used on non-Windows systems
[1.334s] INFO:colcon.colcon_notification.desktop_notification:Sending desktop notification using 'notify2'
[1.344s] DEBUG:colcon.colcon_core.event_reactor:joined thread
[1.344s] INFO:colcon.colcon_core.shell:Creating prefix script '/home/humble/ros2_control/install/local_setup.ps1'
[1.345s] INFO:colcon.colcon_core.shell:Creating prefix util module '/home/humble/ros2_control/install/_local_setup_util_ps1.py'
[1.346s] INFO:colcon.colcon_core.shell:Creating prefix chain script '/home/humble/ros2_control/install/setup.ps1'
[1.347s] INFO:colcon.colcon_core.shell:Creating prefix script '/home/humble/ros2_control/install/local_setup.sh'
[1.347s] INFO:colcon.colcon_core.shell:Creating prefix util module '/home/humble/ros2_control/install/_local_setup_util_sh.py'
[1.347s] INFO:colcon.colcon_core.shell:Creating prefix chain script '/home/humble/ros2_control/install/setup.sh'
[1.348s] INFO:colcon.colcon_core.shell:Creating prefix script '/home/humble/ros2_control/install/local_setup.bash'
[1.349s] INFO:colcon.colcon_core.shell:Creating prefix chain script '/home/humble/ros2_control/install/setup.bash'
[1.350s] INFO:colcon.colcon_core.shell:Creating prefix script '/home/humble/ros2_control/install/local_setup.zsh'
[1.350s] INFO:colcon.colcon_core.shell:Creating prefix chain script '/home/humble/ros2_control/install/setup.zsh'
