[0.012s] Invoking command in '/home/humble/ros2_control/build/my_robot_hardware': CMAKE_PREFIX_PATH=${CMAKE_PREFIX_PATH}:/opt/ros/humble /usr/bin/cmake /home/humble/ros2_control/src/my_robot_hardware -DCMAKE_INSTALL_PREFIX=/home/humble/ros2_control/install/my_robot_hardware
[0.025s] -- Found ament_cmake: 1.3.11 (/opt/ros/humble/share/ament_cmake/cmake)
[0.128s] -- Override CMake install command with custom implementation using symlinks instead of copying resources
[0.144s] -- Found rclcpp: 16.0.11 (/opt/ros/humble/share/rclcpp/cmake)
[0.177s] -- Found rosidl_generator_c: 3.1.6 (/opt/ros/humble/share/rosidl_generator_c/cmake)
[0.180s] -- Found rosidl_adapter: 3.1.6 (/opt/ros/humble/share/rosidl_adapter/cmake)
[0.187s] -- Found rosidl_generator_cpp: 3.1.6 (/opt/ros/humble/share/rosidl_generator_cpp/cmake)
[0.198s] -- Using all available rosidl_typesupport_c: rosidl_typesupport_fastrtps_c;rosidl_typesupport_introspection_c
[0.213s] -- Using all available rosidl_typesupport_cpp: rosidl_typesupport_fastrtps_cpp;rosidl_typesupport_introspection_cpp
[0.247s] -- Found rmw_implementation_cmake: 6.1.2 (/opt/ros/humble/share/rmw_implementation_cmake/cmake)
[0.249s] -- Found rmw_cyclonedds_cpp: 1.3.4 (/opt/ros/humble/share/rmw_cyclonedds_cpp/cmake)
[0.271s] -- Using RMW implementation 'rmw_cyclonedds_cpp' as default
[0.318s] -- Found rclcpp_lifecycle: 16.0.11 (/opt/ros/humble/share/rclcpp_lifecycle/cmake)
[0.334s] -- Found hardware_interface: 2.48.0 (/opt/ros/humble/share/hardware_interface/cmake)
[0.431s] -- Found dynamixel_sdk: 3.7.60 (/opt/ros/humble/share/dynamixel_sdk/cmake)
[0.493s] -- Configuring done
[0.535s] -- Generating done
[0.539s] -- Build files have been written to: /home/humble/ros2_control/build/my_robot_hardware
[0.545s] Invoked command in '/home/humble/ros2_control/build/my_robot_hardware' returned '0': CMAKE_PREFIX_PATH=${CMAKE_PREFIX_PATH}:/opt/ros/humble /usr/bin/cmake /home/humble/ros2_control/src/my_robot_hardware -DCMAKE_INSTALL_PREFIX=/home/humble/ros2_control/install/my_robot_hardware
[0.547s] Invoking command in '/home/humble/ros2_control/build/my_robot_hardware': CMAKE_PREFIX_PATH=${CMAKE_PREFIX_PATH}:/opt/ros/humble /usr/bin/cmake --build /home/humble/ros2_control/build/my_robot_hardware -- -j16 -l16
[0.587s] [35m[1mConsolidate compiler generated dependencies of target my_robot_hardware[0m
[0.605s] [100%] Built target my_robot_hardware
[0.616s] Invoked command in '/home/humble/ros2_control/build/my_robot_hardware' returned '0': CMAKE_PREFIX_PATH=${CMAKE_PREFIX_PATH}:/opt/ros/humble /usr/bin/cmake --build /home/humble/ros2_control/build/my_robot_hardware -- -j16 -l16
[0.617s] Invoking command in '/home/humble/ros2_control/build/my_robot_hardware': CMAKE_PREFIX_PATH=${CMAKE_PREFIX_PATH}:/opt/ros/humble /usr/bin/cmake --install /home/humble/ros2_control/build/my_robot_hardware
[0.625s] -- Install configuration: ""
[0.625s] -- Execute custom install script
[0.625s] -- Up-to-date symlink: /home/humble/ros2_control/install/my_robot_hardware/share/my_robot_hardware//my_robot_hardware_interface.xml
[0.626s] -- Up-to-date symlink: /home/humble/ros2_control/install/my_robot_hardware/lib/libmy_robot_hardware.so
[0.626s] -- Up-to-date symlink: /home/humble/ros2_control/install/my_robot_hardware/include/include/my_robot_hardware/mobile_base_hardware_interface.hpp
[0.626s] -- Up-to-date symlink: /home/humble/ros2_control/install/my_robot_hardware/include/include/my_robot_hardware/xl330_driver.hpp
[0.626s] -- Up-to-date symlink: /home/humble/ros2_control/install/my_robot_hardware/share/my_robot_hardware/environment/library_path.sh
[0.626s] -- Up-to-date symlink: /home/humble/ros2_control/install/my_robot_hardware/share/my_robot_hardware/environment/library_path.dsv
[0.627s] -- Up-to-date symlink: /home/humble/ros2_control/install/my_robot_hardware/share/ament_index/resource_index/package_run_dependencies/my_robot_hardware
[0.627s] -- Up-to-date symlink: /home/humble/ros2_control/install/my_robot_hardware/share/ament_index/resource_index/parent_prefix_path/my_robot_hardware
[0.627s] -- Up-to-date symlink: /home/humble/ros2_control/install/my_robot_hardware/share/my_robot_hardware/environment/ament_prefix_path.sh
[0.627s] -- Up-to-date symlink: /home/humble/ros2_control/install/my_robot_hardware/share/my_robot_hardware/environment/ament_prefix_path.dsv
[0.627s] -- Up-to-date symlink: /home/humble/ros2_control/install/my_robot_hardware/share/my_robot_hardware/environment/path.sh
[0.628s] -- Up-to-date symlink: /home/humble/ros2_control/install/my_robot_hardware/share/my_robot_hardware/environment/path.dsv
[0.628s] -- Up-to-date symlink: /home/humble/ros2_control/install/my_robot_hardware/share/my_robot_hardware/local_setup.bash
[0.628s] -- Up-to-date symlink: /home/humble/ros2_control/install/my_robot_hardware/share/my_robot_hardware/local_setup.sh
[0.628s] -- Up-to-date symlink: /home/humble/ros2_control/install/my_robot_hardware/share/my_robot_hardware/local_setup.zsh
[0.628s] -- Up-to-date symlink: /home/humble/ros2_control/install/my_robot_hardware/share/my_robot_hardware/local_setup.dsv
[0.628s] -- Symlinking: /home/humble/ros2_control/install/my_robot_hardware/share/my_robot_hardware/package.dsv
[0.638s] -- Up-to-date symlink: /home/humble/ros2_control/install/my_robot_hardware/share/ament_index/resource_index/packages/my_robot_hardware
[0.638s] -- Up-to-date symlink: /home/humble/ros2_control/install/my_robot_hardware/share/ament_index/resource_index/hardware_interface__pluginlib__plugin/my_robot_hardware
[0.639s] -- Up-to-date symlink: /home/humble/ros2_control/install/my_robot_hardware/share/my_robot_hardware/cmake/ament_cmake_export_libraries-extras.cmake
[0.639s] -- Up-to-date symlink: /home/humble/ros2_control/install/my_robot_hardware/share/my_robot_hardware/cmake/ament_cmake_export_dependencies-extras.cmake
[0.639s] -- Up-to-date symlink: /home/humble/ros2_control/install/my_robot_hardware/share/my_robot_hardware/cmake/my_robot_hardwareConfig.cmake
[0.639s] -- Up-to-date symlink: /home/humble/ros2_control/install/my_robot_hardware/share/my_robot_hardware/cmake/my_robot_hardwareConfig-version.cmake
[0.639s] -- Up-to-date symlink: /home/humble/ros2_control/install/my_robot_hardware/share/my_robot_hardware/package.xml
[0.641s] Invoked command in '/home/humble/ros2_control/build/my_robot_hardware' returned '0': CMAKE_PREFIX_PATH=${CMAKE_PREFIX_PATH}:/opt/ros/humble /usr/bin/cmake --install /home/humble/ros2_control/build/my_robot_hardware
