[0.010s] Invoking command in '/home/humble/ros2_control/build/bbot_description': CMAKE_PREFIX_PATH=/opt/ros/humble /usr/bin/cmake /home/humble/ros2_control/src/bbot_demo/src/bbot_description -DCMAKE_INSTALL_PREFIX=/home/humble/ros2_control/install/bbot_description
[0.102s] -- The C compiler identification is GNU 11.4.0
[0.166s] -- The CXX compiler identification is GNU 11.4.0
[0.175s] -- Detecting C compiler ABI info
[0.240s] -- Detecting C compiler ABI info - done
[0.245s] -- Check for working C compiler: /usr/bin/cc - skipped
[0.246s] -- Detecting C compile features
[0.246s] -- Detecting C compile features - done
[0.249s] -- Detecting CXX compiler ABI info
[0.324s] -- Detecting CXX compiler ABI info - done
[0.329s] -- Check for working CXX compiler: /usr/bin/c++ - skipped
[0.330s] -- Detecting CXX compile features
[0.330s] -- Detecting CXX compile features - done
[0.336s] -- Found ament_cmake: 1.3.11 (/opt/ros/humble/share/ament_cmake/cmake)
[0.464s] -- Found Python3: /usr/bin/python3 (found version "3.10.12") found components: Interpreter 
[0.549s] -- Found hardware_interface: 2.48.0 (/opt/ros/humble/share/hardware_interface/cmake)
[0.597s] -- Found rosidl_generator_c: 3.1.6 (/opt/ros/humble/share/rosidl_generator_c/cmake)
[0.603s] -- Found rosidl_adapter: 3.1.6 (/opt/ros/humble/share/rosidl_adapter/cmake)
[0.613s] -- Found rosidl_generator_cpp: 3.1.6 (/opt/ros/humble/share/rosidl_generator_cpp/cmake)
[0.626s] -- Using all available rosidl_typesupport_c: rosidl_typesupport_fastrtps_c;rosidl_typesupport_introspection_c
[0.643s] -- Using all available rosidl_typesupport_cpp: rosidl_typesupport_fastrtps_cpp;rosidl_typesupport_introspection_cpp
[0.849s] -- Found rmw_implementation_cmake: 6.1.2 (/opt/ros/humble/share/rmw_implementation_cmake/cmake)
[0.852s] -- Found rmw_cyclonedds_cpp: 1.3.4 (/opt/ros/humble/share/rmw_cyclonedds_cpp/cmake)
[0.876s] -- Using RMW implementation 'rmw_cyclonedds_cpp' as default
[0.886s] -- Looking for pthread.h
[0.960s] -- Looking for pthread.h - found
[0.960s] -- Performing Test CMAKE_HAVE_LIBC_PTHREAD
[1.030s] -- Performing Test CMAKE_HAVE_LIBC_PTHREAD - Success
[1.031s] -- Found Threads: TRUE  
[1.078s] -- Found ament_lint_auto: 0.12.11 (/opt/ros/humble/share/ament_lint_auto/cmake)
[1.153s] -- Added test 'copyright' to check source files copyright and LICENSE
[1.155s] -- Added test 'flake8' to check Python code syntax and style conventions
[1.156s] -- Added test 'lint_cmake' to check CMake code style
[1.156s] -- Added test 'pep257' to check Python code against some of the docstring style conventions in PEP 257
[1.157s] -- Added test 'xmllint' to check XML markup files
[1.159s] -- Configuring done
[1.164s] -- Generating done
[1.166s] -- Build files have been written to: /home/humble/ros2_control/build/bbot_description
[1.176s] Invoked command in '/home/humble/ros2_control/build/bbot_description' returned '0': CMAKE_PREFIX_PATH=/opt/ros/humble /usr/bin/cmake /home/humble/ros2_control/src/bbot_demo/src/bbot_description -DCMAKE_INSTALL_PREFIX=/home/humble/ros2_control/install/bbot_description
[1.178s] Invoking command in '/home/humble/ros2_control/build/bbot_description': CMAKE_PREFIX_PATH=/opt/ros/humble /usr/bin/cmake --build /home/humble/ros2_control/build/bbot_description -- -j16 -l16
[1.219s] Invoked command in '/home/humble/ros2_control/build/bbot_description' returned '0': CMAKE_PREFIX_PATH=/opt/ros/humble /usr/bin/cmake --build /home/humble/ros2_control/build/bbot_description -- -j16 -l16
[1.230s] Invoking command in '/home/humble/ros2_control/build/bbot_description': CMAKE_PREFIX_PATH=/opt/ros/humble /usr/bin/cmake --install /home/humble/ros2_control/build/bbot_description
[1.239s] -- Install configuration: ""
[1.239s] -- Installing: /home/humble/ros2_control/install/bbot_description/share/bbot_description/urdf
[1.239s] -- Installing: /home/humble/ros2_control/install/bbot_description/share/bbot_description/urdf/bbot_description.xacro
[1.239s] -- Installing: /home/humble/ros2_control/install/bbot_description/share/bbot_description/urdf/bbot.urdf.xacro
[1.239s] -- Installing: /home/humble/ros2_control/install/bbot_description/share/bbot_description/urdf/inertial_macros.xacro
[1.239s] -- Installing: /home/humble/ros2_control/install/bbot_description/share/bbot_description/launch
[1.240s] -- Installing: /home/humble/ros2_control/install/bbot_description/share/bbot_description/launch/bbot.launch.py
[1.240s] -- Installing: /home/humble/ros2_control/install/bbot_description/share/bbot_description/launch/bbot_gazebo.launch.py
[1.240s] -- Installing: /home/humble/ros2_control/install/bbot_description/share/ament_index/resource_index/package_run_dependencies/bbot_description
[1.240s] -- Installing: /home/humble/ros2_control/install/bbot_description/share/ament_index/resource_index/parent_prefix_path/bbot_description
[1.240s] -- Installing: /home/humble/ros2_control/install/bbot_description/share/bbot_description/environment/ament_prefix_path.sh
[1.241s] -- Installing: /home/humble/ros2_control/install/bbot_description/share/bbot_description/environment/ament_prefix_path.dsv
[1.241s] -- Installing: /home/humble/ros2_control/install/bbot_description/share/bbot_description/environment/path.sh
[1.241s] -- Installing: /home/humble/ros2_control/install/bbot_description/share/bbot_description/environment/path.dsv
[1.241s] -- Installing: /home/humble/ros2_control/install/bbot_description/share/bbot_description/local_setup.bash
[1.241s] -- Installing: /home/humble/ros2_control/install/bbot_description/share/bbot_description/local_setup.sh
[1.241s] -- Installing: /home/humble/ros2_control/install/bbot_description/share/bbot_description/local_setup.zsh
[1.241s] -- Installing: /home/humble/ros2_control/install/bbot_description/share/bbot_description/local_setup.dsv
[1.241s] -- Installing: /home/humble/ros2_control/install/bbot_description/share/bbot_description/package.dsv
[1.242s] -- Installing: /home/humble/ros2_control/install/bbot_description/share/ament_index/resource_index/packages/bbot_description
[1.242s] -- Installing: /home/humble/ros2_control/install/bbot_description/share/bbot_description/cmake/bbot_descriptionConfig.cmake
[1.242s] -- Installing: /home/humble/ros2_control/install/bbot_description/share/bbot_description/cmake/bbot_descriptionConfig-version.cmake
[1.242s] -- Installing: /home/humble/ros2_control/install/bbot_description/share/bbot_description/package.xml
[1.244s] Invoked command in '/home/humble/ros2_control/build/bbot_description' returned '0': CMAKE_PREFIX_PATH=/opt/ros/humble /usr/bin/cmake --install /home/humble/ros2_control/build/bbot_description
