[0.097s] DEBUG:colcon:Command line arguments: ['/usr/bin/colcon', 'build', '--symlink-install']
[0.097s] DEBUG:colcon:Parsed command line arguments: Namespace(log_base=None, log_level=None, verb_name='build', build_base='build', install_base='install', merge_install=False, symlink_install=True, test_result_base=None, continue_on_error=False, executor='parallel', parallel_workers=16, event_handlers=None, ignore_user_meta=False, metas=['./colcon.meta'], base_paths=['.'], packages_ignore=None, packages_ignore_regex=None, paths=None, packages_up_to=None, packages_up_to_regex=None, packages_above=None, packages_above_and_dependencies=None, packages_above_depth=None, packages_select_by_dep=None, packages_skip_by_dep=None, packages_skip_up_to=None, packages_select_build_failed=False, packages_skip_build_finished=False, packages_select_test_failures=False, packages_skip_test_passed=False, packages_select=None, packages_skip=None, packages_select_regex=None, packages_skip_regex=None, packages_start=None, packages_end=None, allow_overriding=[], cmake_args=None, cmake_target=None, cmake_target_skip_unavailable=False, cmake_clean_cache=False, cmake_clean_first=False, cmake_force_configure=False, ament_cmake_args=None, catkin_cmake_args=None, catkin_skip_building_tests=False, verb_parser=<colcon_defaults.argument_parser.defaults.DefaultArgumentsDecorator object at 0x72f5c966d060>, verb_extension=<colcon_core.verb.build.BuildVerb object at 0x72f5c97764d0>, main=<bound method BuildVerb.main of <colcon_core.verb.build.BuildVerb object at 0x72f5c97764d0>>)
[0.254s] Level 1:colcon.colcon_core.package_discovery:discover_packages(colcon_meta) check parameters
[0.254s] Level 1:colcon.colcon_core.package_discovery:discover_packages(recursive) check parameters
[0.254s] Level 1:colcon.colcon_core.package_discovery:discover_packages(ignore) check parameters
[0.254s] Level 1:colcon.colcon_core.package_discovery:discover_packages(path) check parameters
[0.254s] Level 1:colcon.colcon_core.package_discovery:discover_packages(colcon_meta) discover
[0.254s] Level 1:colcon.colcon_core.package_discovery:discover_packages(recursive) discover
[0.254s] INFO:colcon.colcon_core.package_discovery:Crawling recursively for packages in '/home/humble/ros2_control'
[0.254s] Level 1:colcon.colcon_core.package_identification:_identify(.) by extensions ['ignore', 'ignore_ament_install']
[0.255s] Level 1:colcon.colcon_core.package_identification:_identify(.) by extension 'ignore'
[0.255s] Level 1:colcon.colcon_core.package_identification:_identify(.) by extension 'ignore_ament_install'
[0.255s] Level 1:colcon.colcon_core.package_identification:_identify(.) by extensions ['colcon_pkg']
[0.255s] Level 1:colcon.colcon_core.package_identification:_identify(.) by extension 'colcon_pkg'
[0.255s] Level 1:colcon.colcon_core.package_identification:_identify(.) by extensions ['colcon_meta']
[0.255s] Level 1:colcon.colcon_core.package_identification:_identify(.) by extension 'colcon_meta'
[0.255s] Level 1:colcon.colcon_core.package_identification:_identify(.) by extensions ['ros']
[0.255s] Level 1:colcon.colcon_core.package_identification:_identify(.) by extension 'ros'
[0.263s] Level 1:colcon.colcon_core.package_identification:_identify(.) by extensions ['cmake', 'python']
[0.263s] Level 1:colcon.colcon_core.package_identification:_identify(.) by extension 'cmake'
[0.263s] Level 1:colcon.colcon_core.package_identification:_identify(.) by extension 'python'
[0.263s] Level 1:colcon.colcon_core.package_identification:_identify(.) by extensions ['python_setup_py']
[0.263s] Level 1:colcon.colcon_core.package_identification:_identify(.) by extension 'python_setup_py'
[0.263s] Level 1:colcon.colcon_core.package_identification:_identify(build) by extensions ['ignore', 'ignore_ament_install']
[0.263s] Level 1:colcon.colcon_core.package_identification:_identify(build) by extension 'ignore'
[0.263s] Level 1:colcon.colcon_core.package_identification:_identify(build) ignored
[0.263s] Level 1:colcon.colcon_core.package_identification:_identify(install) by extensions ['ignore', 'ignore_ament_install']
[0.263s] Level 1:colcon.colcon_core.package_identification:_identify(install) by extension 'ignore'
[0.264s] Level 1:colcon.colcon_core.package_identification:_identify(install) ignored
[0.264s] Level 1:colcon.colcon_core.package_identification:_identify(log) by extensions ['ignore', 'ignore_ament_install']
[0.264s] Level 1:colcon.colcon_core.package_identification:_identify(log) by extension 'ignore'
[0.264s] Level 1:colcon.colcon_core.package_identification:_identify(log) ignored
[0.264s] Level 1:colcon.colcon_core.package_identification:_identify(src) by extensions ['ignore', 'ignore_ament_install']
[0.264s] Level 1:colcon.colcon_core.package_identification:_identify(src) by extension 'ignore'
[0.264s] Level 1:colcon.colcon_core.package_identification:_identify(src) by extension 'ignore_ament_install'
[0.264s] Level 1:colcon.colcon_core.package_identification:_identify(src) by extensions ['colcon_pkg']
[0.264s] Level 1:colcon.colcon_core.package_identification:_identify(src) by extension 'colcon_pkg'
[0.264s] Level 1:colcon.colcon_core.package_identification:_identify(src) by extensions ['colcon_meta']
[0.264s] Level 1:colcon.colcon_core.package_identification:_identify(src) by extension 'colcon_meta'
[0.264s] Level 1:colcon.colcon_core.package_identification:_identify(src) by extensions ['ros']
[0.264s] Level 1:colcon.colcon_core.package_identification:_identify(src) by extension 'ros'
[0.264s] Level 1:colcon.colcon_core.package_identification:_identify(src) by extensions ['cmake', 'python']
[0.264s] Level 1:colcon.colcon_core.package_identification:_identify(src) by extension 'cmake'
[0.264s] Level 1:colcon.colcon_core.package_identification:_identify(src) by extension 'python'
[0.264s] Level 1:colcon.colcon_core.package_identification:_identify(src) by extensions ['python_setup_py']
[0.264s] Level 1:colcon.colcon_core.package_identification:_identify(src) by extension 'python_setup_py'
[0.264s] Level 1:colcon.colcon_core.package_identification:_identify(src/bbot_demo) by extensions ['ignore', 'ignore_ament_install']
[0.264s] Level 1:colcon.colcon_core.package_identification:_identify(src/bbot_demo) by extension 'ignore'
[0.264s] Level 1:colcon.colcon_core.package_identification:_identify(src/bbot_demo) by extension 'ignore_ament_install'
[0.264s] Level 1:colcon.colcon_core.package_identification:_identify(src/bbot_demo) by extensions ['colcon_pkg']
[0.264s] Level 1:colcon.colcon_core.package_identification:_identify(src/bbot_demo) by extension 'colcon_pkg'
[0.264s] Level 1:colcon.colcon_core.package_identification:_identify(src/bbot_demo) by extensions ['colcon_meta']
[0.265s] Level 1:colcon.colcon_core.package_identification:_identify(src/bbot_demo) by extension 'colcon_meta'
[0.265s] Level 1:colcon.colcon_core.package_identification:_identify(src/bbot_demo) by extensions ['ros']
[0.265s] Level 1:colcon.colcon_core.package_identification:_identify(src/bbot_demo) by extension 'ros'
[0.265s] Level 1:colcon.colcon_core.package_identification:_identify(src/bbot_demo) by extensions ['cmake', 'python']
[0.265s] Level 1:colcon.colcon_core.package_identification:_identify(src/bbot_demo) by extension 'cmake'
[0.265s] Level 1:colcon.colcon_core.package_identification:_identify(src/bbot_demo) by extension 'python'
[0.265s] Level 1:colcon.colcon_core.package_identification:_identify(src/bbot_demo) by extensions ['python_setup_py']
[0.265s] Level 1:colcon.colcon_core.package_identification:_identify(src/bbot_demo) by extension 'python_setup_py'
[0.265s] Level 1:colcon.colcon_core.package_identification:_identify(src/bbot_demo/src) by extensions ['ignore', 'ignore_ament_install']
[0.265s] Level 1:colcon.colcon_core.package_identification:_identify(src/bbot_demo/src) by extension 'ignore'
[0.265s] Level 1:colcon.colcon_core.package_identification:_identify(src/bbot_demo/src) by extension 'ignore_ament_install'
[0.265s] Level 1:colcon.colcon_core.package_identification:_identify(src/bbot_demo/src) by extensions ['colcon_pkg']
[0.265s] Level 1:colcon.colcon_core.package_identification:_identify(src/bbot_demo/src) by extension 'colcon_pkg'
[0.265s] Level 1:colcon.colcon_core.package_identification:_identify(src/bbot_demo/src) by extensions ['colcon_meta']
[0.265s] Level 1:colcon.colcon_core.package_identification:_identify(src/bbot_demo/src) by extension 'colcon_meta'
[0.265s] Level 1:colcon.colcon_core.package_identification:_identify(src/bbot_demo/src) by extensions ['ros']
[0.265s] Level 1:colcon.colcon_core.package_identification:_identify(src/bbot_demo/src) by extension 'ros'
[0.265s] Level 1:colcon.colcon_core.package_identification:_identify(src/bbot_demo/src) by extensions ['cmake', 'python']
[0.265s] Level 1:colcon.colcon_core.package_identification:_identify(src/bbot_demo/src) by extension 'cmake'
[0.265s] Level 1:colcon.colcon_core.package_identification:_identify(src/bbot_demo/src) by extension 'python'
[0.265s] Level 1:colcon.colcon_core.package_identification:_identify(src/bbot_demo/src) by extensions ['python_setup_py']
[0.265s] Level 1:colcon.colcon_core.package_identification:_identify(src/bbot_demo/src) by extension 'python_setup_py'
[0.265s] Level 1:colcon.colcon_core.package_identification:_identify(src/bbot_demo/src/bbot_description) by extensions ['ignore', 'ignore_ament_install']
[0.265s] Level 1:colcon.colcon_core.package_identification:_identify(src/bbot_demo/src/bbot_description) by extension 'ignore'
[0.265s] Level 1:colcon.colcon_core.package_identification:_identify(src/bbot_demo/src/bbot_description) by extension 'ignore_ament_install'
[0.265s] Level 1:colcon.colcon_core.package_identification:_identify(src/bbot_demo/src/bbot_description) by extensions ['colcon_pkg']
[0.266s] Level 1:colcon.colcon_core.package_identification:_identify(src/bbot_demo/src/bbot_description) by extension 'colcon_pkg'
[0.266s] Level 1:colcon.colcon_core.package_identification:_identify(src/bbot_demo/src/bbot_description) by extensions ['colcon_meta']
[0.266s] Level 1:colcon.colcon_core.package_identification:_identify(src/bbot_demo/src/bbot_description) by extension 'colcon_meta'
[0.266s] Level 1:colcon.colcon_core.package_identification:_identify(src/bbot_demo/src/bbot_description) by extensions ['ros']
[0.266s] Level 1:colcon.colcon_core.package_identification:_identify(src/bbot_demo/src/bbot_description) by extension 'ros'
[0.267s] DEBUG:colcon.colcon_core.package_identification:Package 'src/bbot_demo/src/bbot_description' with type 'ros.ament_cmake' and name 'bbot_description'
[0.267s] Level 1:colcon.colcon_core.package_identification:_identify(src/my_robot_bringup) by extensions ['ignore', 'ignore_ament_install']
[0.268s] Level 1:colcon.colcon_core.package_identification:_identify(src/my_robot_bringup) by extension 'ignore'
[0.268s] Level 1:colcon.colcon_core.package_identification:_identify(src/my_robot_bringup) by extension 'ignore_ament_install'
[0.268s] Level 1:colcon.colcon_core.package_identification:_identify(src/my_robot_bringup) by extensions ['colcon_pkg']
[0.268s] Level 1:colcon.colcon_core.package_identification:_identify(src/my_robot_bringup) by extension 'colcon_pkg'
[0.268s] Level 1:colcon.colcon_core.package_identification:_identify(src/my_robot_bringup) by extensions ['colcon_meta']
[0.268s] Level 1:colcon.colcon_core.package_identification:_identify(src/my_robot_bringup) by extension 'colcon_meta'
[0.268s] Level 1:colcon.colcon_core.package_identification:_identify(src/my_robot_bringup) by extensions ['ros']
[0.268s] Level 1:colcon.colcon_core.package_identification:_identify(src/my_robot_bringup) by extension 'ros'
[0.268s] DEBUG:colcon.colcon_core.package_identification:Package 'src/my_robot_bringup' with type 'ros.ament_cmake' and name 'my_robot_bringup'
[0.268s] Level 1:colcon.colcon_core.package_discovery:discover_packages(recursive) using defaults
[0.268s] Level 1:colcon.colcon_core.package_discovery:discover_packages(ignore) discover
[0.268s] Level 1:colcon.colcon_core.package_discovery:discover_packages(ignore) using defaults
[0.268s] Level 1:colcon.colcon_core.package_discovery:discover_packages(path) discover
[0.268s] Level 1:colcon.colcon_core.package_discovery:discover_packages(path) using defaults
[0.294s] Level 1:colcon.colcon_core.package_discovery:discover_packages(prefix_path) check parameters
[0.294s] Level 1:colcon.colcon_core.package_discovery:discover_packages(prefix_path) discover
[0.295s] DEBUG:colcon.colcon_installed_package_information.package_discovery:Found 2 installed packages in /home/humble/ros2_control/install
[0.296s] DEBUG:colcon.colcon_installed_package_information.package_discovery:Found 419 installed packages in /opt/ros/humble
[0.298s] Level 1:colcon.colcon_core.package_discovery:discover_packages(prefix_path) using defaults
[0.334s] Level 5:colcon.colcon_core.verb:set package 'bbot_description' build argument 'cmake_args' from command line to 'None'
[0.334s] Level 5:colcon.colcon_core.verb:set package 'bbot_description' build argument 'cmake_target' from command line to 'None'
[0.334s] Level 5:colcon.colcon_core.verb:set package 'bbot_description' build argument 'cmake_target_skip_unavailable' from command line to 'False'
[0.334s] Level 5:colcon.colcon_core.verb:set package 'bbot_description' build argument 'cmake_clean_cache' from command line to 'False'
[0.334s] Level 5:colcon.colcon_core.verb:set package 'bbot_description' build argument 'cmake_clean_first' from command line to 'False'
[0.334s] Level 5:colcon.colcon_core.verb:set package 'bbot_description' build argument 'cmake_force_configure' from command line to 'False'
[0.334s] Level 5:colcon.colcon_core.verb:set package 'bbot_description' build argument 'ament_cmake_args' from command line to 'None'
[0.334s] Level 5:colcon.colcon_core.verb:set package 'bbot_description' build argument 'catkin_cmake_args' from command line to 'None'
[0.334s] Level 5:colcon.colcon_core.verb:set package 'bbot_description' build argument 'catkin_skip_building_tests' from command line to 'False'
[0.334s] DEBUG:colcon.colcon_core.verb:Building package 'bbot_description' with the following arguments: {'ament_cmake_args': None, 'build_base': '/home/humble/ros2_control/build/bbot_description', 'catkin_cmake_args': None, 'catkin_skip_building_tests': False, 'cmake_args': None, 'cmake_clean_cache': False, 'cmake_clean_first': False, 'cmake_force_configure': False, 'cmake_target': None, 'cmake_target_skip_unavailable': False, 'install_base': '/home/humble/ros2_control/install/bbot_description', 'merge_install': False, 'path': '/home/humble/ros2_control/src/bbot_demo/src/bbot_description', 'symlink_install': True, 'test_result_base': None}
[0.335s] Level 5:colcon.colcon_core.verb:set package 'my_robot_bringup' build argument 'cmake_args' from command line to 'None'
[0.335s] Level 5:colcon.colcon_core.verb:set package 'my_robot_bringup' build argument 'cmake_target' from command line to 'None'
[0.335s] Level 5:colcon.colcon_core.verb:set package 'my_robot_bringup' build argument 'cmake_target_skip_unavailable' from command line to 'False'
[0.335s] Level 5:colcon.colcon_core.verb:set package 'my_robot_bringup' build argument 'cmake_clean_cache' from command line to 'False'
[0.335s] Level 5:colcon.colcon_core.verb:set package 'my_robot_bringup' build argument 'cmake_clean_first' from command line to 'False'
[0.335s] Level 5:colcon.colcon_core.verb:set package 'my_robot_bringup' build argument 'cmake_force_configure' from command line to 'False'
[0.335s] Level 5:colcon.colcon_core.verb:set package 'my_robot_bringup' build argument 'ament_cmake_args' from command line to 'None'
[0.335s] Level 5:colcon.colcon_core.verb:set package 'my_robot_bringup' build argument 'catkin_cmake_args' from command line to 'None'
[0.335s] Level 5:colcon.colcon_core.verb:set package 'my_robot_bringup' build argument 'catkin_skip_building_tests' from command line to 'False'
[0.335s] DEBUG:colcon.colcon_core.verb:Building package 'my_robot_bringup' with the following arguments: {'ament_cmake_args': None, 'build_base': '/home/humble/ros2_control/build/my_robot_bringup', 'catkin_cmake_args': None, 'catkin_skip_building_tests': False, 'cmake_args': None, 'cmake_clean_cache': False, 'cmake_clean_first': False, 'cmake_force_configure': False, 'cmake_target': None, 'cmake_target_skip_unavailable': False, 'install_base': '/home/humble/ros2_control/install/my_robot_bringup', 'merge_install': False, 'path': '/home/humble/ros2_control/src/my_robot_bringup', 'symlink_install': True, 'test_result_base': None}
[0.335s] INFO:colcon.colcon_core.executor:Executing jobs using 'parallel' executor
[0.336s] DEBUG:colcon.colcon_parallel_executor.executor.parallel:run_until_complete
[0.336s] INFO:colcon.colcon_ros.task.ament_cmake.build:Building ROS package in '/home/humble/ros2_control/src/bbot_demo/src/bbot_description' with build type 'ament_cmake'
[0.336s] INFO:colcon.colcon_cmake.task.cmake.build:Building CMake package in '/home/humble/ros2_control/src/bbot_demo/src/bbot_description'
[0.337s] INFO:colcon.colcon_core.plugin_system:Skipping extension 'colcon_core.shell.bat': Not used on non-Windows systems
[0.338s] INFO:colcon.colcon_core.shell:Skip shell extension 'powershell' for command environment: Not usable outside of PowerShell
[0.338s] DEBUG:colcon.colcon_core.shell:Skip shell extension 'dsv' for command environment
[0.341s] INFO:colcon.colcon_ros.task.ament_cmake.build:Building ROS package in '/home/humble/ros2_control/src/my_robot_bringup' with build type 'ament_cmake'
[0.341s] INFO:colcon.colcon_cmake.task.cmake.build:Building CMake package in '/home/humble/ros2_control/src/my_robot_bringup'
[0.341s] INFO:colcon.colcon_core.shell:Skip shell extension 'powershell' for command environment: Not usable outside of PowerShell
[0.341s] DEBUG:colcon.colcon_core.shell:Skip shell extension 'dsv' for command environment
[0.348s] DEBUG:colcon.colcon_core.event_handler.log_command:Invoking command in '/home/humble/ros2_control/build/bbot_description': CMAKE_PREFIX_PATH=${CMAKE_PREFIX_PATH}:/opt/ros/humble /usr/bin/cmake --build /home/humble/ros2_control/build/bbot_description -- -j16 -l16
[0.351s] DEBUG:colcon.colcon_core.event_handler.log_command:Invoking command in '/home/humble/ros2_control/build/my_robot_bringup': CMAKE_PREFIX_PATH=${CMAKE_PREFIX_PATH}:/opt/ros/humble /usr/bin/cmake --build /home/humble/ros2_control/build/my_robot_bringup -- -j16 -l16
[0.386s] DEBUG:colcon.colcon_core.event_handler.log_command:Invoked command in '/home/humble/ros2_control/build/my_robot_bringup' returned '0': CMAKE_PREFIX_PATH=${CMAKE_PREFIX_PATH}:/opt/ros/humble /usr/bin/cmake --build /home/humble/ros2_control/build/my_robot_bringup -- -j16 -l16
[0.396s] DEBUG:colcon.colcon_core.event_handler.log_command:Invoking command in '/home/humble/ros2_control/build/my_robot_bringup': CMAKE_PREFIX_PATH=${CMAKE_PREFIX_PATH}:/opt/ros/humble /usr/bin/cmake --install /home/humble/ros2_control/build/my_robot_bringup
[0.396s] DEBUG:colcon.colcon_core.event_handler.log_command:Invoked command in '/home/humble/ros2_control/build/bbot_description' returned '0': CMAKE_PREFIX_PATH=${CMAKE_PREFIX_PATH}:/opt/ros/humble /usr/bin/cmake --build /home/humble/ros2_control/build/bbot_description -- -j16 -l16
[0.398s] DEBUG:colcon.colcon_core.event_handler.log_command:Invoking command in '/home/humble/ros2_control/build/bbot_description': CMAKE_PREFIX_PATH=${CMAKE_PREFIX_PATH}:/opt/ros/humble /usr/bin/cmake --install /home/humble/ros2_control/build/bbot_description
[0.416s] Level 1:colcon.colcon_core.environment:create_environment_scripts_only(my_robot_bringup)
[0.416s] DEBUG:colcon.colcon_core.event_handler.log_command:Invoked command in '/home/humble/ros2_control/build/my_robot_bringup' returned '0': CMAKE_PREFIX_PATH=${CMAKE_PREFIX_PATH}:/opt/ros/humble /usr/bin/cmake --install /home/humble/ros2_control/build/my_robot_bringup
[0.418s] Level 1:colcon.colcon_core.environment:checking '/home/humble/ros2_control/install/my_robot_bringup' for CMake module files
[0.418s] Level 1:colcon.colcon_core.environment:checking '/home/humble/ros2_control/install/my_robot_bringup' for CMake config files
[0.419s] Level 1:colcon.colcon_core.shell:create_environment_hook('my_robot_bringup', 'cmake_prefix_path')
[0.419s] INFO:colcon.colcon_core.shell:Creating environment hook '/home/humble/ros2_control/install/my_robot_bringup/share/my_robot_bringup/hook/cmake_prefix_path.ps1'
[0.419s] INFO:colcon.colcon_core.shell:Creating environment descriptor '/home/humble/ros2_control/install/my_robot_bringup/share/my_robot_bringup/hook/cmake_prefix_path.dsv'
[0.420s] INFO:colcon.colcon_core.shell:Creating environment hook '/home/humble/ros2_control/install/my_robot_bringup/share/my_robot_bringup/hook/cmake_prefix_path.sh'
[0.420s] Level 1:colcon.colcon_core.environment:checking '/home/humble/ros2_control/install/my_robot_bringup/bin'
[0.420s] Level 1:colcon.colcon_core.environment:checking '/home/humble/ros2_control/install/my_robot_bringup/lib/pkgconfig/my_robot_bringup.pc'
[0.420s] Level 1:colcon.colcon_core.environment:checking '/home/humble/ros2_control/install/my_robot_bringup/lib/python3.10/site-packages'
[0.421s] Level 1:colcon.colcon_core.environment:checking '/home/humble/ros2_control/install/my_robot_bringup/bin'
[0.421s] INFO:colcon.colcon_core.shell:Creating package script '/home/humble/ros2_control/install/my_robot_bringup/share/my_robot_bringup/package.ps1'
[0.421s] INFO:colcon.colcon_core.shell:Creating package descriptor '/home/humble/ros2_control/install/my_robot_bringup/share/my_robot_bringup/package.dsv'
[0.422s] INFO:colcon.colcon_core.shell:Creating package script '/home/humble/ros2_control/install/my_robot_bringup/share/my_robot_bringup/package.sh'
[0.422s] INFO:colcon.colcon_core.shell:Creating package script '/home/humble/ros2_control/install/my_robot_bringup/share/my_robot_bringup/package.bash'
[0.423s] INFO:colcon.colcon_core.shell:Creating package script '/home/humble/ros2_control/install/my_robot_bringup/share/my_robot_bringup/package.zsh'
[0.423s] Level 1:colcon.colcon_core.environment:create_file_with_runtime_dependencies(/home/humble/ros2_control/install/my_robot_bringup/share/colcon-core/packages/my_robot_bringup)
[0.424s] Level 1:colcon.colcon_core.environment:create_environment_scripts_only(my_robot_bringup)
[0.424s] Level 1:colcon.colcon_core.environment:checking '/home/humble/ros2_control/install/my_robot_bringup' for CMake module files
[0.424s] Level 1:colcon.colcon_core.environment:checking '/home/humble/ros2_control/install/my_robot_bringup' for CMake config files
[0.424s] Level 1:colcon.colcon_core.shell:create_environment_hook('my_robot_bringup', 'cmake_prefix_path')
[0.425s] INFO:colcon.colcon_core.shell:Creating environment hook '/home/humble/ros2_control/install/my_robot_bringup/share/my_robot_bringup/hook/cmake_prefix_path.ps1'
[0.425s] INFO:colcon.colcon_core.shell:Creating environment descriptor '/home/humble/ros2_control/install/my_robot_bringup/share/my_robot_bringup/hook/cmake_prefix_path.dsv'
[0.425s] INFO:colcon.colcon_core.shell:Creating environment hook '/home/humble/ros2_control/install/my_robot_bringup/share/my_robot_bringup/hook/cmake_prefix_path.sh'
[0.426s] Level 1:colcon.colcon_core.environment:checking '/home/humble/ros2_control/install/my_robot_bringup/bin'
[0.426s] Level 1:colcon.colcon_core.environment:checking '/home/humble/ros2_control/install/my_robot_bringup/lib/pkgconfig/my_robot_bringup.pc'
[0.426s] Level 1:colcon.colcon_core.environment:checking '/home/humble/ros2_control/install/my_robot_bringup/lib/python3.10/site-packages'
[0.426s] Level 1:colcon.colcon_core.environment:checking '/home/humble/ros2_control/install/my_robot_bringup/bin'
[0.426s] INFO:colcon.colcon_core.shell:Creating package script '/home/humble/ros2_control/install/my_robot_bringup/share/my_robot_bringup/package.ps1'
[0.427s] INFO:colcon.colcon_core.shell:Creating package descriptor '/home/humble/ros2_control/install/my_robot_bringup/share/my_robot_bringup/package.dsv'
[0.427s] INFO:colcon.colcon_core.shell:Creating package script '/home/humble/ros2_control/install/my_robot_bringup/share/my_robot_bringup/package.sh'
[0.427s] INFO:colcon.colcon_core.shell:Creating package script '/home/humble/ros2_control/install/my_robot_bringup/share/my_robot_bringup/package.bash'
[0.428s] INFO:colcon.colcon_core.shell:Creating package script '/home/humble/ros2_control/install/my_robot_bringup/share/my_robot_bringup/package.zsh'
[0.428s] Level 1:colcon.colcon_core.environment:create_file_with_runtime_dependencies(/home/humble/ros2_control/install/my_robot_bringup/share/colcon-core/packages/my_robot_bringup)
[0.429s] Level 1:colcon.colcon_core.environment:create_environment_scripts_only(bbot_description)
[0.429s] Level 1:colcon.colcon_core.environment:checking '/home/humble/ros2_control/install/bbot_description' for CMake module files
[0.430s] DEBUG:colcon.colcon_core.event_handler.log_command:Invoked command in '/home/humble/ros2_control/build/bbot_description' returned '0': CMAKE_PREFIX_PATH=${CMAKE_PREFIX_PATH}:/opt/ros/humble /usr/bin/cmake --install /home/humble/ros2_control/build/bbot_description
[0.430s] Level 1:colcon.colcon_core.environment:checking '/home/humble/ros2_control/install/bbot_description' for CMake config files
[0.430s] Level 1:colcon.colcon_core.shell:create_environment_hook('bbot_description', 'cmake_prefix_path')
[0.430s] INFO:colcon.colcon_core.shell:Creating environment hook '/home/humble/ros2_control/install/bbot_description/share/bbot_description/hook/cmake_prefix_path.ps1'
[0.431s] INFO:colcon.colcon_core.shell:Creating environment descriptor '/home/humble/ros2_control/install/bbot_description/share/bbot_description/hook/cmake_prefix_path.dsv'
[0.431s] INFO:colcon.colcon_core.shell:Creating environment hook '/home/humble/ros2_control/install/bbot_description/share/bbot_description/hook/cmake_prefix_path.sh'
[0.431s] Level 1:colcon.colcon_core.environment:checking '/home/humble/ros2_control/install/bbot_description/bin'
[0.431s] Level 1:colcon.colcon_core.environment:checking '/home/humble/ros2_control/install/bbot_description/lib/pkgconfig/bbot_description.pc'
[0.431s] Level 1:colcon.colcon_core.environment:checking '/home/humble/ros2_control/install/bbot_description/lib/python3.10/site-packages'
[0.432s] Level 1:colcon.colcon_core.environment:checking '/home/humble/ros2_control/install/bbot_description/bin'
[0.432s] INFO:colcon.colcon_core.shell:Creating package script '/home/humble/ros2_control/install/bbot_description/share/bbot_description/package.ps1'
[0.432s] INFO:colcon.colcon_core.shell:Creating package descriptor '/home/humble/ros2_control/install/bbot_description/share/bbot_description/package.dsv'
[0.432s] INFO:colcon.colcon_core.shell:Creating package script '/home/humble/ros2_control/install/bbot_description/share/bbot_description/package.sh'
[0.433s] INFO:colcon.colcon_core.shell:Creating package script '/home/humble/ros2_control/install/bbot_description/share/bbot_description/package.bash'
[0.433s] INFO:colcon.colcon_core.shell:Creating package script '/home/humble/ros2_control/install/bbot_description/share/bbot_description/package.zsh'
[0.433s] Level 1:colcon.colcon_core.environment:create_file_with_runtime_dependencies(/home/humble/ros2_control/install/bbot_description/share/colcon-core/packages/bbot_description)
[0.434s] Level 1:colcon.colcon_core.environment:create_environment_scripts_only(bbot_description)
[0.434s] Level 1:colcon.colcon_core.environment:checking '/home/humble/ros2_control/install/bbot_description' for CMake module files
[0.434s] Level 1:colcon.colcon_core.environment:checking '/home/humble/ros2_control/install/bbot_description' for CMake config files
[0.434s] Level 1:colcon.colcon_core.shell:create_environment_hook('bbot_description', 'cmake_prefix_path')
[0.434s] INFO:colcon.colcon_core.shell:Creating environment hook '/home/humble/ros2_control/install/bbot_description/share/bbot_description/hook/cmake_prefix_path.ps1'
[0.435s] INFO:colcon.colcon_core.shell:Creating environment descriptor '/home/humble/ros2_control/install/bbot_description/share/bbot_description/hook/cmake_prefix_path.dsv'
[0.435s] INFO:colcon.colcon_core.shell:Creating environment hook '/home/humble/ros2_control/install/bbot_description/share/bbot_description/hook/cmake_prefix_path.sh'
[0.435s] Level 1:colcon.colcon_core.environment:checking '/home/humble/ros2_control/install/bbot_description/bin'
[0.435s] Level 1:colcon.colcon_core.environment:checking '/home/humble/ros2_control/install/bbot_description/lib/pkgconfig/bbot_description.pc'
[0.435s] Level 1:colcon.colcon_core.environment:checking '/home/humble/ros2_control/install/bbot_description/lib/python3.10/site-packages'
[0.436s] Level 1:colcon.colcon_core.environment:checking '/home/humble/ros2_control/install/bbot_description/bin'
[0.436s] INFO:colcon.colcon_core.shell:Creating package script '/home/humble/ros2_control/install/bbot_description/share/bbot_description/package.ps1'
[0.436s] INFO:colcon.colcon_core.shell:Creating package descriptor '/home/humble/ros2_control/install/bbot_description/share/bbot_description/package.dsv'
[0.437s] INFO:colcon.colcon_core.shell:Creating package script '/home/humble/ros2_control/install/bbot_description/share/bbot_description/package.sh'
[0.437s] INFO:colcon.colcon_core.shell:Creating package script '/home/humble/ros2_control/install/bbot_description/share/bbot_description/package.bash'
[0.437s] INFO:colcon.colcon_core.shell:Creating package script '/home/humble/ros2_control/install/bbot_description/share/bbot_description/package.zsh'
[0.437s] Level 1:colcon.colcon_core.environment:create_file_with_runtime_dependencies(/home/humble/ros2_control/install/bbot_description/share/colcon-core/packages/bbot_description)
[0.438s] DEBUG:colcon.colcon_parallel_executor.executor.parallel:closing loop
[0.438s] DEBUG:colcon.colcon_parallel_executor.executor.parallel:loop closed
[0.438s] DEBUG:colcon.colcon_parallel_executor.executor.parallel:run_until_complete finished with '0'
[0.438s] DEBUG:colcon.colcon_core.event_reactor:joining thread
[0.442s] INFO:colcon.colcon_core.plugin_system:Skipping extension 'colcon_notification.desktop_notification.terminal_notifier': Not used on non-Darwin systems
[0.442s] INFO:colcon.colcon_core.plugin_system:Skipping extension 'colcon_notification.desktop_notification.win32': Not used on non-Windows systems
[0.442s] INFO:colcon.colcon_notification.desktop_notification:Sending desktop notification using 'notify2'
[0.450s] DEBUG:colcon.colcon_core.event_reactor:joined thread
[0.451s] INFO:colcon.colcon_core.shell:Creating prefix script '/home/humble/ros2_control/install/local_setup.ps1'
[0.451s] INFO:colcon.colcon_core.shell:Creating prefix util module '/home/humble/ros2_control/install/_local_setup_util_ps1.py'
[0.452s] INFO:colcon.colcon_core.shell:Creating prefix chain script '/home/humble/ros2_control/install/setup.ps1'
[0.453s] INFO:colcon.colcon_core.shell:Creating prefix script '/home/humble/ros2_control/install/local_setup.sh'
[0.453s] INFO:colcon.colcon_core.shell:Creating prefix util module '/home/humble/ros2_control/install/_local_setup_util_sh.py'
[0.454s] INFO:colcon.colcon_core.shell:Creating prefix chain script '/home/humble/ros2_control/install/setup.sh'
[0.455s] INFO:colcon.colcon_core.shell:Creating prefix script '/home/humble/ros2_control/install/local_setup.bash'
[0.455s] INFO:colcon.colcon_core.shell:Creating prefix chain script '/home/humble/ros2_control/install/setup.bash'
[0.456s] INFO:colcon.colcon_core.shell:Creating prefix script '/home/humble/ros2_control/install/local_setup.zsh'
[0.456s] INFO:colcon.colcon_core.shell:Creating prefix chain script '/home/humble/ros2_control/install/setup.zsh'
