-- The C compiler identification is GNU 11.4.0
-- The CXX compiler identification is GNU 11.4.0
-- Detecting C compiler ABI info
-- Detecting C compiler ABI info - done
-- Check for working C compiler: /usr/bin/cc - skipped
-- Detecting C compile features
-- Detecting C compile features - done
-- Detecting CXX compiler ABI info
-- Detecting CXX compiler ABI info - done
-- Check for working CXX compiler: /usr/bin/c++ - skipped
-- Detecting CXX compile features
-- Detecting CXX compile features - done
-- Found ament_cmake: 1.3.11 (/opt/ros/humble/share/ament_cmake/cmake)
-- Found Python3: /usr/bin/python3 (found version "3.10.12") found components: Interpreter 
-- Found rclcpp: 16.0.11 (/opt/ros/humble/share/rclcpp/cmake)
-- Found rosidl_generator_c: 3.1.6 (/opt/ros/humble/share/rosidl_generator_c/cmake)
-- Found rosidl_adapter: 3.1.6 (/opt/ros/humble/share/rosidl_adapter/cmake)
-- Found rosidl_generator_cpp: 3.1.6 (/opt/ros/humble/share/rosidl_generator_cpp/cmake)
-- Using all available rosidl_typesupport_c: rosidl_typesupport_fastrtps_c;rosidl_typesupport_introspection_c
-- Using all available rosidl_typesupport_cpp: rosidl_typesupport_fastrtps_cpp;rosidl_typesupport_introspection_cpp
-- Found rmw_implementation_cmake: 6.1.2 (/opt/ros/humble/share/rmw_implementation_cmake/cmake)
-- Found rmw_cyclonedds_cpp: 1.3.4 (/opt/ros/humble/share/rmw_cyclonedds_cpp/cmake)
-- Using RMW implementation 'rmw_cyclonedds_cpp' as default
-- Looking for pthread.h
-- Looking for pthread.h - found
-- Performing Test CMAKE_HAVE_LIBC_PTHREAD
-- Performing Test CMAKE_HAVE_LIBC_PTHREAD - Success
-- Found Threads: TRUE  
-- Found rclcpp_lifecycle: 16.0.11 (/opt/ros/humble/share/rclcpp_lifecycle/cmake)
-- Found hardware_interface: 2.48.0 (/opt/ros/humble/share/hardware_interface/cmake)
-- Found dynamixel_sdk: 3.7.60 (/opt/ros/humble/share/dynamixel_sdk/cmake)
-- Configuring done
-- Generating done
-- Build files have been written to: /home/humble/ros2_control/build/my_robot_hardware
[ 50%] [32mBuilding CXX object CMakeFiles/my_robot_hardware.dir/src/mobile_base_hardware_interface.cpp.o[0m
[01m[K/home/humble/ros2_control/src/my_robot_hardware/src/mobile_base_hardware_interface.cpp:[m[K In member function ‘[01m[Kvirtual hardware_interface::CallbackReturn mobile_base_hardware::MobileBaseHardwareInterface::on_activate(const rclcpp_lifecycle::State&)[m[K’:
[01m[K/home/humble/ros2_control/src/my_robot_hardware/src/mobile_base_hardware_interface.cpp:51:14:[m[K [01;31m[Kerror: [m[Kno matching function for call to ‘[01m[Kmobile_base_hardware::MobileBaseHardwareInterface::set_state(const char [31], double)[m[K’
   51 |     [01;31m[Kset_state("base_left_wheel_joint/velocity", 0.0)[m[K;
      |     [01;31m[K~~~~~~~~~^~~~~~~~~~~~~~~~~~~~~~~~~~~~~~~~~~~~~~~[m[K
In file included from [01m[K/home/humble/ros2_control/src/my_robot_hardware/include/my_robot_hardware/mobile_base_hardware_interface.hpp:4[m[K,
                 from [01m[K/home/humble/ros2_control/src/my_robot_hardware/src/mobile_base_hardware_interface.cpp:1[m[K:
[01m[K/opt/ros/humble/include/hardware_interface/system_interface.hpp:204:8:[m[K [01;36m[Knote: [m[Kcandidate: ‘[01m[Kvoid hardware_interface::SystemInterface::set_state(const rclcpp_lifecycle::State&)[m[K’
  204 |   void [01;36m[Kset_state[m[K(const rclcpp_lifecycle::State & new_state) { lifecycle_state_ = new_state; }
      |        [01;36m[K^~~~~~~~~[m[K
[01m[K/opt/ros/humble/include/hardware_interface/system_interface.hpp:204:8:[m[K [01;36m[Knote: [m[K  candidate expects 1 argument, 2 provided
[01m[K/home/humble/ros2_control/src/my_robot_hardware/src/mobile_base_hardware_interface.cpp:52:14:[m[K [01;31m[Kerror: [m[Kno matching function for call to ‘[01m[Kmobile_base_hardware::MobileBaseHardwareInterface::set_state(const char [32], double)[m[K’
   52 |     [01;31m[Kset_state("base_right_wheel_joint/velocity", 0.0)[m[K;
      |     [01;31m[K~~~~~~~~~^~~~~~~~~~~~~~~~~~~~~~~~~~~~~~~~~~~~~~~~[m[K
In file included from [01m[K/home/humble/ros2_control/src/my_robot_hardware/include/my_robot_hardware/mobile_base_hardware_interface.hpp:4[m[K,
                 from [01m[K/home/humble/ros2_control/src/my_robot_hardware/src/mobile_base_hardware_interface.cpp:1[m[K:
[01m[K/opt/ros/humble/include/hardware_interface/system_interface.hpp:204:8:[m[K [01;36m[Knote: [m[Kcandidate: ‘[01m[Kvoid hardware_interface::SystemInterface::set_state(const rclcpp_lifecycle::State&)[m[K’
  204 |   void [01;36m[Kset_state[m[K(const rclcpp_lifecycle::State & new_state) { lifecycle_state_ = new_state; }
      |        [01;36m[K^~~~~~~~~[m[K
[01m[K/opt/ros/humble/include/hardware_interface/system_interface.hpp:204:8:[m[K [01;36m[Knote: [m[K  candidate expects 1 argument, 2 provided
[01m[K/home/humble/ros2_control/src/my_robot_hardware/src/mobile_base_hardware_interface.cpp:53:14:[m[K [01;31m[Kerror: [m[Kno matching function for call to ‘[01m[Kmobile_base_hardware::MobileBaseHardwareInterface::set_state(const char [31], double)[m[K’
   53 |     [01;31m[Kset_state("base_left_wheel_joint/position", 0.0)[m[K;
      |     [01;31m[K~~~~~~~~~^~~~~~~~~~~~~~~~~~~~~~~~~~~~~~~~~~~~~~~[m[K
In file included from [01m[K/home/humble/ros2_control/src/my_robot_hardware/include/my_robot_hardware/mobile_base_hardware_interface.hpp:4[m[K,
                 from [01m[K/home/humble/ros2_control/src/my_robot_hardware/src/mobile_base_hardware_interface.cpp:1[m[K:
[01m[K/opt/ros/humble/include/hardware_interface/system_interface.hpp:204:8:[m[K [01;36m[Knote: [m[Kcandidate: ‘[01m[Kvoid hardware_interface::SystemInterface::set_state(const rclcpp_lifecycle::State&)[m[K’
  204 |   void [01;36m[Kset_state[m[K(const rclcpp_lifecycle::State & new_state) { lifecycle_state_ = new_state; }
      |        [01;36m[K^~~~~~~~~[m[K
[01m[K/opt/ros/humble/include/hardware_interface/system_interface.hpp:204:8:[m[K [01;36m[Knote: [m[K  candidate expects 1 argument, 2 provided
[01m[K/home/humble/ros2_control/src/my_robot_hardware/src/mobile_base_hardware_interface.cpp:54:14:[m[K [01;31m[Kerror: [m[Kno matching function for call to ‘[01m[Kmobile_base_hardware::MobileBaseHardwareInterface::set_state(const char [32], double)[m[K’
   54 |     [01;31m[Kset_state("base_right_wheel_joint/position", 0.0)[m[K;
      |     [01;31m[K~~~~~~~~~^~~~~~~~~~~~~~~~~~~~~~~~~~~~~~~~~~~~~~~~[m[K
In file included from [01m[K/home/humble/ros2_control/src/my_robot_hardware/include/my_robot_hardware/mobile_base_hardware_interface.hpp:4[m[K,
                 from [01m[K/home/humble/ros2_control/src/my_robot_hardware/src/mobile_base_hardware_interface.cpp:1[m[K:
[01m[K/opt/ros/humble/include/hardware_interface/system_interface.hpp:204:8:[m[K [01;36m[Knote: [m[Kcandidate: ‘[01m[Kvoid hardware_interface::SystemInterface::set_state(const rclcpp_lifecycle::State&)[m[K’
  204 |   void [01;36m[Kset_state[m[K(const rclcpp_lifecycle::State & new_state) { lifecycle_state_ = new_state; }
      |        [01;36m[K^~~~~~~~~[m[K
[01m[K/opt/ros/humble/include/hardware_interface/system_interface.hpp:204:8:[m[K [01;36m[Knote: [m[K  candidate expects 1 argument, 2 provided
[01m[K/home/humble/ros2_control/src/my_robot_hardware/src/mobile_base_hardware_interface.cpp:[m[K In member function ‘[01m[Kvirtual hardware_interface::return_type mobile_base_hardware::MobileBaseHardwareInterface::read(const rclcpp::Time&, const rclcpp::Duration&)[m[K’:
[01m[K/home/humble/ros2_control/src/my_robot_hardware/src/mobile_base_hardware_interface.cpp:77:14:[m[K [01;31m[Kerror: [m[Kno matching function for call to ‘[01m[Kmobile_base_hardware::MobileBaseHardwareInterface::set_state(const char [31], double&)[m[K’
   77 |     [01;31m[Kset_state("base_left_wheel_joint/velocity", left_vel)[m[K;
      |     [01;31m[K~~~~~~~~~^~~~~~~~~~~~~~~~~~~~~~~~~~~~~~~~~~~~~~~~~~~~[m[K
In file included from [01m[K/home/humble/ros2_control/src/my_robot_hardware/include/my_robot_hardware/mobile_base_hardware_interface.hpp:4[m[K,
                 from [01m[K/home/humble/ros2_control/src/my_robot_hardware/src/mobile_base_hardware_interface.cpp:1[m[K:
[01m[K/opt/ros/humble/include/hardware_interface/system_interface.hpp:204:8:[m[K [01;36m[Knote: [m[Kcandidate: ‘[01m[Kvoid hardware_interface::SystemInterface::set_state(const rclcpp_lifecycle::State&)[m[K’
  204 |   void [01;36m[Kset_state[m[K(const rclcpp_lifecycle::State & new_state) { lifecycle_state_ = new_state; }
      |        [01;36m[K^~~~~~~~~[m[K
[01m[K/opt/ros/humble/include/hardware_interface/system_interface.hpp:204:8:[m[K [01;36m[Knote: [m[K  candidate expects 1 argument, 2 provided
[01m[K/home/humble/ros2_control/src/my_robot_hardware/src/mobile_base_hardware_interface.cpp:78:14:[m[K [01;31m[Kerror: [m[Kno matching function for call to ‘[01m[Kmobile_base_hardware::MobileBaseHardwareInterface::set_state(const char [32], double&)[m[K’
   78 |     [01;31m[Kset_state("base_right_wheel_joint/velocity", right_vel)[m[K;
      |     [01;31m[K~~~~~~~~~^~~~~~~~~~~~~~~~~~~~~~~~~~~~~~~~~~~~~~~~~~~~~~[m[K
In file included from [01m[K/home/humble/ros2_control/src/my_robot_hardware/include/my_robot_hardware/mobile_base_hardware_interface.hpp:4[m[K,
                 from [01m[K/home/humble/ros2_control/src/my_robot_hardware/src/mobile_base_hardware_interface.cpp:1[m[K:
[01m[K/opt/ros/humble/include/hardware_interface/system_interface.hpp:204:8:[m[K [01;36m[Knote: [m[Kcandidate: ‘[01m[Kvoid hardware_interface::SystemInterface::set_state(const rclcpp_lifecycle::State&)[m[K’
  204 |   void [01;36m[Kset_state[m[K(const rclcpp_lifecycle::State & new_state) { lifecycle_state_ = new_state; }
      |        [01;36m[K^~~~~~~~~[m[K
[01m[K/opt/ros/humble/include/hardware_interface/system_interface.hpp:204:8:[m[K [01;36m[Knote: [m[K  candidate expects 1 argument, 2 provided
[01m[K/home/humble/ros2_control/src/my_robot_hardware/src/mobile_base_hardware_interface.cpp:79:58:[m[K [01;31m[Kerror: [m[Kno matching function for call to ‘[01m[Kmobile_base_hardware::MobileBaseHardwareInterface::get_state(const char [31])[m[K’
   79 |     set_state("base_left_wheel_joint/position", [01;31m[Kget_state("base_left_wheel_joint/position")[m[K + left_vel * period.seconds());
      |                                                 [01;31m[K~~~~~~~~~^~~~~~~~~~~~~~~~~~~~~~~~~~~~~~~~~~[m[K
In file included from [01m[K/home/humble/ros2_control/src/my_robot_hardware/include/my_robot_hardware/mobile_base_hardware_interface.hpp:4[m[K,
                 from [01m[K/home/humble/ros2_control/src/my_robot_hardware/src/mobile_base_hardware_interface.cpp:1[m[K:
[01m[K/opt/ros/humble/include/hardware_interface/system_interface.hpp:198:35:[m[K [01;36m[Knote: [m[Kcandidate: ‘[01m[Kconst rclcpp_lifecycle::State& hardware_interface::SystemInterface::get_state() const[m[K’
  198 |   const rclcpp_lifecycle::State & [01;36m[Kget_state[m[K() const { return lifecycle_state_; }
      |                                   [01;36m[K^~~~~~~~~[m[K
[01m[K/opt/ros/humble/include/hardware_interface/system_interface.hpp:198:35:[m[K [01;36m[Knote: [m[K  candidate expects 0 arguments, 1 provided
[01m[K/home/humble/ros2_control/src/my_robot_hardware/src/mobile_base_hardware_interface.cpp:80:59:[m[K [01;31m[Kerror: [m[Kno matching function for call to ‘[01m[Kmobile_base_hardware::MobileBaseHardwareInterface::get_state(const char [32])[m[K’
   80 |     set_state("base_right_wheel_joint/position", [01;31m[Kget_state("base_right_wheel_joint/position")[m[K + right_vel * period.seconds());
      |                                                  [01;31m[K~~~~~~~~~^~~~~~~~~~~~~~~~~~~~~~~~~~~~~~~~~~~[m[K
In file included from [01m[K/home/humble/ros2_control/src/my_robot_hardware/include/my_robot_hardware/mobile_base_hardware_interface.hpp:4[m[K,
                 from [01m[K/home/humble/ros2_control/src/my_robot_hardware/src/mobile_base_hardware_interface.cpp:1[m[K:
[01m[K/opt/ros/humble/include/hardware_interface/system_interface.hpp:198:35:[m[K [01;36m[Knote: [m[Kcandidate: ‘[01m[Kconst rclcpp_lifecycle::State& hardware_interface::SystemInterface::get_state() const[m[K’
  198 |   const rclcpp_lifecycle::State & [01;36m[Kget_state[m[K() const { return lifecycle_state_; }
      |                                   [01;36m[K^~~~~~~~~[m[K
[01m[K/opt/ros/humble/include/hardware_interface/system_interface.hpp:198:35:[m[K [01;36m[Knote: [m[K  candidate expects 0 arguments, 1 provided
[01m[K/home/humble/ros2_control/src/my_robot_hardware/src/mobile_base_hardware_interface.cpp:[m[K In member function ‘[01m[Kvirtual hardware_interface::return_type mobile_base_hardware::MobileBaseHardwareInterface::write(const rclcpp::Time&, const rclcpp::Duration&)[m[K’:
[01m[K/home/humble/ros2_control/src/my_robot_hardware/src/mobile_base_hardware_interface.cpp:91:60:[m[K [01;31m[Kerror: [m[K‘[01m[Kget_command[m[K’ was not declared in this scope
   91 |     driver_->setTargetVelocityRadianPerSec(left_motor_id_, [01;31m[Kget_command[m[K("base_left_wheel_joint/velocity"));
      |                                                            [01;31m[K^~~~~~~~~~~[m[K
In file included from [01m[K/opt/ros/humble/include/class_loader/class_loader/class_loader_core.hpp:57[m[K,
                 from [01m[K/opt/ros/humble/include/class_loader/class_loader/class_loader.hpp:55[m[K,
                 from [01m[K/opt/ros/humble/include/pluginlib/pluginlib/class_list_macros.hpp:40[m[K,
                 from [01m[K/home/humble/ros2_control/src/my_robot_hardware/src/mobile_base_hardware_interface.cpp:100[m[K:
/opt/ros/humble/include/class_loader/class_loader/meta_object.hpp: In instantiation of ‘[01m[KB* class_loader::impl::MetaObject<C, B>::create() const [with C = mobile_base_hardware::MobileBaseHardwareInterface; B = hardware_interface::SystemInterface][m[K’:
[01m[K/opt/ros/humble/include/class_loader/class_loader/meta_object.hpp:216:7:[m[K   required from here
[01m[K/opt/ros/humble/include/class_loader/class_loader/meta_object.hpp:218:12:[m[K [01;31m[Kerror: [m[Kinvalid new-expression of abstract class type ‘[01m[Kmobile_base_hardware::MobileBaseHardwareInterface[m[K’
  218 |     return [01;31m[Knew C[m[K;
      |            [01;31m[K^~~~~[m[K
In file included from [01m[K/home/humble/ros2_control/src/my_robot_hardware/src/mobile_base_hardware_interface.cpp:1[m[K:
[01m[K/home/humble/ros2_control/src/my_robot_hardware/include/my_robot_hardware/mobile_base_hardware_interface.hpp:9:7:[m[K [01;36m[Knote: [m[K  because the following virtual functions are pure within ‘[01m[Kmobile_base_hardware::MobileBaseHardwareInterface[m[K’:
    9 | class [01;36m[KMobileBaseHardwareInterface[m[K : public hardware_interface::SystemInterface
      |       [01;36m[K^~~~~~~~~~~~~~~~~~~~~~~~~~~[m[K
In file included from [01m[K/home/humble/ros2_control/src/my_robot_hardware/include/my_robot_hardware/mobile_base_hardware_interface.hpp:4[m[K,
                 from [01m[K/home/humble/ros2_control/src/my_robot_hardware/src/mobile_base_hardware_interface.cpp:1[m[K:
[01m[K/opt/ros/humble/include/hardware_interface/system_interface.hpp:113:39:[m[K [01;36m[Knote: [m[K    ‘[01m[Kvirtual std::vector<hardware_interface::StateInterface> hardware_interface::SystemInterface::export_state_interfaces()[m[K’
  113 |   virtual std::vector<StateInterface> [01;36m[Kexport_state_interfaces[m[K() = 0;
      |                                       [01;36m[K^~~~~~~~~~~~~~~~~~~~~~~[m[K
[01m[K/opt/ros/humble/include/hardware_interface/system_interface.hpp:124:41:[m[K [01;36m[Knote: [m[K    ‘[01m[Kvirtual std::vector<hardware_interface::CommandInterface> hardware_interface::SystemInterface::export_command_interfaces()[m[K’
  124 |   virtual std::vector<CommandInterface> [01;36m[Kexport_command_interfaces[m[K() = 0;
      |                                         [01;36m[K^~~~~~~~~~~~~~~~~~~~~~~~~[m[K
gmake[2]: *** [CMakeFiles/my_robot_hardware.dir/build.make:76：CMakeFiles/my_robot_hardware.dir/src/mobile_base_hardware_interface.cpp.o] 错误 1
gmake[1]: *** [CMakeFiles/Makefile2:137：CMakeFiles/my_robot_hardware.dir/all] 错误 2
gmake: *** [Makefile:146：all] 错误 2
