[0.011s] Invoking command in '/home/humble/ros2_control/build/my_robot_hardware': CMAKE_PREFIX_PATH=/opt/ros/humble /usr/bin/cmake /home/humble/ros2_control/src/my_robot_hardware -DCMAKE_INSTALL_PREFIX=/home/humble/ros2_control/install/my_robot_hardware
[0.085s] -- The C compiler identification is GNU 11.4.0
[0.150s] -- The CXX compiler identification is GNU 11.4.0
[0.158s] -- Detecting C compiler ABI info
[0.225s] -- Detecting C compiler ABI info - done
[0.231s] -- Check for working C compiler: /usr/bin/cc - skipped
[0.231s] -- Detecting C compile features
[0.232s] -- Detecting C compile features - done
[0.234s] -- Detecting CXX compiler ABI info
[0.310s] -- Detecting CXX compiler ABI info - done
[0.316s] -- Check for working CXX compiler: /usr/bin/c++ - skipped
[0.317s] -- Detecting CXX compile features
[0.317s] -- Detecting CXX compile features - done
[0.322s] -- Found ament_cmake: 1.3.11 (/opt/ros/humble/share/ament_cmake/cmake)
[0.462s] -- Found Python3: /usr/bin/python3 (found version "3.10.12") found components: Interpreter 
[0.541s] -- Found rclcpp: 16.0.11 (/opt/ros/humble/share/rclcpp/cmake)
[0.580s] -- Found rosidl_generator_c: 3.1.6 (/opt/ros/humble/share/rosidl_generator_c/cmake)
[0.585s] -- Found rosidl_adapter: 3.1.6 (/opt/ros/humble/share/rosidl_adapter/cmake)
[0.592s] -- Found rosidl_generator_cpp: 3.1.6 (/opt/ros/humble/share/rosidl_generator_cpp/cmake)
[0.604s] -- Using all available rosidl_typesupport_c: rosidl_typesupport_fastrtps_c;rosidl_typesupport_introspection_c
[0.619s] -- Using all available rosidl_typesupport_cpp: rosidl_typesupport_fastrtps_cpp;rosidl_typesupport_introspection_cpp
[0.656s] -- Found rmw_implementation_cmake: 6.1.2 (/opt/ros/humble/share/rmw_implementation_cmake/cmake)
[0.659s] -- Found rmw_cyclonedds_cpp: 1.3.4 (/opt/ros/humble/share/rmw_cyclonedds_cpp/cmake)
[0.675s] -- Using RMW implementation 'rmw_cyclonedds_cpp' as default
[0.683s] -- Looking for pthread.h
[0.753s] -- Looking for pthread.h - found
[0.753s] -- Performing Test CMAKE_HAVE_LIBC_PTHREAD
[0.820s] -- Performing Test CMAKE_HAVE_LIBC_PTHREAD - Success
[0.821s] -- Found Threads: TRUE  
[0.863s] -- Found rclcpp_lifecycle: 16.0.11 (/opt/ros/humble/share/rclcpp_lifecycle/cmake)
[0.879s] -- Found hardware_interface: 2.48.0 (/opt/ros/humble/share/hardware_interface/cmake)
[1.001s] -- Found dynamixel_sdk: 3.7.60 (/opt/ros/humble/share/dynamixel_sdk/cmake)
[1.059s] -- Configuring done
[1.103s] -- Generating done
[1.109s] -- Build files have been written to: /home/humble/ros2_control/build/my_robot_hardware
[1.118s] Invoked command in '/home/humble/ros2_control/build/my_robot_hardware' returned '0': CMAKE_PREFIX_PATH=/opt/ros/humble /usr/bin/cmake /home/humble/ros2_control/src/my_robot_hardware -DCMAKE_INSTALL_PREFIX=/home/humble/ros2_control/install/my_robot_hardware
[1.119s] Invoking command in '/home/humble/ros2_control/build/my_robot_hardware': CMAKE_PREFIX_PATH=/opt/ros/humble /usr/bin/cmake --build /home/humble/ros2_control/build/my_robot_hardware -- -j16 -l16
[1.169s] [ 50%] [32mBuilding CXX object CMakeFiles/my_robot_hardware.dir/src/mobile_base_hardware_interface.cpp.o[0m
[1.711s] [01m[K/home/humble/ros2_control/src/my_robot_hardware/src/mobile_base_hardware_interface.cpp:[m[K In member function ‘[01m[Kvirtual hardware_interface::CallbackReturn mobile_base_hardware::MobileBaseHardwareInterface::on_activate(const rclcpp_lifecycle::State&)[m[K’:
[1.711s] [01m[K/home/humble/ros2_control/src/my_robot_hardware/src/mobile_base_hardware_interface.cpp:51:14:[m[K [01;31m[Kerror: [m[Kno matching function for call to ‘[01m[Kmobile_base_hardware::MobileBaseHardwareInterface::set_state(const char [31], double)[m[K’
[1.711s]    51 |     [01;31m[Kset_state("base_left_wheel_joint/velocity", 0.0)[m[K;
[1.712s]       |     [01;31m[K~~~~~~~~~^~~~~~~~~~~~~~~~~~~~~~~~~~~~~~~~~~~~~~~[m[K
[1.712s] In file included from [01m[K/home/humble/ros2_control/src/my_robot_hardware/include/my_robot_hardware/mobile_base_hardware_interface.hpp:4[m[K,
[1.712s]                  from [01m[K/home/humble/ros2_control/src/my_robot_hardware/src/mobile_base_hardware_interface.cpp:1[m[K:
[1.712s] [01m[K/opt/ros/humble/include/hardware_interface/system_interface.hpp:204:8:[m[K [01;36m[Knote: [m[Kcandidate: ‘[01m[Kvoid hardware_interface::SystemInterface::set_state(const rclcpp_lifecycle::State&)[m[K’
[1.712s]   204 |   void [01;36m[Kset_state[m[K(const rclcpp_lifecycle::State & new_state) { lifecycle_state_ = new_state; }
[1.712s]       |        [01;36m[K^~~~~~~~~[m[K
[1.712s] [01m[K/opt/ros/humble/include/hardware_interface/system_interface.hpp:204:8:[m[K [01;36m[Knote: [m[K  candidate expects 1 argument, 2 provided
[1.712s] [01m[K/home/humble/ros2_control/src/my_robot_hardware/src/mobile_base_hardware_interface.cpp:52:14:[m[K [01;31m[Kerror: [m[Kno matching function for call to ‘[01m[Kmobile_base_hardware::MobileBaseHardwareInterface::set_state(const char [32], double)[m[K’
[1.712s]    52 |     [01;31m[Kset_state("base_right_wheel_joint/velocity", 0.0)[m[K;
[1.712s]       |     [01;31m[K~~~~~~~~~^~~~~~~~~~~~~~~~~~~~~~~~~~~~~~~~~~~~~~~~[m[K
[1.712s] In file included from [01m[K/home/humble/ros2_control/src/my_robot_hardware/include/my_robot_hardware/mobile_base_hardware_interface.hpp:4[m[K,
[1.712s]                  from [01m[K/home/humble/ros2_control/src/my_robot_hardware/src/mobile_base_hardware_interface.cpp:1[m[K:
[1.712s] [01m[K/opt/ros/humble/include/hardware_interface/system_interface.hpp:204:8:[m[K [01;36m[Knote: [m[Kcandidate: ‘[01m[Kvoid hardware_interface::SystemInterface::set_state(const rclcpp_lifecycle::State&)[m[K’
[1.712s]   204 |   void [01;36m[Kset_state[m[K(const rclcpp_lifecycle::State & new_state) { lifecycle_state_ = new_state; }
[1.712s]       |        [01;36m[K^~~~~~~~~[m[K
[1.713s] [01m[K/opt/ros/humble/include/hardware_interface/system_interface.hpp:204:8:[m[K [01;36m[Knote: [m[K  candidate expects 1 argument, 2 provided
[1.713s] [01m[K/home/humble/ros2_control/src/my_robot_hardware/src/mobile_base_hardware_interface.cpp:53:14:[m[K [01;31m[Kerror: [m[Kno matching function for call to ‘[01m[Kmobile_base_hardware::MobileBaseHardwareInterface::set_state(const char [31], double)[m[K’
[1.713s]    53 |     [01;31m[Kset_state("base_left_wheel_joint/position", 0.0)[m[K;
[1.713s]       |     [01;31m[K~~~~~~~~~^~~~~~~~~~~~~~~~~~~~~~~~~~~~~~~~~~~~~~~[m[K
[1.713s] In file included from [01m[K/home/humble/ros2_control/src/my_robot_hardware/include/my_robot_hardware/mobile_base_hardware_interface.hpp:4[m[K,
[1.713s]                  from [01m[K/home/humble/ros2_control/src/my_robot_hardware/src/mobile_base_hardware_interface.cpp:1[m[K:
[1.713s] [01m[K/opt/ros/humble/include/hardware_interface/system_interface.hpp:204:8:[m[K [01;36m[Knote: [m[Kcandidate: ‘[01m[Kvoid hardware_interface::SystemInterface::set_state(const rclcpp_lifecycle::State&)[m[K’
[1.713s]   204 |   void [01;36m[Kset_state[m[K(const rclcpp_lifecycle::State & new_state) { lifecycle_state_ = new_state; }
[1.713s]       |        [01;36m[K^~~~~~~~~[m[K
[1.713s] [01m[K/opt/ros/humble/include/hardware_interface/system_interface.hpp:204:8:[m[K [01;36m[Knote: [m[K  candidate expects 1 argument, 2 provided
[1.713s] [01m[K/home/humble/ros2_control/src/my_robot_hardware/src/mobile_base_hardware_interface.cpp:54:14:[m[K [01;31m[Kerror: [m[Kno matching function for call to ‘[01m[Kmobile_base_hardware::MobileBaseHardwareInterface::set_state(const char [32], double)[m[K’
[1.713s]    54 |     [01;31m[Kset_state("base_right_wheel_joint/position", 0.0)[m[K;
[1.713s]       |     [01;31m[K~~~~~~~~~^~~~~~~~~~~~~~~~~~~~~~~~~~~~~~~~~~~~~~~~[m[K
[1.713s] In file included from [01m[K/home/humble/ros2_control/src/my_robot_hardware/include/my_robot_hardware/mobile_base_hardware_interface.hpp:4[m[K,
[1.713s]                  from [01m[K/home/humble/ros2_control/src/my_robot_hardware/src/mobile_base_hardware_interface.cpp:1[m[K:
[1.713s] [01m[K/opt/ros/humble/include/hardware_interface/system_interface.hpp:204:8:[m[K [01;36m[Knote: [m[Kcandidate: ‘[01m[Kvoid hardware_interface::SystemInterface::set_state(const rclcpp_lifecycle::State&)[m[K’
[1.713s]   204 |   void [01;36m[Kset_state[m[K(const rclcpp_lifecycle::State & new_state) { lifecycle_state_ = new_state; }
[1.713s]       |        [01;36m[K^~~~~~~~~[m[K
[1.713s] [01m[K/opt/ros/humble/include/hardware_interface/system_interface.hpp:204:8:[m[K [01;36m[Knote: [m[K  candidate expects 1 argument, 2 provided
[1.713s] [01m[K/home/humble/ros2_control/src/my_robot_hardware/src/mobile_base_hardware_interface.cpp:[m[K In member function ‘[01m[Kvirtual hardware_interface::return_type mobile_base_hardware::MobileBaseHardwareInterface::read(const rclcpp::Time&, const rclcpp::Duration&)[m[K’:
[1.713s] [01m[K/home/humble/ros2_control/src/my_robot_hardware/src/mobile_base_hardware_interface.cpp:77:14:[m[K [01;31m[Kerror: [m[Kno matching function for call to ‘[01m[Kmobile_base_hardware::MobileBaseHardwareInterface::set_state(const char [31], double&)[m[K’
[1.714s]    77 |     [01;31m[Kset_state("base_left_wheel_joint/velocity", left_vel)[m[K;
[1.714s]       |     [01;31m[K~~~~~~~~~^~~~~~~~~~~~~~~~~~~~~~~~~~~~~~~~~~~~~~~~~~~~[m[K
[1.714s] In file included from [01m[K/home/humble/ros2_control/src/my_robot_hardware/include/my_robot_hardware/mobile_base_hardware_interface.hpp:4[m[K,
[1.714s]                  from [01m[K/home/humble/ros2_control/src/my_robot_hardware/src/mobile_base_hardware_interface.cpp:1[m[K:
[1.714s] [01m[K/opt/ros/humble/include/hardware_interface/system_interface.hpp:204:8:[m[K [01;36m[Knote: [m[Kcandidate: ‘[01m[Kvoid hardware_interface::SystemInterface::set_state(const rclcpp_lifecycle::State&)[m[K’
[1.714s]   204 |   void [01;36m[Kset_state[m[K(const rclcpp_lifecycle::State & new_state) { lifecycle_state_ = new_state; }
[1.714s]       |        [01;36m[K^~~~~~~~~[m[K
[1.714s] [01m[K/opt/ros/humble/include/hardware_interface/system_interface.hpp:204:8:[m[K [01;36m[Knote: [m[K  candidate expects 1 argument, 2 provided
[1.714s] [01m[K/home/humble/ros2_control/src/my_robot_hardware/src/mobile_base_hardware_interface.cpp:78:14:[m[K [01;31m[Kerror: [m[Kno matching function for call to ‘[01m[Kmobile_base_hardware::MobileBaseHardwareInterface::set_state(const char [32], double&)[m[K’
[1.714s]    78 |     [01;31m[Kset_state("base_right_wheel_joint/velocity", right_vel)[m[K;
[1.714s]       |     [01;31m[K~~~~~~~~~^~~~~~~~~~~~~~~~~~~~~~~~~~~~~~~~~~~~~~~~~~~~~~[m[K
[1.714s] In file included from [01m[K/home/humble/ros2_control/src/my_robot_hardware/include/my_robot_hardware/mobile_base_hardware_interface.hpp:4[m[K,
[1.714s]                  from [01m[K/home/humble/ros2_control/src/my_robot_hardware/src/mobile_base_hardware_interface.cpp:1[m[K:
[1.714s] [01m[K/opt/ros/humble/include/hardware_interface/system_interface.hpp:204:8:[m[K [01;36m[Knote: [m[Kcandidate: ‘[01m[Kvoid hardware_interface::SystemInterface::set_state(const rclcpp_lifecycle::State&)[m[K’
[1.714s]   204 |   void [01;36m[Kset_state[m[K(const rclcpp_lifecycle::State & new_state) { lifecycle_state_ = new_state; }
[1.714s]       |        [01;36m[K^~~~~~~~~[m[K
[1.714s] [01m[K/opt/ros/humble/include/hardware_interface/system_interface.hpp:204:8:[m[K [01;36m[Knote: [m[K  candidate expects 1 argument, 2 provided
[1.714s] [01m[K/home/humble/ros2_control/src/my_robot_hardware/src/mobile_base_hardware_interface.cpp:79:58:[m[K [01;31m[Kerror: [m[Kno matching function for call to ‘[01m[Kmobile_base_hardware::MobileBaseHardwareInterface::get_state(const char [31])[m[K’
[1.714s]    79 |     set_state("base_left_wheel_joint/position", [01;31m[Kget_state("base_left_wheel_joint/position")[m[K + left_vel * period.seconds());
[1.714s]       |                                                 [01;31m[K~~~~~~~~~^~~~~~~~~~~~~~~~~~~~~~~~~~~~~~~~~~[m[K
[1.714s] In file included from [01m[K/home/humble/ros2_control/src/my_robot_hardware/include/my_robot_hardware/mobile_base_hardware_interface.hpp:4[m[K,
[1.715s]                  from [01m[K/home/humble/ros2_control/src/my_robot_hardware/src/mobile_base_hardware_interface.cpp:1[m[K:
[1.715s] [01m[K/opt/ros/humble/include/hardware_interface/system_interface.hpp:198:35:[m[K [01;36m[Knote: [m[Kcandidate: ‘[01m[Kconst rclcpp_lifecycle::State& hardware_interface::SystemInterface::get_state() const[m[K’
[1.715s]   198 |   const rclcpp_lifecycle::State & [01;36m[Kget_state[m[K() const { return lifecycle_state_; }
[1.715s]       |                                   [01;36m[K^~~~~~~~~[m[K
[1.715s] [01m[K/opt/ros/humble/include/hardware_interface/system_interface.hpp:198:35:[m[K [01;36m[Knote: [m[K  candidate expects 0 arguments, 1 provided
[1.715s] [01m[K/home/humble/ros2_control/src/my_robot_hardware/src/mobile_base_hardware_interface.cpp:80:59:[m[K [01;31m[Kerror: [m[Kno matching function for call to ‘[01m[Kmobile_base_hardware::MobileBaseHardwareInterface::get_state(const char [32])[m[K’
[1.715s]    80 |     set_state("base_right_wheel_joint/position", [01;31m[Kget_state("base_right_wheel_joint/position")[m[K + right_vel * period.seconds());
[1.715s]       |                                                  [01;31m[K~~~~~~~~~^~~~~~~~~~~~~~~~~~~~~~~~~~~~~~~~~~~[m[K
[1.715s] In file included from [01m[K/home/humble/ros2_control/src/my_robot_hardware/include/my_robot_hardware/mobile_base_hardware_interface.hpp:4[m[K,
[1.715s]                  from [01m[K/home/humble/ros2_control/src/my_robot_hardware/src/mobile_base_hardware_interface.cpp:1[m[K:
[1.715s] [01m[K/opt/ros/humble/include/hardware_interface/system_interface.hpp:198:35:[m[K [01;36m[Knote: [m[Kcandidate: ‘[01m[Kconst rclcpp_lifecycle::State& hardware_interface::SystemInterface::get_state() const[m[K’
[1.715s]   198 |   const rclcpp_lifecycle::State & [01;36m[Kget_state[m[K() const { return lifecycle_state_; }
[1.715s]       |                                   [01;36m[K^~~~~~~~~[m[K
[1.715s] [01m[K/opt/ros/humble/include/hardware_interface/system_interface.hpp:198:35:[m[K [01;36m[Knote: [m[K  candidate expects 0 arguments, 1 provided
[1.715s] [01m[K/home/humble/ros2_control/src/my_robot_hardware/src/mobile_base_hardware_interface.cpp:[m[K In member function ‘[01m[Kvirtual hardware_interface::return_type mobile_base_hardware::MobileBaseHardwareInterface::write(const rclcpp::Time&, const rclcpp::Duration&)[m[K’:
[1.716s] [01m[K/home/humble/ros2_control/src/my_robot_hardware/src/mobile_base_hardware_interface.cpp:91:60:[m[K [01;31m[Kerror: [m[K‘[01m[Kget_command[m[K’ was not declared in this scope
[1.716s]    91 |     driver_->setTargetVelocityRadianPerSec(left_motor_id_, [01;31m[Kget_command[m[K("base_left_wheel_joint/velocity"));
[1.716s]       |                                                            [01;31m[K^~~~~~~~~~~[m[K
[1.853s] In file included from [01m[K/opt/ros/humble/include/class_loader/class_loader/class_loader_core.hpp:57[m[K,
[1.853s]                  from [01m[K/opt/ros/humble/include/class_loader/class_loader/class_loader.hpp:55[m[K,
[1.853s]                  from [01m[K/opt/ros/humble/include/pluginlib/pluginlib/class_list_macros.hpp:40[m[K,
[1.854s]                  from [01m[K/home/humble/ros2_control/src/my_robot_hardware/src/mobile_base_hardware_interface.cpp:100[m[K:
[1.854s] /opt/ros/humble/include/class_loader/class_loader/meta_object.hpp: In instantiation of ‘[01m[KB* class_loader::impl::MetaObject<C, B>::create() const [with C = mobile_base_hardware::MobileBaseHardwareInterface; B = hardware_interface::SystemInterface][m[K’:
[1.854s] [01m[K/opt/ros/humble/include/class_loader/class_loader/meta_object.hpp:216:7:[m[K   required from here
[1.854s] [01m[K/opt/ros/humble/include/class_loader/class_loader/meta_object.hpp:218:12:[m[K [01;31m[Kerror: [m[Kinvalid new-expression of abstract class type ‘[01m[Kmobile_base_hardware::MobileBaseHardwareInterface[m[K’
[1.854s]   218 |     return [01;31m[Knew C[m[K;
[1.854s]       |            [01;31m[K^~~~~[m[K
[1.854s] In file included from [01m[K/home/humble/ros2_control/src/my_robot_hardware/src/mobile_base_hardware_interface.cpp:1[m[K:
[1.854s] [01m[K/home/humble/ros2_control/src/my_robot_hardware/include/my_robot_hardware/mobile_base_hardware_interface.hpp:9:7:[m[K [01;36m[Knote: [m[K  because the following virtual functions are pure within ‘[01m[Kmobile_base_hardware::MobileBaseHardwareInterface[m[K’:
[1.854s]     9 | class [01;36m[KMobileBaseHardwareInterface[m[K : public hardware_interface::SystemInterface
[1.854s]       |       [01;36m[K^~~~~~~~~~~~~~~~~~~~~~~~~~~[m[K
[1.854s] In file included from [01m[K/home/humble/ros2_control/src/my_robot_hardware/include/my_robot_hardware/mobile_base_hardware_interface.hpp:4[m[K,
[1.854s]                  from [01m[K/home/humble/ros2_control/src/my_robot_hardware/src/mobile_base_hardware_interface.cpp:1[m[K:
[1.854s] [01m[K/opt/ros/humble/include/hardware_interface/system_interface.hpp:113:39:[m[K [01;36m[Knote: [m[K    ‘[01m[Kvirtual std::vector<hardware_interface::StateInterface> hardware_interface::SystemInterface::export_state_interfaces()[m[K’
[1.854s]   113 |   virtual std::vector<StateInterface> [01;36m[Kexport_state_interfaces[m[K() = 0;
[1.854s]       |                                       [01;36m[K^~~~~~~~~~~~~~~~~~~~~~~[m[K
[1.854s] [01m[K/opt/ros/humble/include/hardware_interface/system_interface.hpp:124:41:[m[K [01;36m[Knote: [m[K    ‘[01m[Kvirtual std::vector<hardware_interface::CommandInterface> hardware_interface::SystemInterface::export_command_interfaces()[m[K’
[1.854s]   124 |   virtual std::vector<CommandInterface> [01;36m[Kexport_command_interfaces[m[K() = 0;
[1.854s]       |                                         [01;36m[K^~~~~~~~~~~~~~~~~~~~~~~~~[m[K
[1.891s] gmake[2]: *** [CMakeFiles/my_robot_hardware.dir/build.make:76：CMakeFiles/my_robot_hardware.dir/src/mobile_base_hardware_interface.cpp.o] 错误 1
[1.891s] gmake[1]: *** [CMakeFiles/Makefile2:137：CMakeFiles/my_robot_hardware.dir/all] 错误 2
[1.892s] gmake: *** [Makefile:146：all] 错误 2
[1.894s] Invoked command in '/home/humble/ros2_control/build/my_robot_hardware' returned '2': CMAKE_PREFIX_PATH=/opt/ros/humble /usr/bin/cmake --build /home/humble/ros2_control/build/my_robot_hardware -- -j16 -l16
