[0.007s] Invoking command in '/home/humble/ros2_control/build/my_robot_bringup': AMENT_PREFIX_PATH=/home/humble/ros2_control/install/bbot_description:${AMENT_PREFIX_PATH} CMAKE_PREFIX_PATH=/home/humble/ros2_control/install/bbot_description:/opt/ros/humble /usr/bin/cmake /home/humble/ros2_control/src/my_robot_bringup -DCMAKE_INSTALL_PREFIX=/home/humble/ros2_control/install/my_robot_bringup
[0.018s] -- Found ament_cmake: 1.3.11 (/opt/ros/humble/share/ament_cmake/cmake)
[0.115s] -- Override CMake install command with custom implementation using symlinks instead of copying resources
[0.173s] -- Configuring done
[0.175s] -- Generating done
[0.177s] -- Build files have been written to: /home/humble/ros2_control/build/my_robot_bringup
[0.180s] Invoked command in '/home/humble/ros2_control/build/my_robot_bringup' returned '0': AMENT_PREFIX_PATH=/home/humble/ros2_control/install/bbot_description:${AMENT_PREFIX_PATH} CMAKE_PREFIX_PATH=/home/humble/ros2_control/install/bbot_description:/opt/ros/humble /usr/bin/cmake /home/humble/ros2_control/src/my_robot_bringup -DCMAKE_INSTALL_PREFIX=/home/humble/ros2_control/install/my_robot_bringup
[0.181s] Invoking command in '/home/humble/ros2_control/build/my_robot_bringup': AMENT_PREFIX_PATH=/home/humble/ros2_control/install/bbot_description:${AMENT_PREFIX_PATH} CMAKE_PREFIX_PATH=/home/humble/ros2_control/install/bbot_description:/opt/ros/humble /usr/bin/cmake --build /home/humble/ros2_control/build/my_robot_bringup -- -j16 -l16
[0.218s] Invoked command in '/home/humble/ros2_control/build/my_robot_bringup' returned '0': AMENT_PREFIX_PATH=/home/humble/ros2_control/install/bbot_description:${AMENT_PREFIX_PATH} CMAKE_PREFIX_PATH=/home/humble/ros2_control/install/bbot_description:/opt/ros/humble /usr/bin/cmake --build /home/humble/ros2_control/build/my_robot_bringup -- -j16 -l16
[0.219s] Invoking command in '/home/humble/ros2_control/build/my_robot_bringup': AMENT_PREFIX_PATH=/home/humble/ros2_control/install/bbot_description:${AMENT_PREFIX_PATH} CMAKE_PREFIX_PATH=/home/humble/ros2_control/install/bbot_description:/opt/ros/humble /usr/bin/cmake --install /home/humble/ros2_control/build/my_robot_bringup
[0.227s] -- Install configuration: ""
[0.227s] -- Execute custom install script
[0.227s] -- Up-to-date symlink: /home/humble/ros2_control/install/my_robot_bringup/share/my_robot_bringup//config/my_robot_controllers.yaml
[0.227s] -- Up-to-date symlink: /home/humble/ros2_control/install/my_robot_bringup/share/my_robot_bringup//launch/my_robot.launch copy.py
[0.227s] -- Up-to-date symlink: /home/humble/ros2_control/install/my_robot_bringup/share/my_robot_bringup//launch/my_robot.launch.py
[0.228s] -- Up-to-date symlink: /home/humble/ros2_control/install/my_robot_bringup/share/ament_index/resource_index/package_run_dependencies/my_robot_bringup
[0.228s] -- Up-to-date symlink: /home/humble/ros2_control/install/my_robot_bringup/share/ament_index/resource_index/parent_prefix_path/my_robot_bringup
[0.228s] -- Up-to-date symlink: /home/humble/ros2_control/install/my_robot_bringup/share/my_robot_bringup/environment/ament_prefix_path.sh
[0.228s] -- Up-to-date symlink: /home/humble/ros2_control/install/my_robot_bringup/share/my_robot_bringup/environment/ament_prefix_path.dsv
[0.228s] -- Up-to-date symlink: /home/humble/ros2_control/install/my_robot_bringup/share/my_robot_bringup/environment/path.sh
[0.228s] -- Up-to-date symlink: /home/humble/ros2_control/install/my_robot_bringup/share/my_robot_bringup/environment/path.dsv
[0.228s] -- Up-to-date symlink: /home/humble/ros2_control/install/my_robot_bringup/share/my_robot_bringup/local_setup.bash
[0.228s] -- Up-to-date symlink: /home/humble/ros2_control/install/my_robot_bringup/share/my_robot_bringup/local_setup.sh
[0.229s] -- Up-to-date symlink: /home/humble/ros2_control/install/my_robot_bringup/share/my_robot_bringup/local_setup.zsh
[0.229s] -- Up-to-date symlink: /home/humble/ros2_control/install/my_robot_bringup/share/my_robot_bringup/local_setup.dsv
[0.229s] -- Symlinking: /home/humble/ros2_control/install/my_robot_bringup/share/my_robot_bringup/package.dsv
[0.238s] -- Up-to-date symlink: /home/humble/ros2_control/install/my_robot_bringup/share/ament_index/resource_index/packages/my_robot_bringup
[0.238s] -- Up-to-date symlink: /home/humble/ros2_control/install/my_robot_bringup/share/my_robot_bringup/cmake/my_robot_bringupConfig.cmake
[0.238s] -- Up-to-date symlink: /home/humble/ros2_control/install/my_robot_bringup/share/my_robot_bringup/cmake/my_robot_bringupConfig-version.cmake
[0.238s] -- Up-to-date symlink: /home/humble/ros2_control/install/my_robot_bringup/share/my_robot_bringup/package.xml
[0.240s] Invoked command in '/home/humble/ros2_control/build/my_robot_bringup' returned '0': AMENT_PREFIX_PATH=/home/humble/ros2_control/install/bbot_description:${AMENT_PREFIX_PATH} CMAKE_PREFIX_PATH=/home/humble/ros2_control/install/bbot_description:/opt/ros/humble /usr/bin/cmake --install /home/humble/ros2_control/build/my_robot_bringup
